Checking 83 devnull variants + developer error codes...

   #  CODE  RESULT      HANDLE                     URL
--------------------------------------------------------------------------------------------------------------
[  1/83]   200  TAKEN       d3vnull                    https://robertsspaceindustries.com/en/citizens/d3vnull
[  2/83]   200  TAKEN       devnu11                    https://robertsspaceindustries.com/en/citizens/devnu11
[  3/83]   404  AVAILABLE   devnul1                    https://robertsspaceindustries.com/en/citizens/devnul1
[  4/83]   200  TAKEN       d3vnu11                    https://robertsspaceindustries.com/en/citizens/d3vnu11
[  5/83]   404  AVAILABLE   d3vnul1                    https://robertsspaceindustries.com/en/citizens/d3vnul1
[  6/83]   404  AVAILABLE   devnu1l                    https://robertsspaceindustries.com/en/citizens/devnu1l
[  7/83]   404  AVAILABLE   devnull0                   https://robertsspaceindustries.com/en/citizens/devnull0
[  8/83]   404  AVAILABLE   devnull1                   https://robertsspaceindustries.com/en/citizens/devnull1
[  9/83]   404  AVAILABLE   devnull2                   https://robertsspaceindustries.com/en/citizens/devnull2
[ 10/83]   404  AVAILABLE   devnullx                   https://robertsspaceindustries.com/en/citizens/devnullx
[ 11/83]   404  AVAILABLE   devnullv2                  https://robertsspaceindustries.com/en/citizens/devnullv2
[ 12/83]   404  AVAILABLE   EPERM                      https://robertsspaceindustries.com/en/citizens/EPERM
[ 13/83]   200  TAKEN       ENOENT                     https://robertsspaceindustries.com/en/citizens/ENOENT
[ 14/83]   404  AVAILABLE   ESRCH                      https://robertsspaceindustries.com/en/citizens/ESRCH
[ 15/83]   404  AVAILABLE   EINTR                      https://robertsspaceindustries.com/en/citizens/EINTR
[ 16/83]   404  AVAILABLE   EBADF                      https://robertsspaceindustries.com/en/citizens/EBADF
[ 17/83]   404  AVAILABLE   EAGAIN                     https://robertsspaceindustries.com/en/citizens/EAGAIN
[ 18/83]   404  AVAILABLE   ENOMEM                     https://robertsspaceindustries.com/en/citizens/ENOMEM
[ 19/83]   404  AVAILABLE   EACCES                     https://robertsspaceindustries.com/en/citizens/EACCES
[ 20/83]   404  AVAILABLE   EFAULT                     https://robertsspaceindustries.com/en/citizens/EFAULT
[ 21/83]   404  AVAILABLE   EBUSY                      https://robertsspaceindustries.com/en/citizens/EBUSY
[ 22/83]   404  AVAILABLE   EEXIST                     https://robertsspaceindustries.com/en/citizens/EEXIST
[ 23/83]   200  TAKEN       ENODEV                     https://robertsspaceindustries.com/en/citizens/ENODEV
[ 24/83]   404  AVAILABLE   EINVAL                     https://robertsspaceindustries.com/en/citizens/EINVAL
[ 25/83]   404  AVAILABLE   ENOSPC                     https://robertsspaceindustries.com/en/citizens/ENOSPC
[ 26/83]   404  AVAILABLE   EPIPE                      https://robertsspaceindustries.com/en/citizens/EPIPE
[ 27/83]   404  AVAILABLE   ERANGE                     https://robertsspaceindustries.com/en/citizens/ERANGE
[ 28/83]   404  AVAILABLE   ENOSYS                     https://robertsspaceindustries.com/en/citizens/ENOSYS
[ 29/83]   404  AVAILABLE   ENOTDIR                    https://robertsspaceindustries.com/en/citizens/ENOTDIR
[ 30/83]   404  AVAILABLE   EISDIR                     https://robertsspaceindustries.com/en/citizens/EISDIR
[ 31/83]   404  AVAILABLE   ECONNREFUSED               https://robertsspaceindustries.com/en/citizens/ECONNREFUSED
[ 32/83]   404  AVAILABLE   ETIMEDOUT                  https://robertsspaceindustries.com/en/citizens/ETIMEDOUT
[ 33/83]   404  AVAILABLE   ECONNRESET                 https://robertsspaceindustries.com/en/citizens/ECONNRESET
[ 34/83]   404  AVAILABLE   ENETUNREACH                https://robertsspaceindustries.com/en/citizens/ENETUNREACH
[ 35/83]   404  AVAILABLE   EHOSTUNREACH               https://robertsspaceindustries.com/en/citizens/EHOSTUNREACH
[ 36/83]   200  TAKEN       Http418                    https://robertsspaceindustries.com/en/citizens/Http418
[ 37/83]   200  TAKEN       Teapot418                  https://robertsspaceindustries.com/en/citizens/Teapot418
[ 38/83]   404  AVAILABLE   ImaTeapot                  https://robertsspaceindustries.com/en/citizens/ImaTeapot
[ 39/83]   200  TAKEN       Http404                    https://robertsspaceindustries.com/en/citizens/Http404
[ 40/83]   200  TAKEN       Error500                   https://robertsspaceindustries.com/en/citizens/Error500
[ 41/83]   200  TAKEN       Error403                   https://robertsspaceindustries.com/en/citizens/Error403
[ 42/83]   200  TAKEN       Error401                   https://robertsspaceindustries.com/en/citizens/Error401
[ 43/83]   404  AVAILABLE   Error429                   https://robertsspaceindustries.com/en/citizens/Error429
[ 44/83]   404  AVAILABLE   Http451                    https://robertsspaceindustries.com/en/citizens/Http451
[ 45/83]   404  AVAILABLE   Http301                    https://robertsspaceindustries.com/en/citizens/Http301
[ 46/83]   200  TAKEN       DEADBEEF                   https://robertsspaceindustries.com/en/citizens/DEADBEEF
[ 47/83]   404  AVAILABLE   CAFEBABE                   https://robertsspaceindustries.com/en/citizens/CAFEBABE
[ 48/83]   404  AVAILABLE   CAFEF00D                   https://robertsspaceindustries.com/en/citizens/CAFEF00D
[ 49/83]   404  AVAILABLE   BADF00D                    https://robertsspaceindustries.com/en/citizens/BADF00D
[ 50/83]   200  TAKEN       DEADC0DE                   https://robertsspaceindustries.com/en/citizens/DEADC0DE
[ 51/83]   200  TAKEN       C0FFEE                     https://robertsspaceindustries.com/en/citizens/C0FFEE
[ 52/83]   404  AVAILABLE   FEEDFACE                   https://robertsspaceindustries.com/en/citizens/FEEDFACE
[ 53/83]   200  TAKEN       BAADF00D                   https://robertsspaceindustries.com/en/citizens/BAADF00D
[ 54/83]   404  AVAILABLE   D00DFEED                   https://robertsspaceindustries.com/en/citizens/D00DFEED
[ 55/83]   404  AVAILABLE   ABAD1DEA                   https://robertsspaceindustries.com/en/citizens/ABAD1DEA
[ 56/83]   200  TAKEN       NullPtr                    https://robertsspaceindustries.com/en/citizens/NullPtr
[ 57/83]   404  AVAILABLE   BadAlloc                   https://robertsspaceindustries.com/en/citizens/BadAlloc
[ 58/83]   200  TAKEN       SegFault                   https://robertsspaceindustries.com/en/citizens/SegFault
[ 59/83]   404  AVAILABLE   SegViolation               https://robertsspaceindustries.com/en/citizens/SegViolation
[ 60/83]   200  TAKEN       AccessViolation            https://robertsspaceindustries.com/en/citizens/AccessViolation
[ 61/83]   200  TAKEN       DivByZero                  https://robertsspaceindustries.com/en/citizens/DivByZero
[ 62/83]   200  TAKEN       StackOverflow              https://robertsspaceindustries.com/en/citizens/StackOverflow
[ 63/83]   404  AVAILABLE   HeapCorrupt                https://robertsspaceindustries.com/en/citizens/HeapCorrupt
[ 64/83]   404  AVAILABLE   UseAfterFree               https://robertsspaceindustries.com/en/citizens/UseAfterFree
[ 65/83]   404  AVAILABLE   DoubleFree                 https://robertsspaceindustries.com/en/citizens/DoubleFree
[ 66/83]   404  AVAILABLE   BufferOverrun              https://robertsspaceindustries.com/en/citizens/BufferOverrun
[ 67/83]   404  AVAILABLE   IntOverflow                https://robertsspaceindustries.com/en/citizens/IntOverflow
[ 68/83]   200  TAKEN       Undefined                  https://robertsspaceindustries.com/en/citizens/Undefined
[ 69/83]   404  AVAILABLE   UndefinedBeh               https://robertsspaceindustries.com/en/citizens/UndefinedBeh
[ 70/83]   200  TAKEN       NotANumber                 https://robertsspaceindustries.com/en/citizens/NotANumber
[ 71/83]   404  AVAILABLE   FloatNaN                   https://robertsspaceindustries.com/en/citizens/FloatNaN
[ 72/83]   404  AVAILABLE   InfinityErr                https://robertsspaceindustries.com/en/citizens/InfinityErr
[ 73/83]   200  TAKEN       OutOfBounds                https://robertsspaceindustries.com/en/citizens/OutOfBounds
[ 74/83]   200  TAKEN       ItWorks                    https://robertsspaceindustries.com/en/citizens/ItWorks
[ 75/83]   404  AVAILABLE   WorksOnMyMachine           https://robertsspaceindustries.com/en/citizens/WorksOnMyMachine
[ 76/83]   404  AVAILABLE   OnMyMachine                https://robertsspaceindustries.com/en/citizens/OnMyMachine
[ 77/83]   404  AVAILABLE   DidntTest                  https://robertsspaceindustries.com/en/citizens/DidntTest
[ 78/83]   404  AVAILABLE   ShipIt                     https://robertsspaceindustries.com/en/citizens/ShipIt
[ 79/83]   404  AVAILABLE   PushToMain                 https://robertsspaceindustries.com/en/citizens/PushToMain
[ 80/83]   404  AVAILABLE   BreakingChange             https://robertsspaceindustries.com/en/citizens/BreakingChange
[ 81/83]   200  TAKEN       TechDebt                   https://robertsspaceindustries.com/en/citizens/TechDebt
