Checking 81 Linux/hacker/darkweb original handles...

   #  CODE  RESULT      HANDLE                     URL
--------------------------------------------------------------------------------------------------------------
[  1/81]   200  TAKEN       Sudoer                     https://robertsspaceindustries.com/en/citizens/Sudoer
[  2/81]   200  TAKEN       ForkBomb                   https://robertsspaceindustries.com/en/citizens/ForkBomb
[  3/81]   200  TAKEN       DevNull                    https://robertsspaceindustries.com/en/citizens/DevNull
[  4/81]   200  TAKEN       DevZero                    https://robertsspaceindustries.com/en/citizens/DevZero
[  5/81]   200  TAKEN       DevRandom                  https://robertsspaceindustries.com/en/citizens/DevRandom
[  6/81]   404  AVAILABLE   ProcSelf                   https://robertsspaceindustries.com/en/citizens/ProcSelf
[  7/81]   404  AVAILABLE   EtcPasswd                  https://robertsspaceindustries.com/en/citizens/EtcPasswd
[  8/81]   404  AVAILABLE   EtcShadow                  https://robertsspaceindustries.com/en/citizens/EtcShadow
[  9/81]   200  TAKEN       Orphaned                   https://robertsspaceindustries.com/en/citizens/Orphaned
[ 10/81]   404  AVAILABLE   ZombieProc                 https://robertsspaceindustries.com/en/citizens/ZombieProc
[ 11/81]   404  AVAILABLE   SuidRoot                   https://robertsspaceindustries.com/en/citizens/SuidRoot
[ 12/81]   200  TAKEN       Chmod777                   https://robertsspaceindustries.com/en/citizens/Chmod777
[ 13/81]   404  AVAILABLE   Chmod000                   https://robertsspaceindustries.com/en/citizens/Chmod000
[ 14/81]   404  AVAILABLE   Ptrace                     https://robertsspaceindustries.com/en/citizens/Ptrace
[ 15/81]   200  TAKEN       Strace                     https://robertsspaceindustries.com/en/citizens/Strace
[ 16/81]   404  AVAILABLE   Ltrace                     https://robertsspaceindustries.com/en/citizens/Ltrace
[ 17/81]   404  AVAILABLE   Objdump                    https://robertsspaceindustries.com/en/citizens/Objdump
[ 18/81]   404  AVAILABLE   ShellDrop                  https://robertsspaceindustries.com/en/citizens/ShellDrop
[ 19/81]   404  AVAILABLE   PrivEsc                    https://robertsspaceindustries.com/en/citizens/PrivEsc
[ 20/81]   200  TAKEN       CoreDump                   https://robertsspaceindustries.com/en/citizens/CoreDump
[ 21/81]   404  AVAILABLE   KernelOops                 https://robertsspaceindustries.com/en/citizens/KernelOops
[ 22/81]   200  TAKEN       KernelPanic                https://robertsspaceindustries.com/en/citizens/KernelPanic
[ 23/81]   404  AVAILABLE   NullDeref                  https://robertsspaceindustries.com/en/citizens/NullDeref
[ 24/81]   200  TAKEN       OffByOne                   https://robertsspaceindustries.com/en/citizens/OffByOne
[ 25/81]   404  AVAILABLE   DoubleFree                 https://robertsspaceindustries.com/en/citizens/DoubleFree
[ 26/81]   404  AVAILABLE   UserLand                   https://robertsspaceindustries.com/en/citizens/UserLand
[ 27/81]   200  TAKEN       RingZero                   https://robertsspaceindustries.com/en/citizens/RingZero
[ 28/81]   404  AVAILABLE   RingThree                  https://robertsspaceindustries.com/en/citizens/RingThree
[ 29/81]   404  AVAILABLE   Shellspawn                 https://robertsspaceindustries.com/en/citizens/Shellspawn
[ 30/81]   404  AVAILABLE   BindShell                  https://robertsspaceindustries.com/en/citizens/BindShell
[ 31/81]   404  AVAILABLE   RevShell                   https://robertsspaceindustries.com/en/citizens/RevShell
[ 32/81]   200  TAKEN       Nimda                      https://robertsspaceindustries.com/en/citizens/Nimda
[ 33/81]   200  TAKEN       Slammer                    https://robertsspaceindustries.com/en/citizens/Slammer
[ 34/81]   200  TAKEN       Blaster                    https://robertsspaceindustries.com/en/citizens/Blaster
[ 35/81]   404  AVAILABLE   CodeRed                    https://robertsspaceindustries.com/en/citizens/CodeRed
[ 36/81]   200  TAKEN       Sasser                     https://robertsspaceindustries.com/en/citizens/Sasser
[ 37/81]   200  TAKEN       Sobig                      https://robertsspaceindustries.com/en/citizens/Sobig
[ 38/81]   200  TAKEN       Mydoom                     https://robertsspaceindustries.com/en/citizens/Mydoom
[ 39/81]   200  TAKEN       Santy                      https://robertsspaceindustries.com/en/citizens/Santy
[ 40/81]   404  AVAILABLE   Welchia                    https://robertsspaceindustries.com/en/citizens/Welchia
[ 41/81]   200  TAKEN       OnionSkin                  https://robertsspaceindustries.com/en/citizens/OnionSkin
[ 42/81]   404  AVAILABLE   ExitNode                   https://robertsspaceindustries.com/en/citizens/ExitNode
[ 43/81]   404  AVAILABLE   Clearnet                   https://robertsspaceindustries.com/en/citizens/Clearnet
[ 44/81]   404  AVAILABLE   HiddenSvc                  https://robertsspaceindustries.com/en/citizens/HiddenSvc
[ 45/81]   404  AVAILABLE   CircuitHop                 https://robertsspaceindustries.com/en/citizens/CircuitHop
[ 46/81]   404  AVAILABLE   GuardNode                  https://robertsspaceindustries.com/en/citizens/GuardNode
[ 47/81]   200  TAKEN       Rendezvous                 https://robertsspaceindustries.com/en/citizens/Rendezvous
[ 48/81]   404  AVAILABLE   Onioned                    https://robertsspaceindustries.com/en/citizens/Onioned
[ 49/81]   404  AVAILABLE   Crackme                    https://robertsspaceindustries.com/en/citizens/Crackme
[ 50/81]   404  AVAILABLE   KeyGenMe                   https://robertsspaceindustries.com/en/citizens/KeyGenMe
[ 51/81]   200  TAKEN       PatchMe                    https://robertsspaceindustries.com/en/citizens/PatchMe
[ 52/81]   404  AVAILABLE   Trainerhack                https://robertsspaceindustries.com/en/citizens/Trainerhack
[ 53/81]   404  AVAILABLE   GameTrainer                https://robertsspaceindustries.com/en/citizens/GameTrainer
[ 54/81]   404  AVAILABLE   Debugme                    https://robertsspaceindustries.com/en/citizens/Debugme
[ 55/81]   200  TAKEN       NoCD                       https://robertsspaceindustries.com/en/citizens/NoCD
[ 56/81]   200  TAKEN       Keygen                     https://robertsspaceindustries.com/en/citizens/Keygen
[ 57/81]   404  AVAILABLE   NFOscene                   https://robertsspaceindustries.com/en/citizens/NFOscene
[ 58/81]   404  AVAILABLE   Topsite                    https://robertsspaceindustries.com/en/citizens/Topsite
[ 59/81]   404  AVAILABLE   Rootjail                   https://robertsspaceindustries.com/en/citizens/Rootjail
[ 60/81]   404  AVAILABLE   ChrootEsc                  https://robertsspaceindustries.com/en/citizens/ChrootEsc
[ 61/81]   404  AVAILABLE   PidKill                    https://robertsspaceindustries.com/en/citizens/PidKill
[ 62/81]   200  TAKEN       KillSignal                 https://robertsspaceindustries.com/en/citizens/KillSignal
[ 63/81]   200  TAKEN       SigKill                    https://robertsspaceindustries.com/en/citizens/SigKill
[ 64/81]   200  TAKEN       SigTerm                    https://robertsspaceindustries.com/en/citizens/SigTerm
[ 65/81]   404  AVAILABLE   SigZero                    https://robertsspaceindustries.com/en/citizens/SigZero
[ 66/81]   404  AVAILABLE   Dmesg                      https://robertsspaceindustries.com/en/citizens/Dmesg
[ 67/81]   404  AVAILABLE   Syslog                     https://robertsspaceindustries.com/en/citizens/Syslog
[ 68/81]   404  AVAILABLE   Authlog                    https://robertsspaceindustries.com/en/citizens/Authlog
[ 69/81]   404  AVAILABLE   Wtmpfix                    https://robertsspaceindustries.com/en/citizens/Wtmpfix
[ 70/81]   404  AVAILABLE   Lastlog                    https://robertsspaceindustries.com/en/citizens/Lastlog
[ 71/81]   404  AVAILABLE   ClearLog                   https://robertsspaceindustries.com/en/citizens/ClearLog
[ 72/81]   200  TAKEN       Cronjob                    https://robertsspaceindustries.com/en/citizens/Cronjob
[ 73/81]   200  TAKEN       Crontab                    https://robertsspaceindustries.com/en/citizens/Crontab
[ 74/81]   404  AVAILABLE   Bashhistory                https://robertsspaceindustries.com/en/citizens/Bashhistory
[ 75/81]   404  AVAILABLE   Histkill                   https://robertsspaceindustries.com/en/citizens/Histkill
[ 76/81]   200  TAKEN       Netstat                    https://robertsspaceindustries.com/en/citizens/Netstat
[ 77/81]   404  AVAILABLE   Lsof                       https://robertsspaceindustries.com/en/citizens/Lsof
[ 78/81]   200  TAKEN       Nohup                      https://robertsspaceindustries.com/en/citizens/Nohup
[ 79/81]   200  TAKEN       Disown                     https://robertsspaceindustries.com/en/citizens/Disown
[ 80/81]   404  AVAILABLE   Tmuxsplit                  https://robertsspaceindustries.com/en/citizens/Tmuxsplit
