Checking 75 RSI handles ...

   #  CODE  RESULT      HANDLE                        URL
--------------------------------------------------------------------------------------------------------------
[  1/75]   404  AVAILABLE   MankriksWife                  https://robertsspaceindustries.com/en/citizens/MankriksWife
[  2/75]   200  TAKEN       AltF4                         https://robertsspaceindustries.com/en/citizens/AltF4
[  3/75]   200  TAKEN       Motherlode                    https://robertsspaceindustries.com/en/citizens/Motherlode
[  4/75]   404  AVAILABLE   AtLeastIHaveChicken           https://robertsspaceindustries.com/en/citizens/AtLeastIHaveChicken
[  5/75]   404  AVAILABLE   ThirtyLives                   https://robertsspaceindustries.com/en/citizens/ThirtyLives
[  6/75]   200  TAKEN       IDDQD                         https://robertsspaceindustries.com/en/citizens/IDDQD
[  7/75]   200  TAKEN       GameShark                     https://robertsspaceindustries.com/en/citizens/GameShark
[  8/75]   200  TAKEN       FaceRoll                      https://robertsspaceindustries.com/en/citizens/FaceRoll
[  9/75]   200  TAKEN       InsertCoin                    https://robertsspaceindustries.com/en/citizens/InsertCoin
[ 10/75]   200  TAKEN       Huntard                       https://robertsspaceindustries.com/en/citizens/Huntard
[ 11/75]   404  AVAILABLE   KeyboardTurner                https://robertsspaceindustries.com/en/citizens/KeyboardTurner
[ 12/75]   200  TAKEN       Desync                        https://robertsspaceindustries.com/en/citizens/Desync
[ 13/75]   200  TAKEN       FatalError                    https://robertsspaceindustries.com/en/citizens/FatalError
[ 14/75]   404  AVAILABLE   BlowTheCart                   https://robertsspaceindustries.com/en/citizens/BlowTheCart
[ 15/75]   200  TAKEN       AdminAbuse                    https://robertsspaceindustries.com/en/citizens/AdminAbuse
[ 16/75]   404  AVAILABLE   VACSecured                    https://robertsspaceindustries.com/en/citizens/VACSecured
[ 17/75]   404  AVAILABLE   NotResponding                 https://robertsspaceindustries.com/en/citizens/NotResponding
[ 18/75]   200  TAKEN       PleaseWait                    https://robertsspaceindustries.com/en/citizens/PleaseWait
[ 19/75]   404  AVAILABLE   DialingUp                     https://robertsspaceindustries.com/en/citizens/DialingUp
[ 20/75]   200  TAKEN       BabyRage                      https://robertsspaceindustries.com/en/citizens/BabyRage
[ 21/75]   200  TAKEN       Kappa                         https://robertsspaceindustries.com/en/citizens/Kappa
[ 22/75]   404  AVAILABLE   RubberBanding                 https://robertsspaceindustries.com/en/citizens/RubberBanding
[ 23/75]   404  AVAILABLE   BigSmokesOrder                https://robertsspaceindustries.com/en/citizens/BigSmokesOrder
[ 24/75]   200  TAKEN       BonziBuddy                    https://robertsspaceindustries.com/en/citizens/BonziBuddy
[ 25/75]   404  AVAILABLE   LimewireVirus                 https://robertsspaceindustries.com/en/citizens/LimewireVirus
[ 26/75]   200  TAKEN       Scoutzknivez                  https://robertsspaceindustries.com/en/citizens/Scoutzknivez
[ 27/75]   404  AVAILABLE   TuesdayMaintenance            https://robertsspaceindustries.com/en/citizens/TuesdayMaintenance
[ 28/75]   404  AVAILABLE   RealmDown                     https://robertsspaceindustries.com/en/citizens/RealmDown
[ 29/75]   404  AVAILABLE   GuildDisbanded                https://robertsspaceindustries.com/en/citizens/GuildDisbanded
[ 30/75]   200  TAKEN       CtrlAltDelete                 https://robertsspaceindustries.com/en/citizens/CtrlAltDelete
[ 31/75]   200  TAKEN       BlueScreen                    https://robertsspaceindustries.com/en/citizens/BlueScreen
[ 32/75]   404  AVAILABLE   DefragNow                     https://robertsspaceindustries.com/en/citizens/DefragNow
[ 33/75]   404  AVAILABLE   DontSend                      https://robertsspaceindustries.com/en/citizens/DontSend
[ 34/75]   404  AVAILABLE   SurfMap                       https://robertsspaceindustries.com/en/citizens/SurfMap
[ 35/75]   404  AVAILABLE   GunGameKnife                  https://robertsspaceindustries.com/en/citizens/GunGameKnife
[ 36/75]   404  AVAILABLE   NotEnoughRam                  https://robertsspaceindustries.com/en/citizens/NotEnoughRam
[ 37/75]   200  TAKEN       AskJeeves                     https://robertsspaceindustries.com/en/citizens/AskJeeves
[ 38/75]   404  AVAILABLE   AOLCDRom                      https://robertsspaceindustries.com/en/citizens/AOLCDRom
[ 39/75]   404  AVAILABLE   WoWCrack                      https://robertsspaceindustries.com/en/citizens/WoWCrack
[ 40/75]   404  AVAILABLE   NinjaRez                      https://robertsspaceindustries.com/en/citizens/NinjaRez
[ 41/75]   200  TAKEN       PatchNotes                    https://robertsspaceindustries.com/en/citizens/PatchNotes
[ 42/75]   200  TAKEN       MoreDots                      https://robertsspaceindustries.com/en/citizens/MoreDots
[ 43/75]   404  AVAILABLE   FiftyDKPMinus                 https://robertsspaceindustries.com/en/citizens/FiftyDKPMinus
[ 44/75]   200  TAKEN       Godlike                       https://robertsspaceindustries.com/en/citizens/Godlike
[ 45/75]   200  TAKEN       Impressive                    https://robertsspaceindustries.com/en/citizens/Impressive
[ 46/75]   404  AVAILABLE   Thunderfury                   https://robertsspaceindustries.com/en/citizens/Thunderfury
[ 47/75]   200  TAKEN       Kekeke                        https://robertsspaceindustries.com/en/citizens/Kekeke
[ 48/75]   200  TAKEN       GGnoRe                        https://robertsspaceindustries.com/en/citizens/GGnoRe
[ 49/75]   200  TAKEN       AdditionalPylons              https://robertsspaceindustries.com/en/citizens/AdditionalPylons
[ 50/75]   404  AVAILABLE   NuclearLaunch                 https://robertsspaceindustries.com/en/citizens/NuclearLaunch
[ 51/75]   200  TAKEN       Roflcopter                    https://robertsspaceindustries.com/en/citizens/Roflcopter
[ 52/75]   404  AVAILABLE   LessDots                      https://robertsspaceindustries.com/en/citizens/LessDots
[ 53/75]   200  TAKEN       DeepBreath                    https://robertsspaceindustries.com/en/citizens/DeepBreath
[ 54/75]   404  AVAILABLE   IgnoreTheWhelps               https://robertsspaceindustries.com/en/citizens/IgnoreTheWhelps
[ 55/75]   404  AVAILABLE   MonsterKill                   https://robertsspaceindustries.com/en/citizens/MonsterKill
[ 56/75]   200  TAKEN       Unstoppable                   https://robertsspaceindustries.com/en/citizens/Unstoppable
[ 57/75]   200  TAKEN       Rampage                       https://robertsspaceindustries.com/en/citizens/Rampage
[ 58/75]   200  TAKEN       Dominating                    https://robertsspaceindustries.com/en/citizens/Dominating
[ 59/75]   200  TAKEN       Excellent                     https://robertsspaceindustries.com/en/citizens/Excellent
[ 60/75]   404  AVAILABLE   Humiliation                   https://robertsspaceindustries.com/en/citizens/Humiliation
[ 61/75]   404  AVAILABLE   Gauntlet                      https://robertsspaceindustries.com/en/citizens/Gauntlet
[ 62/75]   200  TAKEN       PurePwnage                    https://robertsspaceindustries.com/en/citizens/PurePwnage
[ 63/75]   404  AVAILABLE   TehPwnerer                    https://robertsspaceindustries.com/en/citizens/TehPwnerer
[ 64/75]   404  AVAILABLE   NoobPwner                     https://robertsspaceindustries.com/en/citizens/NoobPwner
[ 65/75]   200  TAKEN       BarrensChat                   https://robertsspaceindustries.com/en/citizens/BarrensChat
[ 66/75]   404  AVAILABLE   CorruptedBlood                https://robertsspaceindustries.com/en/citizens/CorruptedBlood
[ 67/75]   200  TAKEN       Naxxramas                     https://robertsspaceindustries.com/en/citizens/Naxxramas
[ 68/75]   404  AVAILABLE   SeriousRaider                 https://robertsspaceindustries.com/en/citizens/SeriousRaider
[ 69/75]   404  AVAILABLE   DKPMinus                      https://robertsspaceindustries.com/en/citizens/DKPMinus
[ 70/75]   200  TAKEN       BoxeR                         https://robertsspaceindustries.com/en/citizens/BoxeR
[ 71/75]   200  TAKEN       ZugZug                        https://robertsspaceindustries.com/en/citizens/ZugZug
[ 72/75]   404  AVAILABLE   FragMovie                     https://robertsspaceindustries.com/en/citizens/FragMovie
[ 73/75]   200  TAKEN       Pwnt                          https://robertsspaceindustries.com/en/citizens/Pwnt
[ 74/75]   200  TAKEN       GotFrag                       https://robertsspaceindustries.com/en/citizens/GotFrag
[ 75/75]   200  TAKEN       AllSeeingEye                  https://robertsspaceindustries.com/en/citizens/AllSeeingEye

==============================================================================================================
SUMMARY
==============================================================================================================

✅  AVAILABLE (36):
   MankriksWife                         https://robertsspaceindustries.com/en/citizens/MankriksWife
   AtLeastIHaveChicken                  https://robertsspaceindustries.com/en/citizens/AtLeastIHaveChicken
   ThirtyLives                          https://robertsspaceindustries.com/en/citizens/ThirtyLives
   KeyboardTurner                       https://robertsspaceindustries.com/en/citizens/KeyboardTurner
   BlowTheCart                          https://robertsspaceindustries.com/en/citizens/BlowTheCart
   VACSecured                           https://robertsspaceindustries.com/en/citizens/VACSecured
   NotResponding                        https://robertsspaceindustries.com/en/citizens/NotResponding
   DialingUp                            https://robertsspaceindustries.com/en/citizens/DialingUp
   RubberBanding                        https://robertsspaceindustries.com/en/citizens/RubberBanding
   BigSmokesOrder                       https://robertsspaceindustries.com/en/citizens/BigSmokesOrder
   LimewireVirus                        https://robertsspaceindustries.com/en/citizens/LimewireVirus
   TuesdayMaintenance                   https://robertsspaceindustries.com/en/citizens/TuesdayMaintenance
   RealmDown                            https://robertsspaceindustries.com/en/citizens/RealmDown
   GuildDisbanded                       https://robertsspaceindustries.com/en/citizens/GuildDisbanded
   DefragNow                            https://robertsspaceindustries.com/en/citizens/DefragNow
   DontSend                             https://robertsspaceindustries.com/en/citizens/DontSend
   SurfMap                              https://robertsspaceindustries.com/en/citizens/SurfMap
   GunGameKnife                         https://robertsspaceindustries.com/en/citizens/GunGameKnife
   NotEnoughRam                         https://robertsspaceindustries.com/en/citizens/NotEnoughRam
   AOLCDRom                             https://robertsspaceindustries.com/en/citizens/AOLCDRom
   WoWCrack                             https://robertsspaceindustries.com/en/citizens/WoWCrack
   NinjaRez                             https://robertsspaceindustries.com/en/citizens/NinjaRez
   FiftyDKPMinus                        https://robertsspaceindustries.com/en/citizens/FiftyDKPMinus
   Thunderfury                          https://robertsspaceindustries.com/en/citizens/Thunderfury
   NuclearLaunch                        https://robertsspaceindustries.com/en/citizens/NuclearLaunch
   LessDots                             https://robertsspaceindustries.com/en/citizens/LessDots
   IgnoreTheWhelps                      https://robertsspaceindustries.com/en/citizens/IgnoreTheWhelps
   MonsterKill                          https://robertsspaceindustries.com/en/citizens/MonsterKill
   Humiliation                          https://robertsspaceindustries.com/en/citizens/Humiliation
   Gauntlet                             https://robertsspaceindustries.com/en/citizens/Gauntlet
   TehPwnerer                           https://robertsspaceindustries.com/en/citizens/TehPwnerer
   NoobPwner                            https://robertsspaceindustries.com/en/citizens/NoobPwner
   CorruptedBlood                       https://robertsspaceindustries.com/en/citizens/CorruptedBlood
   SeriousRaider                        https://robertsspaceindustries.com/en/citizens/SeriousRaider
   DKPMinus                             https://robertsspaceindustries.com/en/citizens/DKPMinus
   FragMovie                            https://robertsspaceindustries.com/en/citizens/FragMovie

❌  TAKEN (39):
   AltF4                                https://robertsspaceindustries.com/en/citizens/AltF4
   Motherlode                           https://robertsspaceindustries.com/en/citizens/Motherlode
   IDDQD                                https://robertsspaceindustries.com/en/citizens/IDDQD
   GameShark                            https://robertsspaceindustries.com/en/citizens/GameShark
   FaceRoll                             https://robertsspaceindustries.com/en/citizens/FaceRoll
   InsertCoin                           https://robertsspaceindustries.com/en/citizens/InsertCoin
   Huntard                              https://robertsspaceindustries.com/en/citizens/Huntard
   Desync                               https://robertsspaceindustries.com/en/citizens/Desync
   FatalError                           https://robertsspaceindustries.com/en/citizens/FatalError
   AdminAbuse                           https://robertsspaceindustries.com/en/citizens/AdminAbuse
   PleaseWait                           https://robertsspaceindustries.com/en/citizens/PleaseWait
   BabyRage                             https://robertsspaceindustries.com/en/citizens/BabyRage
   Kappa                                https://robertsspaceindustries.com/en/citizens/Kappa
   BonziBuddy                           https://robertsspaceindustries.com/en/citizens/BonziBuddy
   Scoutzknivez                         https://robertsspaceindustries.com/en/citizens/Scoutzknivez
   CtrlAltDelete                        https://robertsspaceindustries.com/en/citizens/CtrlAltDelete
   BlueScreen                           https://robertsspaceindustries.com/en/citizens/BlueScreen
   AskJeeves                            https://robertsspaceindustries.com/en/citizens/AskJeeves
   PatchNotes                           https://robertsspaceindustries.com/en/citizens/PatchNotes
   MoreDots                             https://robertsspaceindustries.com/en/citizens/MoreDots
   Godlike                              https://robertsspaceindustries.com/en/citizens/Godlike
   Impressive                           https://robertsspaceindustries.com/en/citizens/Impressive
   Kekeke                               https://robertsspaceindustries.com/en/citizens/Kekeke
   GGnoRe                               https://robertsspaceindustries.com/en/citizens/GGnoRe
   AdditionalPylons                     https://robertsspaceindustries.com/en/citizens/AdditionalPylons
   Roflcopter                           https://robertsspaceindustries.com/en/citizens/Roflcopter
   DeepBreath                           https://robertsspaceindustries.com/en/citizens/DeepBreath
   Unstoppable                          https://robertsspaceindustries.com/en/citizens/Unstoppable
   Rampage                              https://robertsspaceindustries.com/en/citizens/Rampage
   Dominating                           https://robertsspaceindustries.com/en/citizens/Dominating
   Excellent                            https://robertsspaceindustries.com/en/citizens/Excellent
   PurePwnage                           https://robertsspaceindustries.com/en/citizens/PurePwnage
   BarrensChat                          https://robertsspaceindustries.com/en/citizens/BarrensChat
   Naxxramas                            https://robertsspaceindustries.com/en/citizens/Naxxramas
   BoxeR                                https://robertsspaceindustries.com/en/citizens/BoxeR
   ZugZug                               https://robertsspaceindustries.com/en/citizens/ZugZug
   Pwnt                                 https://robertsspaceindustries.com/en/citizens/Pwnt
   GotFrag                              https://robertsspaceindustries.com/en/citizens/GotFrag
   AllSeeingEye                         https://robertsspaceindustries.com/en/citizens/AllSeeingEye
/workspace/check_rsi_handles_v3.py:184: DeprecationWarning: datetime.datetime.utcnow() is deprecated and scheduled for removal in a future version. Use timezone-aware objects to represent datetimes in UTC: datetime.datetime.now(datetime.UTC).
  "checked_at": datetime.utcnow().isoformat() + "Z",

Full results saved to rsi_handle_results_v3.json
