Checking 91 handles — the experience of PC gaming 1999-2006...

   #  CODE  RESULT      HANDLE                     URL
--------------------------------------------------------------------------------------------------------------
[  1/91]   200  TAKEN       Thunderbird                https://robertsspaceindustries.com/en/citizens/Thunderbird
[  2/91]   200  TAKEN       Barton                     https://robertsspaceindustries.com/en/citizens/Barton
[  3/91]   200  TAKEN       Palomino                   https://robertsspaceindustries.com/en/citizens/Palomino
[  4/91]   200  TAKEN       Thoroughbred               https://robertsspaceindustries.com/en/citizens/Thoroughbred
[  5/91]   200  TAKEN       Northwood                  https://robertsspaceindustries.com/en/citizens/Northwood
[  6/91]   200  TAKEN       Coppermine                 https://robertsspaceindustries.com/en/citizens/Coppermine
[  7/91]   200  TAKEN       Newcastle                  https://robertsspaceindustries.com/en/citizens/Newcastle
[  8/91]   200  TAKEN       Trinitron                  https://robertsspaceindustries.com/en/citizens/Trinitron
[  9/91]   404  AVAILABLE   Diamondtron                https://robertsspaceindustries.com/en/citizens/Diamondtron
[ 10/91]   200  TAKEN       Aperture                   https://robertsspaceindustries.com/en/citizens/Aperture
[ 11/91]   200  TAKEN       Refresh                    https://robertsspaceindustries.com/en/citizens/Refresh
[ 12/91]   200  TAKEN       Overclock                  https://robertsspaceindustries.com/en/citizens/Overclock
[ 13/91]   200  TAKEN       Benchmark                  https://robertsspaceindustries.com/en/citizens/Benchmark
[ 14/91]   200  TAKEN       Fraps                      https://robertsspaceindustries.com/en/citizens/Fraps
[ 15/91]   200  TAKEN       Vsync                      https://robertsspaceindustries.com/en/citizens/Vsync
[ 16/91]   200  TAKEN       Antialiasing               https://robertsspaceindustries.com/en/citizens/Antialiasing
[ 17/91]   200  TAKEN       Anisotropic                https://robertsspaceindustries.com/en/citizens/Anisotropic
[ 18/91]   404  AVAILABLE   DirectX9                   https://robertsspaceindustries.com/en/citizens/DirectX9
[ 19/91]   404  AVAILABLE   OpenGL                     https://robertsspaceindustries.com/en/citizens/OpenGL
[ 20/91]   200  TAKEN       Shader                     https://robertsspaceindustries.com/en/citizens/Shader
[ 21/91]   404  AVAILABLE   Fillrate                   https://robertsspaceindustries.com/en/citizens/Fillrate
[ 22/91]   200  TAKEN       Ladder                     https://robertsspaceindustries.com/en/citizens/Ladder
[ 23/91]   200  TAKEN       Bracket                    https://robertsspaceindustries.com/en/citizens/Bracket
[ 24/91]   404  AVAILABLE   Seeded                     https://robertsspaceindustries.com/en/citizens/Seeded
[ 25/91]   404  AVAILABLE   Qualifier                  https://robertsspaceindustries.com/en/citizens/Qualifier
[ 26/91]   404  AVAILABLE   Playoff                    https://robertsspaceindustries.com/en/citizens/Playoff
[ 27/91]   404  AVAILABLE   GrandFinal                 https://robertsspaceindustries.com/en/citizens/GrandFinal
[ 28/91]   404  AVAILABLE   DoubleElim                 https://robertsspaceindustries.com/en/citizens/DoubleElim
[ 29/91]   404  AVAILABLE   UpperBracket               https://robertsspaceindustries.com/en/citizens/UpperBracket
[ 30/91]   404  AVAILABLE   LowerBracket               https://robertsspaceindustries.com/en/citizens/LowerBracket
[ 31/91]   404  AVAILABLE   Tiebreaker                 https://robertsspaceindustries.com/en/citizens/Tiebreaker
[ 32/91]   200  TAKEN       Overtime                   https://robertsspaceindustries.com/en/citizens/Overtime
[ 33/91]   404  AVAILABLE   Rematch                    https://robertsspaceindustries.com/en/citizens/Rematch
[ 34/91]   404  AVAILABLE   Runback                    https://robertsspaceindustries.com/en/citizens/Runback
[ 35/91]   200  TAKEN       Forfeit                    https://robertsspaceindustries.com/en/citizens/Forfeit
[ 36/91]   404  AVAILABLE   Concede                    https://robertsspaceindustries.com/en/citizens/Concede
[ 37/91]   404  AVAILABLE   Techdefeat                 https://robertsspaceindustries.com/en/citizens/Techdefeat
[ 38/91]   404  AVAILABLE   Walkover                   https://robertsspaceindustries.com/en/citizens/Walkover
[ 39/91]   200  TAKEN       Grind                      https://robertsspaceindustries.com/en/citizens/Grind
[ 40/91]   200  TAKEN       Choke                      https://robertsspaceindustries.com/en/citizens/Choke
[ 41/91]   404  AVAILABLE   Slump                      https://robertsspaceindustries.com/en/citizens/Slump
[ 42/91]   200  TAKEN       Comeback                   https://robertsspaceindustries.com/en/citizens/Comeback
[ 43/91]   404  AVAILABLE   Clutchplay                 https://robertsspaceindustries.com/en/citizens/Clutchplay
[ 44/91]   404  AVAILABLE   Onfire                     https://robertsspaceindustries.com/en/citizens/Onfire
[ 45/91]   200  TAKEN       Hotstreak                  https://robertsspaceindustries.com/en/citizens/Hotstreak
[ 46/91]   404  AVAILABLE   Coldstreak                 https://robertsspaceindustries.com/en/citizens/Coldstreak
[ 47/91]   200  TAKEN       Plateau                    https://robertsspaceindustries.com/en/citizens/Plateau
[ 48/91]   200  TAKEN       Breakthrough               https://robertsspaceindustries.com/en/citizens/Breakthrough
[ 49/91]   200  TAKEN       Tiltmode                   https://robertsspaceindustries.com/en/citizens/Tiltmode
[ 50/91]   404  AVAILABLE   Ragemode                   https://robertsspaceindustries.com/en/citizens/Ragemode
[ 51/91]   404  AVAILABLE   FocusMode                  https://robertsspaceindustries.com/en/citizens/FocusMode
[ 52/91]   200  TAKEN       Clanleader                 https://robertsspaceindustries.com/en/citizens/Clanleader
[ 53/91]   404  AVAILABLE   Clanmates                  https://robertsspaceindustries.com/en/citizens/Clanmates
[ 54/91]   404  AVAILABLE   Raidleader                 https://robertsspaceindustries.com/en/citizens/Raidleader
[ 55/91]   200  TAKEN       Guildmaster                https://robertsspaceindustries.com/en/citizens/Guildmaster
[ 56/91]   404  AVAILABLE   Guildofficer               https://robertsspaceindustries.com/en/citizens/Guildofficer
[ 57/91]   200  TAKEN       Trialmember                https://robertsspaceindustries.com/en/citizens/Trialmember
[ 58/91]   200  TAKEN       Shotcaller                 https://robertsspaceindustries.com/en/citizens/Shotcaller
[ 59/91]   404  AVAILABLE   Entryfragger               https://robertsspaceindustries.com/en/citizens/Entryfragger
[ 60/91]   200  TAKEN       Lurker                     https://robertsspaceindustries.com/en/citizens/Lurker
[ 61/91]   404  AVAILABLE   IGL                        https://robertsspaceindustries.com/en/citizens/IGL
[ 62/91]   404  AVAILABLE   Fragger                    https://robertsspaceindustries.com/en/citizens/Fragger
[ 63/91]   404  AVAILABLE   Support                    https://robertsspaceindustries.com/en/citizens/Support
[ 64/91]   404  AVAILABLE   Filefront                  https://robertsspaceindustries.com/en/citizens/Filefront
[ 65/91]   404  AVAILABLE   Gamefront                  https://robertsspaceindustries.com/en/citizens/Gamefront
[ 66/91]   404  AVAILABLE   Modfolder                  https://robertsspaceindustries.com/en/citizens/Modfolder
[ 67/91]   200  TAKEN       Patchnotes                 https://robertsspaceindustries.com/en/citizens/Patchnotes
[ 68/91]   200  TAKEN       Hotpatch                   https://robertsspaceindustries.com/en/citizens/Hotpatch
[ 69/91]   200  TAKEN       Netcode                    https://robertsspaceindustries.com/en/citizens/Netcode
[ 70/91]   200  TAKEN       Tickrate                   https://robertsspaceindustries.com/en/citizens/Tickrate
[ 71/91]   200  TAKEN       Hitbox                     https://robertsspaceindustries.com/en/citizens/Hitbox
[ 72/91]   200  TAKEN       Desync                     https://robertsspaceindustries.com/en/citizens/Desync
[ 73/91]   404  AVAILABLE   Rubberbanding              https://robertsspaceindustries.com/en/citizens/Rubberbanding
[ 74/91]   200  TAKEN       Rollback                   https://robertsspaceindustries.com/en/citizens/Rollback
[ 75/91]   404  AVAILABLE   Intellimouse               https://robertsspaceindustries.com/en/citizens/Intellimouse
[ 76/91]   404  AVAILABLE   MX518                      https://robertsspaceindustries.com/en/citizens/MX518
[ 77/91]   200  TAKEN       Qck                        https://robertsspaceindustries.com/en/citizens/Qck
[ 78/91]   200  TAKEN       Mousepad                   https://robertsspaceindustries.com/en/citizens/Mousepad
[ 79/91]   404  AVAILABLE   Lowsens                    https://robertsspaceindustries.com/en/citizens/Lowsens
[ 80/91]   404  AVAILABLE   Highsens                   https://robertsspaceindustries.com/en/citizens/Highsens
[ 81/91]   404  AVAILABLE   MouseAccel                 https://robertsspaceindustries.com/en/citizens/MouseAccel
[ 82/91]   404  AVAILABLE   NegAccel                   https://robertsspaceindustries.com/en/citizens/NegAccel
[ 83/91]   404  AVAILABLE   MonthlyFee                 https://robertsspaceindustries.com/en/citizens/MonthlyFee
[ 84/91]   404  AVAILABLE   NoSubscription             https://robertsspaceindustries.com/en/citizens/NoSubscription
[ 85/91]   404  AVAILABLE   ServerQueue                https://robertsspaceindustries.com/en/citizens/ServerQueue
[ 86/91]   200  TAKEN       Maintenance                https://robertsspaceindustries.com/en/citizens/Maintenance
[ 87/91]   200  TAKEN       Downtime                   https://robertsspaceindustries.com/en/citizens/Downtime
[ 88/91]   200  TAKEN       Rollout                    https://robertsspaceindustries.com/en/citizens/Rollout
[ 89/91]   404  AVAILABLE   Megaserver                 https://robertsspaceindustries.com/en/citizens/Megaserver
[ 90/91]   404  AVAILABLE   Realmmerge                 https://robertsspaceindustries.com/en/citizens/Realmmerge
[ 91/91]   404  AVAILABLE   Layering                   https://robertsspaceindustries.com/en/citizens/Layering

==============================================================================================================

✅  AVAILABLE (46):
   Diamondtron                     https://robertsspaceindustries.com/en/citizens/Diamondtron
   DirectX9                        https://robertsspaceindustries.com/en/citizens/DirectX9
   OpenGL                          https://robertsspaceindustries.com/en/citizens/OpenGL
   Fillrate                        https://robertsspaceindustries.com/en/citizens/Fillrate
   Seeded                          https://robertsspaceindustries.com/en/citizens/Seeded
   Qualifier                       https://robertsspaceindustries.com/en/citizens/Qualifier
   Playoff                         https://robertsspaceindustries.com/en/citizens/Playoff
   GrandFinal                      https://robertsspaceindustries.com/en/citizens/GrandFinal
   DoubleElim                      https://robertsspaceindustries.com/en/citizens/DoubleElim
   UpperBracket                    https://robertsspaceindustries.com/en/citizens/UpperBracket
   LowerBracket                    https://robertsspaceindustries.com/en/citizens/LowerBracket
   Tiebreaker                      https://robertsspaceindustries.com/en/citizens/Tiebreaker
   Rematch                         https://robertsspaceindustries.com/en/citizens/Rematch
   Runback                         https://robertsspaceindustries.com/en/citizens/Runback
   Concede                         https://robertsspaceindustries.com/en/citizens/Concede
   Techdefeat                      https://robertsspaceindustries.com/en/citizens/Techdefeat
   Walkover                        https://robertsspaceindustries.com/en/citizens/Walkover
   Slump                           https://robertsspaceindustries.com/en/citizens/Slump
   Clutchplay                      https://robertsspaceindustries.com/en/citizens/Clutchplay
   Onfire                          https://robertsspaceindustries.com/en/citizens/Onfire
   Coldstreak                      https://robertsspaceindustries.com/en/citizens/Coldstreak
   Ragemode                        https://robertsspaceindustries.com/en/citizens/Ragemode
   FocusMode                       https://robertsspaceindustries.com/en/citizens/FocusMode
   Clanmates                       https://robertsspaceindustries.com/en/citizens/Clanmates
   Raidleader                      https://robertsspaceindustries.com/en/citizens/Raidleader
   Guildofficer                    https://robertsspaceindustries.com/en/citizens/Guildofficer
   Entryfragger                    https://robertsspaceindustries.com/en/citizens/Entryfragger
   IGL                             https://robertsspaceindustries.com/en/citizens/IGL
   Fragger                         https://robertsspaceindustries.com/en/citizens/Fragger
   Support                         https://robertsspaceindustries.com/en/citizens/Support
   Filefront                       https://robertsspaceindustries.com/en/citizens/Filefront
   Gamefront                       https://robertsspaceindustries.com/en/citizens/Gamefront
   Modfolder                       https://robertsspaceindustries.com/en/citizens/Modfolder
   Rubberbanding                   https://robertsspaceindustries.com/en/citizens/Rubberbanding
   Intellimouse                    https://robertsspaceindustries.com/en/citizens/Intellimouse
   MX518                           https://robertsspaceindustries.com/en/citizens/MX518
   Lowsens                         https://robertsspaceindustries.com/en/citizens/Lowsens
   Highsens                        https://robertsspaceindustries.com/en/citizens/Highsens
   MouseAccel                      https://robertsspaceindustries.com/en/citizens/MouseAccel
   NegAccel                        https://robertsspaceindustries.com/en/citizens/NegAccel
   MonthlyFee                      https://robertsspaceindustries.com/en/citizens/MonthlyFee
   NoSubscription                  https://robertsspaceindustries.com/en/citizens/NoSubscription
   ServerQueue                     https://robertsspaceindustries.com/en/citizens/ServerQueue
   Megaserver                      https://robertsspaceindustries.com/en/citizens/Megaserver
   Realmmerge                      https://robertsspaceindustries.com/en/citizens/Realmmerge
   Layering                        https://robertsspaceindustries.com/en/citizens/Layering

❌  TAKEN (45):
   Thunderbird                     https://robertsspaceindustries.com/en/citizens/Thunderbird
   Barton                          https://robertsspaceindustries.com/en/citizens/Barton
   Palomino                        https://robertsspaceindustries.com/en/citizens/Palomino
   Thoroughbred                    https://robertsspaceindustries.com/en/citizens/Thoroughbred
   Northwood                       https://robertsspaceindustries.com/en/citizens/Northwood
   Coppermine                      https://robertsspaceindustries.com/en/citizens/Coppermine
   Newcastle                       https://robertsspaceindustries.com/en/citizens/Newcastle
   Trinitron                       https://robertsspaceindustries.com/en/citizens/Trinitron
   Aperture                        https://robertsspaceindustries.com/en/citizens/Aperture
   Refresh                         https://robertsspaceindustries.com/en/citizens/Refresh
   Overclock                       https://robertsspaceindustries.com/en/citizens/Overclock
   Benchmark                       https://robertsspaceindustries.com/en/citizens/Benchmark
   Fraps                           https://robertsspaceindustries.com/en/citizens/Fraps
   Vsync                           https://robertsspaceindustries.com/en/citizens/Vsync
   Antialiasing                    https://robertsspaceindustries.com/en/citizens/Antialiasing
   Anisotropic                     https://robertsspaceindustries.com/en/citizens/Anisotropic
   Shader                          https://robertsspaceindustries.com/en/citizens/Shader
   Ladder                          https://robertsspaceindustries.com/en/citizens/Ladder
   Bracket                         https://robertsspaceindustries.com/en/citizens/Bracket
   Overtime                        https://robertsspaceindustries.com/en/citizens/Overtime
   Forfeit                         https://robertsspaceindustries.com/en/citizens/Forfeit
   Grind                           https://robertsspaceindustries.com/en/citizens/Grind
   Choke                           https://robertsspaceindustries.com/en/citizens/Choke
   Comeback                        https://robertsspaceindustries.com/en/citizens/Comeback
   Hotstreak                       https://robertsspaceindustries.com/en/citizens/Hotstreak
   Plateau                         https://robertsspaceindustries.com/en/citizens/Plateau
   Breakthrough                    https://robertsspaceindustries.com/en/citizens/Breakthrough
   Tiltmode                        https://robertsspaceindustries.com/en/citizens/Tiltmode
   Clanleader                      https://robertsspaceindustries.com/en/citizens/Clanleader
   Guildmaster                     https://robertsspaceindustries.com/en/citizens/Guildmaster
   Trialmember                     https://robertsspaceindustries.com/en/citizens/Trialmember
   Shotcaller                      https://robertsspaceindustries.com/en/citizens/Shotcaller
   Lurker                          https://robertsspaceindustries.com/en/citizens/Lurker
   Patchnotes                      https://robertsspaceindustries.com/en/citizens/Patchnotes
   Hotpatch                        https://robertsspaceindustries.com/en/citizens/Hotpatch
   Netcode                         https://robertsspaceindustries.com/en/citizens/Netcode
   Tickrate                        https://robertsspaceindustries.com/en/citizens/Tickrate
   Hitbox                          https://robertsspaceindustries.com/en/citizens/Hitbox
   Desync                          https://robertsspaceindustries.com/en/citizens/Desync
   Rollback                        https://robertsspaceindustries.com/en/citizens/Rollback
   Qck                             https://robertsspaceindustries.com/en/citizens/Qck
   Mousepad                        https://robertsspaceindustries.com/en/citizens/Mousepad
   Maintenance                     https://robertsspaceindustries.com/en/citizens/Maintenance
   Downtime                        https://robertsspaceindustries.com/en/citizens/Downtime
   Rollout                         https://robertsspaceindustries.com/en/citizens/Rollout
/workspace/check_rsi_handles_v19.py:210: DeprecationWarning: datetime.datetime.utcnow() is deprecated and scheduled for removal in a future version. Use timezone-aware objects to represent datetimes in UTC: datetime.datetime.now(datetime.UTC).
  "checked_at": datetime.utcnow().isoformat() + "Z",

Results saved to rsi_handle_results_v19.json
