Checking 109 PvP slang handles (WoW + CS 1.6)...

   #  CODE  RESULT      HANDLE                     URL
--------------------------------------------------------------------------------------------------------------
[  1/109]   404  AVAILABLE   Stunlock                   https://robertsspaceindustries.com/en/citizens/Stunlock
[  2/109]   404  AVAILABLE   Globaled                   https://robertsspaceindustries.com/en/citizens/Globaled
[  3/109]   404  AVAILABLE   SitBoy                     https://robertsspaceindustries.com/en/citizens/SitBoy
[  4/109]   404  AVAILABLE   PillarHumper               https://robertsspaceindustries.com/en/citizens/PillarHumper
[  5/109]   200  TAKEN       RNGesus                    https://robertsspaceindustries.com/en/citizens/RNGesus
[  6/109]   404  AVAILABLE   PillarHump                 https://robertsspaceindustries.com/en/citizens/PillarHump
[  7/109]   200  TAKEN       Stunbot                    https://robertsspaceindustries.com/en/citizens/Stunbot
[  8/109]   200  TAKEN       Trinket                    https://robertsspaceindustries.com/en/citizens/Trinket
[  9/109]   200  TAKEN       Vanished                   https://robertsspaceindustries.com/en/citizens/Vanished
[ 10/109]   200  TAKEN       HighWarlord                https://robertsspaceindustries.com/en/citizens/HighWarlord
[ 11/109]   200  TAKEN       GrandMarshal               https://robertsspaceindustries.com/en/citizens/GrandMarshal
[ 12/109]   200  TAKEN       Gladiator                  https://robertsspaceindustries.com/en/citizens/Gladiator
[ 13/109]   200  TAKEN       Duelist                    https://robertsspaceindustries.com/en/citizens/Duelist
[ 14/109]   404  AVAILABLE   HonorFarming               https://robertsspaceindustries.com/en/citizens/HonorFarming
[ 15/109]   404  AVAILABLE   GraveyardCamp              https://robertsspaceindustries.com/en/citizens/GraveyardCamp
[ 16/109]   404  AVAILABLE   CorpseCamp                 https://robertsspaceindustries.com/en/citizens/CorpseCamp
[ 17/109]   404  AVAILABLE   Turtling                   https://robertsspaceindustries.com/en/citizens/Turtling
[ 18/109]   404  AVAILABLE   NinjaCap                   https://robertsspaceindustries.com/en/citizens/NinjaCap
[ 19/109]   200  TAKEN       FlagCarrier                https://robertsspaceindustries.com/en/citizens/FlagCarrier
[ 20/109]   404  AVAILABLE   PvPTrinket                 https://robertsspaceindustries.com/en/citizens/PvPTrinket
[ 21/109]   404  AVAILABLE   Backpedaler                https://robertsspaceindustries.com/en/citizens/Backpedaler
[ 22/109]   404  AVAILABLE   Counterspell               https://robertsspaceindustries.com/en/citizens/Counterspell
[ 23/109]   404  AVAILABLE   Sheeped                    https://robertsspaceindustries.com/en/citizens/Sheeped
[ 24/109]   404  AVAILABLE   Sapped                     https://robertsspaceindustries.com/en/citizens/Sapped
[ 25/109]   200  TAKEN       Cycloned                   https://robertsspaceindustries.com/en/citizens/Cycloned
[ 26/109]   200  TAKEN       Feared                     https://robertsspaceindustries.com/en/citizens/Feared
[ 27/109]   200  TAKEN       Disoriented                https://robertsspaceindustries.com/en/citizens/Disoriented
[ 28/109]   404  AVAILABLE   Procced                    https://robertsspaceindustries.com/en/citizens/Procced
[ 29/109]   404  AVAILABLE   SwiftyMacro                https://robertsspaceindustries.com/en/citizens/SwiftyMacro
[ 30/109]   404  AVAILABLE   Rerollhunter               https://robertsspaceindustries.com/en/citizens/Rerollhunter
[ 31/109]   404  AVAILABLE   LolRet                     https://robertsspaceindustries.com/en/citizens/LolRet
[ 32/109]   200  TAKEN       FaceMelter                 https://robertsspaceindustries.com/en/citizens/FaceMelter
[ 33/109]   404  AVAILABLE   ShadowWeave                https://robertsspaceindustries.com/en/citizens/ShadowWeave
[ 34/109]   200  TAKEN       TwoShot                    https://robertsspaceindustries.com/en/citizens/TwoShot
[ 35/109]   200  TAKEN       GlobalCd                   https://robertsspaceindustries.com/en/citizens/GlobalCd
[ 36/109]   404  AVAILABLE   HardSwap                   https://robertsspaceindustries.com/en/citizens/HardSwap
[ 37/109]   200  TAKEN       Peel                       https://robertsspaceindustries.com/en/citizens/Peel
[ 38/109]   404  AVAILABLE   TradedKills                https://robertsspaceindustries.com/en/citizens/TradedKills
[ 39/109]   404  AVAILABLE   RmpComp                    https://robertsspaceindustries.com/en/citizens/RmpComp
[ 40/109]   200  TAKEN       GoGoGo                     https://robertsspaceindustries.com/en/citizens/GoGoGo
[ 41/109]   200  TAKEN       Bursting                   https://robertsspaceindustries.com/en/citizens/Bursting
[ 42/109]   200  TAKEN       Tunneling                  https://robertsspaceindustries.com/en/citizens/Tunneling
[ 43/109]   404  AVAILABLE   CleaveCleave               https://robertsspaceindustries.com/en/citizens/CleaveCleave
[ 44/109]   404  AVAILABLE   DampeningWins              https://robertsspaceindustries.com/en/citizens/DampeningWins
[ 45/109]   404  AVAILABLE   StealthNoob                https://robertsspaceindustries.com/en/citizens/StealthNoob
[ 46/109]   404  AVAILABLE   Kitebot                    https://robertsspaceindustries.com/en/citizens/Kitebot
[ 47/109]   200  TAKEN       HealBot                    https://robertsspaceindustries.com/en/citizens/HealBot
[ 48/109]   404  AVAILABLE   BubbleHearth               https://robertsspaceindustries.com/en/citizens/BubbleHearth
[ 49/109]   404  AVAILABLE   BubbleHearthstoner         https://robertsspaceindustries.com/en/citizens/BubbleHearthstoner
[ 50/109]   200  TAKEN       IceBlock                   https://robertsspaceindustries.com/en/citizens/IceBlock
[ 51/109]   404  AVAILABLE   Barkskinned                https://robertsspaceindustries.com/en/citizens/Barkskinned
[ 52/109]   404  AVAILABLE   BearForm                   https://robertsspaceindustries.com/en/citizens/BearForm
[ 53/109]   404  AVAILABLE   ChickenForm                https://robertsspaceindustries.com/en/citizens/ChickenForm
[ 54/109]   200  TAKEN       GGEZ                       https://robertsspaceindustries.com/en/citizens/GGEZ
[ 55/109]   200  TAKEN       ClutchOrKick               https://robertsspaceindustries.com/en/citizens/ClutchOrKick
[ 56/109]   404  AVAILABLE   OneTapper                  https://robertsspaceindustries.com/en/citizens/OneTapper
[ 57/109]   200  TAKEN       SpinBot                    https://robertsspaceindustries.com/en/citizens/SpinBot
[ 58/109]   404  AVAILABLE   Spinbotter                 https://robertsspaceindustries.com/en/citizens/Spinbotter
[ 59/109]   200  TAKEN       SkillIssue                 https://robertsspaceindustries.com/en/citizens/SkillIssue
[ 60/109]   200  TAKEN       GetRekt                    https://robertsspaceindustries.com/en/citizens/GetRekt
[ 61/109]   404  AVAILABLE   AceRound                   https://robertsspaceindustries.com/en/citizens/AceRound
[ 62/109]   404  AVAILABLE   HardCarry                  https://robertsspaceindustries.com/en/citizens/HardCarry
[ 63/109]   404  AVAILABLE   EcoKill                    https://robertsspaceindustries.com/en/citizens/EcoKill
[ 64/109]   404  AVAILABLE   ForceRound                 https://robertsspaceindustries.com/en/citizens/ForceRound
[ 65/109]   200  TAKEN       DropMe                     https://robertsspaceindustries.com/en/citizens/DropMe
[ 66/109]   404  AVAILABLE   PlantIt                    https://robertsspaceindustries.com/en/citizens/PlantIt
[ 67/109]   200  TAKEN       Retake                     https://robertsspaceindustries.com/en/citizens/Retake
[ 68/109]   404  AVAILABLE   Rushed                     https://robertsspaceindustries.com/en/citizens/Rushed
[ 69/109]   404  AVAILABLE   Peeked                     https://robertsspaceindustries.com/en/citizens/Peeked
[ 70/109]   404  AVAILABLE   PreAimed                   https://robertsspaceindustries.com/en/citizens/PreAimed
[ 71/109]   404  AVAILABLE   AngleHeld                  https://robertsspaceindustries.com/en/citizens/AngleHeld
[ 72/109]   404  AVAILABLE   WallBanged                 https://robertsspaceindustries.com/en/citizens/WallBanged
[ 73/109]   404  AVAILABLE   FlashTraded                https://robertsspaceindustries.com/en/citizens/FlashTraded
[ 74/109]   404  AVAILABLE   CycleKill                  https://robertsspaceindustries.com/en/citizens/CycleKill
[ 75/109]   404  AVAILABLE   TimeBuy                    https://robertsspaceindustries.com/en/citizens/TimeBuy
[ 76/109]   404  AVAILABLE   SmokeSpam                  https://robertsspaceindustries.com/en/citizens/SmokeSpam
[ 77/109]   404  AVAILABLE   NadeStack                  https://robertsspaceindustries.com/en/citizens/NadeStack
[ 78/109]   404  AVAILABLE   KnifeRound                 https://robertsspaceindustries.com/en/citizens/KnifeRound
[ 79/109]   404  AVAILABLE   PistolGod                  https://robertsspaceindustries.com/en/citizens/PistolGod
[ 80/109]   404  AVAILABLE   DeagleGod                  https://robertsspaceindustries.com/en/citizens/DeagleGod
[ 81/109]   404  AVAILABLE   AimPunch                   https://robertsspaceindustries.com/en/citizens/AimPunch
[ 82/109]   404  AVAILABLE   Tapfire                    https://robertsspaceindustries.com/en/citizens/Tapfire
[ 83/109]   404  AVAILABLE   Spraydown                  https://robertsspaceindustries.com/en/citizens/Spraydown
[ 84/109]   404  AVAILABLE   HeadLevel                  https://robertsspaceindustries.com/en/citizens/HeadLevel
[ 85/109]   404  AVAILABLE   PixelWalk                  https://robertsspaceindustries.com/en/citizens/PixelWalk
[ 86/109]   404  AVAILABLE   JumpThrow                  https://robertsspaceindustries.com/en/citizens/JumpThrow
[ 87/109]   404  AVAILABLE   LineupSmoke                https://robertsspaceindustries.com/en/citizens/LineupSmoke
[ 88/109]   404  AVAILABLE   ThreeKKnife                https://robertsspaceindustries.com/en/citizens/ThreeKKnife
[ 89/109]   404  AVAILABLE   DinkShot                   https://robertsspaceindustries.com/en/citizens/DinkShot
[ 90/109]   200  TAKEN       Dinked                     https://robertsspaceindustries.com/en/citizens/Dinked
[ 91/109]   404  AVAILABLE   FullHPAce                  https://robertsspaceindustries.com/en/citizens/FullHPAce
[ 92/109]   404  AVAILABLE   SoloEntry                  https://robertsspaceindustries.com/en/citizens/SoloEntry
[ 93/109]   404  AVAILABLE   TradeKill                  https://robertsspaceindustries.com/en/citizens/TradeKill
[ 94/109]   404  AVAILABLE   EcoRound                   https://robertsspaceindustries.com/en/citizens/EcoRound
[ 95/109]   200  TAKEN       ForceGG                    https://robertsspaceindustries.com/en/citizens/ForceGG
[ 96/109]   200  TAKEN       GoNext                     https://robertsspaceindustries.com/en/citizens/GoNext
[ 97/109]   404  AVAILABLE   StartFreshRound            https://robertsspaceindustries.com/en/citizens/StartFreshRound
[ 98/109]   404  AVAILABLE   ClanTag                    https://robertsspaceindustries.com/en/citizens/ClanTag
[ 99/109]   200  TAKEN       NoRecoil                   https://robertsspaceindustries.com/en/citizens/NoRecoil
[100/109]   200  TAKEN       LagSwitch                  https://robertsspaceindustries.com/en/citizens/LagSwitch
[101/109]   404  AVAILABLE   LagSwitcher                https://robertsspaceindustries.com/en/citizens/LagSwitcher
[102/109]   200  TAKEN       Warping                    https://robertsspaceindustries.com/en/citizens/Warping
[103/109]   404  AVAILABLE   Teleporting                https://robertsspaceindustries.com/en/citizens/Teleporting
[104/109]   404  AVAILABLE   PureRNG                    https://robertsspaceindustries.com/en/citizens/PureRNG
[105/109]   404  AVAILABLE   LuckNoskill                https://robertsspaceindustries.com/en/citizens/LuckNoskill
[106/109]   200  TAKEN       TryHarder                  https://robertsspaceindustries.com/en/citizens/TryHarder
[107/109]   200  TAKEN       CasualPlayer               https://robertsspaceindustries.com/en/citizens/CasualPlayer
[108/109]   404  AVAILABLE   PubStar                    https://robertsspaceindustries.com/en/citizens/PubStar
[109/109]   404  AVAILABLE   ScrimGod                   https://robertsspaceindustries.com/en/citizens/ScrimGod

==============================================================================================================

✅  AVAILABLE (73):
   Stunlock                        https://robertsspaceindustries.com/en/citizens/Stunlock
   Globaled                        https://robertsspaceindustries.com/en/citizens/Globaled
   SitBoy                          https://robertsspaceindustries.com/en/citizens/SitBoy
   PillarHumper                    https://robertsspaceindustries.com/en/citizens/PillarHumper
   PillarHump                      https://robertsspaceindustries.com/en/citizens/PillarHump
   HonorFarming                    https://robertsspaceindustries.com/en/citizens/HonorFarming
   GraveyardCamp                   https://robertsspaceindustries.com/en/citizens/GraveyardCamp
   CorpseCamp                      https://robertsspaceindustries.com/en/citizens/CorpseCamp
   Turtling                        https://robertsspaceindustries.com/en/citizens/Turtling
   NinjaCap                        https://robertsspaceindustries.com/en/citizens/NinjaCap
   PvPTrinket                      https://robertsspaceindustries.com/en/citizens/PvPTrinket
   Backpedaler                     https://robertsspaceindustries.com/en/citizens/Backpedaler
   Counterspell                    https://robertsspaceindustries.com/en/citizens/Counterspell
   Sheeped                         https://robertsspaceindustries.com/en/citizens/Sheeped
   Sapped                          https://robertsspaceindustries.com/en/citizens/Sapped
   Procced                         https://robertsspaceindustries.com/en/citizens/Procced
   SwiftyMacro                     https://robertsspaceindustries.com/en/citizens/SwiftyMacro
   Rerollhunter                    https://robertsspaceindustries.com/en/citizens/Rerollhunter
   LolRet                          https://robertsspaceindustries.com/en/citizens/LolRet
   ShadowWeave                     https://robertsspaceindustries.com/en/citizens/ShadowWeave
   HardSwap                        https://robertsspaceindustries.com/en/citizens/HardSwap
   TradedKills                     https://robertsspaceindustries.com/en/citizens/TradedKills
   RmpComp                         https://robertsspaceindustries.com/en/citizens/RmpComp
   CleaveCleave                    https://robertsspaceindustries.com/en/citizens/CleaveCleave
   DampeningWins                   https://robertsspaceindustries.com/en/citizens/DampeningWins
   StealthNoob                     https://robertsspaceindustries.com/en/citizens/StealthNoob
   Kitebot                         https://robertsspaceindustries.com/en/citizens/Kitebot
   BubbleHearth                    https://robertsspaceindustries.com/en/citizens/BubbleHearth
   BubbleHearthstoner              https://robertsspaceindustries.com/en/citizens/BubbleHearthstoner
   Barkskinned                     https://robertsspaceindustries.com/en/citizens/Barkskinned
   BearForm                        https://robertsspaceindustries.com/en/citizens/BearForm
   ChickenForm                     https://robertsspaceindustries.com/en/citizens/ChickenForm
   OneTapper                       https://robertsspaceindustries.com/en/citizens/OneTapper
   Spinbotter                      https://robertsspaceindustries.com/en/citizens/Spinbotter
   AceRound                        https://robertsspaceindustries.com/en/citizens/AceRound
   HardCarry                       https://robertsspaceindustries.com/en/citizens/HardCarry
   EcoKill                         https://robertsspaceindustries.com/en/citizens/EcoKill
   ForceRound                      https://robertsspaceindustries.com/en/citizens/ForceRound
   PlantIt                         https://robertsspaceindustries.com/en/citizens/PlantIt
   Rushed                          https://robertsspaceindustries.com/en/citizens/Rushed
   Peeked                          https://robertsspaceindustries.com/en/citizens/Peeked
   PreAimed                        https://robertsspaceindustries.com/en/citizens/PreAimed
   AngleHeld                       https://robertsspaceindustries.com/en/citizens/AngleHeld
   WallBanged                      https://robertsspaceindustries.com/en/citizens/WallBanged
   FlashTraded                     https://robertsspaceindustries.com/en/citizens/FlashTraded
   CycleKill                       https://robertsspaceindustries.com/en/citizens/CycleKill
   TimeBuy                         https://robertsspaceindustries.com/en/citizens/TimeBuy
   SmokeSpam                       https://robertsspaceindustries.com/en/citizens/SmokeSpam
   NadeStack                       https://robertsspaceindustries.com/en/citizens/NadeStack
   KnifeRound                      https://robertsspaceindustries.com/en/citizens/KnifeRound
   PistolGod                       https://robertsspaceindustries.com/en/citizens/PistolGod
   DeagleGod                       https://robertsspaceindustries.com/en/citizens/DeagleGod
   AimPunch                        https://robertsspaceindustries.com/en/citizens/AimPunch
   Tapfire                         https://robertsspaceindustries.com/en/citizens/Tapfire
   Spraydown                       https://robertsspaceindustries.com/en/citizens/Spraydown
   HeadLevel                       https://robertsspaceindustries.com/en/citizens/HeadLevel
   PixelWalk                       https://robertsspaceindustries.com/en/citizens/PixelWalk
   JumpThrow                       https://robertsspaceindustries.com/en/citizens/JumpThrow
   LineupSmoke                     https://robertsspaceindustries.com/en/citizens/LineupSmoke
   ThreeKKnife                     https://robertsspaceindustries.com/en/citizens/ThreeKKnife
   DinkShot                        https://robertsspaceindustries.com/en/citizens/DinkShot
   FullHPAce                       https://robertsspaceindustries.com/en/citizens/FullHPAce
   SoloEntry                       https://robertsspaceindustries.com/en/citizens/SoloEntry
   TradeKill                       https://robertsspaceindustries.com/en/citizens/TradeKill
   EcoRound                        https://robertsspaceindustries.com/en/citizens/EcoRound
   StartFreshRound                 https://robertsspaceindustries.com/en/citizens/StartFreshRound
   ClanTag                         https://robertsspaceindustries.com/en/citizens/ClanTag
   LagSwitcher                     https://robertsspaceindustries.com/en/citizens/LagSwitcher
   Teleporting                     https://robertsspaceindustries.com/en/citizens/Teleporting
   PureRNG                         https://robertsspaceindustries.com/en/citizens/PureRNG
   LuckNoskill                     https://robertsspaceindustries.com/en/citizens/LuckNoskill
   PubStar                         https://robertsspaceindustries.com/en/citizens/PubStar
   ScrimGod                        https://robertsspaceindustries.com/en/citizens/ScrimGod

❌  TAKEN (36):
   RNGesus                         https://robertsspaceindustries.com/en/citizens/RNGesus
   Stunbot                         https://robertsspaceindustries.com/en/citizens/Stunbot
   Trinket                         https://robertsspaceindustries.com/en/citizens/Trinket
   Vanished                        https://robertsspaceindustries.com/en/citizens/Vanished
   HighWarlord                     https://robertsspaceindustries.com/en/citizens/HighWarlord
   GrandMarshal                    https://robertsspaceindustries.com/en/citizens/GrandMarshal
   Gladiator                       https://robertsspaceindustries.com/en/citizens/Gladiator
   Duelist                         https://robertsspaceindustries.com/en/citizens/Duelist
   FlagCarrier                     https://robertsspaceindustries.com/en/citizens/FlagCarrier
   Cycloned                        https://robertsspaceindustries.com/en/citizens/Cycloned
   Feared                          https://robertsspaceindustries.com/en/citizens/Feared
   Disoriented                     https://robertsspaceindustries.com/en/citizens/Disoriented
   FaceMelter                      https://robertsspaceindustries.com/en/citizens/FaceMelter
   TwoShot                         https://robertsspaceindustries.com/en/citizens/TwoShot
   GlobalCd                        https://robertsspaceindustries.com/en/citizens/GlobalCd
   Peel                            https://robertsspaceindustries.com/en/citizens/Peel
   GoGoGo                          https://robertsspaceindustries.com/en/citizens/GoGoGo
   Bursting                        https://robertsspaceindustries.com/en/citizens/Bursting
   Tunneling                       https://robertsspaceindustries.com/en/citizens/Tunneling
   HealBot                         https://robertsspaceindustries.com/en/citizens/HealBot
   IceBlock                        https://robertsspaceindustries.com/en/citizens/IceBlock
   GGEZ                            https://robertsspaceindustries.com/en/citizens/GGEZ
   ClutchOrKick                    https://robertsspaceindustries.com/en/citizens/ClutchOrKick
   SpinBot                         https://robertsspaceindustries.com/en/citizens/SpinBot
   SkillIssue                      https://robertsspaceindustries.com/en/citizens/SkillIssue
   GetRekt                         https://robertsspaceindustries.com/en/citizens/GetRekt
   DropMe                          https://robertsspaceindustries.com/en/citizens/DropMe
   Retake                          https://robertsspaceindustries.com/en/citizens/Retake
   Dinked                          https://robertsspaceindustries.com/en/citizens/Dinked
   ForceGG                         https://robertsspaceindustries.com/en/citizens/ForceGG
   GoNext                          https://robertsspaceindustries.com/en/citizens/GoNext
   NoRecoil                        https://robertsspaceindustries.com/en/citizens/NoRecoil
   LagSwitch                       https://robertsspaceindustries.com/en/citizens/LagSwitch
   Warping                         https://robertsspaceindustries.com/en/citizens/Warping
   TryHarder                       https://robertsspaceindustries.com/en/citizens/TryHarder
   CasualPlayer                    https://robertsspaceindustries.com/en/citizens/CasualPlayer
/workspace/check_rsi_handles_v6.py:201: DeprecationWarning: datetime.datetime.utcnow() is deprecated and scheduled for removal in a future version. Use timezone-aware objects to represent datetimes in UTC: datetime.datetime.now(datetime.UTC).
  "checked_at": datetime.utcnow().isoformat() + "Z",

Results saved to rsi_handle_results_v6.json
