Checking 86 FPS-focused handles...

   #  CODE  RESULT      HANDLE                     URL
--------------------------------------------------------------------------------------------------------------
[  1/86]   200  TAKEN       Cooller                    https://robertsspaceindustries.com/en/citizens/Cooller
[  2/86]   200  TAKEN       Cypher                     https://robertsspaceindustries.com/en/citizens/Cypher
[  3/86]   404  AVAILABLE   Toxjq                      https://robertsspaceindustries.com/en/citizens/Toxjq
[  4/86]   200  TAKEN       ZeRo4                      https://robertsspaceindustries.com/en/citizens/ZeRo4
[  5/86]   404  AVAILABLE   Strenx                     https://robertsspaceindustries.com/en/citizens/Strenx
[  6/86]   200  TAKEN       Rapha                      https://robertsspaceindustries.com/en/citizens/Rapha
[  7/86]   404  AVAILABLE   Vo0                        https://robertsspaceindustries.com/en/citizens/Vo0
[  8/86]   200  TAKEN       Socrates                   https://robertsspaceindustries.com/en/citizens/Socrates
[  9/86]   200  TAKEN       Aerowalk                   https://robertsspaceindustries.com/en/citizens/Aerowalk
[ 10/86]   404  AVAILABLE   Bloodrun                   https://robertsspaceindustries.com/en/citizens/Bloodrun
[ 11/86]   404  AVAILABLE   Campgrounds                https://robertsspaceindustries.com/en/citizens/Campgrounds
[ 12/86]   404  AVAILABLE   Longestyard                https://robertsspaceindustries.com/en/citizens/Longestyard
[ 13/86]   200  TAKEN       Phrantic                   https://robertsspaceindustries.com/en/citizens/Phrantic
[ 14/86]   200  TAKEN       ShockRifle                 https://robertsspaceindustries.com/en/citizens/ShockRifle
[ 15/86]   404  AVAILABLE   ShockCombo                 https://robertsspaceindustries.com/en/citizens/ShockCombo
[ 16/86]   200  TAKEN       LinkGun                    https://robertsspaceindustries.com/en/citizens/LinkGun
[ 17/86]   404  AVAILABLE   Translocator               https://robertsspaceindustries.com/en/citizens/Translocator
[ 18/86]   200  TAKEN       FacingWorlds               https://robertsspaceindustries.com/en/citizens/FacingWorlds
[ 19/86]   200  TAKEN       Morpheus                   https://robertsspaceindustries.com/en/citizens/Morpheus
[ 20/86]   404  AVAILABLE   Deck16                     https://robertsspaceindustries.com/en/citizens/Deck16
[ 21/86]   200  TAKEN       Phobos2                    https://robertsspaceindustries.com/en/citizens/Phobos2
[ 22/86]   404  AVAILABLE   Biolauncher                https://robertsspaceindustries.com/en/citizens/Biolauncher
[ 23/86]   200  TAKEN       Ripper                     https://robertsspaceindustries.com/en/citizens/Ripper
[ 24/86]   404  AVAILABLE   Pulsegun                   https://robertsspaceindustries.com/en/citizens/Pulsegun
[ 25/86]   404  AVAILABLE   Archvile                   https://robertsspaceindustries.com/en/citizens/Archvile
[ 26/86]   200  TAKEN       Revenant                   https://robertsspaceindustries.com/en/citizens/Revenant
[ 27/86]   200  TAKEN       Cacodemon                  https://robertsspaceindustries.com/en/citizens/Cacodemon
[ 28/86]   200  TAKEN       Mancubus                   https://robertsspaceindustries.com/en/citizens/Mancubus
[ 29/86]   200  TAKEN       Cyberdemon                 https://robertsspaceindustries.com/en/citizens/Cyberdemon
[ 30/86]   200  TAKEN       Arachnotron                https://robertsspaceindustries.com/en/citizens/Arachnotron
[ 31/86]   404  AVAILABLE   Chaingunner                https://robertsspaceindustries.com/en/citizens/Chaingunner
[ 32/86]   404  AVAILABLE   Painelemental              https://robertsspaceindustries.com/en/citizens/Painelemental
[ 33/86]   200  TAKEN       Hellknight                 https://robertsspaceindustries.com/en/citizens/Hellknight
[ 34/86]   404  AVAILABLE   Skiing                     https://robertsspaceindustries.com/en/citizens/Skiing
[ 35/86]   200  TAKEN       Spinfusor                  https://robertsspaceindustries.com/en/citizens/Spinfusor
[ 36/86]   404  AVAILABLE   Flagcapper                 https://robertsspaceindustries.com/en/citizens/Flagcapper
[ 37/86]   200  TAKEN       Bioderm                    https://robertsspaceindustries.com/en/citizens/Bioderm
[ 38/86]   200  TAKEN       Elf                        https://robertsspaceindustries.com/en/citizens/Elf
[ 39/86]   200  TAKEN       Pathfinder                 https://robertsspaceindustries.com/en/citizens/Pathfinder
[ 40/86]   404  AVAILABLE   BF1942                     https://robertsspaceindustries.com/en/citizens/BF1942
[ 41/86]   200  TAKEN       Conquest                   https://robertsspaceindustries.com/en/citizens/Conquest
[ 42/86]   404  AVAILABLE   Ticketbleed                https://robertsspaceindustries.com/en/citizens/Ticketbleed
[ 43/86]   404  AVAILABLE   WakeIsland                 https://robertsspaceindustries.com/en/citizens/WakeIsland
[ 44/86]   404  AVAILABLE   Guadalcanal                https://robertsspaceindustries.com/en/citizens/Guadalcanal
[ 45/86]   200  TAKEN       ElAlamein                  https://robertsspaceindustries.com/en/citizens/ElAlamein
[ 46/86]   200  TAKEN       Omaha                      https://robertsspaceindustries.com/en/citizens/Omaha
[ 47/86]   200  TAKEN       MOHAA                      https://robertsspaceindustries.com/en/citizens/MOHAA
[ 48/86]   200  TAKEN       OmahaBeach                 https://robertsspaceindustries.com/en/citizens/OmahaBeach
[ 49/86]   200  TAKEN       Spearhead                  https://robertsspaceindustries.com/en/citizens/Spearhead
[ 50/86]   404  AVAILABLE   DayofDefeat                https://robertsspaceindustries.com/en/citizens/DayofDefeat
[ 51/86]   200  TAKEN       DoD                        https://robertsspaceindustries.com/en/citizens/DoD
[ 52/86]   200  TAKEN       Avalanche                  https://robertsspaceindustries.com/en/citizens/Avalanche
[ 53/86]   200  TAKEN       Anzio                      https://robertsspaceindustries.com/en/citizens/Anzio
[ 54/86]   404  AVAILABLE   AmericasArmy               https://robertsspaceindustries.com/en/citizens/AmericasArmy
[ 55/86]   404  AVAILABLE   SFQualify                  https://robertsspaceindustries.com/en/citizens/SFQualify
[ 56/86]   200  TAKEN       RainbowSix                 https://robertsspaceindustries.com/en/citizens/RainbowSix
[ 57/86]   200  TAKEN       RogueSpear                 https://robertsspaceindustries.com/en/citizens/RogueSpear
[ 58/86]   200  TAKEN       Flashpoint                 https://robertsspaceindustries.com/en/citizens/Flashpoint
[ 59/86]   200  TAKEN       Resistance                 https://robertsspaceindustries.com/en/citizens/Resistance
[ 60/86]   404  AVAILABLE   cstrikesource              https://robertsspaceindustries.com/en/citizens/cstrikesource
[ 61/86]   404  AVAILABLE   cssource                   https://robertsspaceindustries.com/en/citizens/cssource
[ 62/86]   404  AVAILABLE   surfmap                    https://robertsspaceindustries.com/en/citizens/surfmap
[ 63/86]   404  AVAILABLE   bhopping                   https://robertsspaceindustries.com/en/citizens/bhopping
[ 64/86]   404  AVAILABLE   Strafe50                   https://robertsspaceindustries.com/en/citizens/Strafe50
[ 65/86]   404  AVAILABLE   AirStrafe                  https://robertsspaceindustries.com/en/citizens/AirStrafe
[ 66/86]   404  AVAILABLE   WallStrafe                 https://robertsspaceindustries.com/en/citizens/WallStrafe
[ 67/86]   404  AVAILABLE   Bhopchain                  https://robertsspaceindustries.com/en/citizens/Bhopchain
[ 68/86]   404  AVAILABLE   Walljumping                https://robertsspaceindustries.com/en/citizens/Walljumping
[ 69/86]   404  AVAILABLE   PerfectStrafe              https://robertsspaceindustries.com/en/citizens/PerfectStrafe
[ 70/86]   200  TAKEN       Doubletap                  https://robertsspaceindustries.com/en/citizens/Doubletap
[ 71/86]   404  AVAILABLE   Flicking                   https://robertsspaceindustries.com/en/citizens/Flicking
[ 72/86]   404  AVAILABLE   Prefiring                  https://robertsspaceindustries.com/en/citizens/Prefiring
[ 73/86]   200  TAKEN       SpawN                      https://robertsspaceindustries.com/en/citizens/SpawN
[ 74/86]   200  TAKEN       Fisker                     https://robertsspaceindustries.com/en/citizens/Fisker
[ 75/86]   200  TAKEN       Potti                      https://robertsspaceindustries.com/en/citizens/Potti
[ 76/86]   200  TAKEN       cArn                       https://robertsspaceindustries.com/en/citizens/cArn
[ 77/86]   200  TAKEN       Walle                      https://robertsspaceindustries.com/en/citizens/Walle
[ 78/86]   200  TAKEN       Hyper                      https://robertsspaceindustries.com/en/citizens/Hyper
[ 79/86]   200  TAKEN       Ave                        https://robertsspaceindustries.com/en/citizens/Ave
[ 80/86]   200  TAKEN       Zonic                      https://robertsspaceindustries.com/en/citizens/Zonic
[ 81/86]   404  AVAILABLE   Elemenoopy                 https://robertsspaceindustries.com/en/citizens/Elemenoopy
[ 82/86]   200  TAKEN       Fnatic                     https://robertsspaceindustries.com/en/citizens/Fnatic
[ 83/86]   404  AVAILABLE   Compexity                  https://robertsspaceindustries.com/en/citizens/Compexity
[ 84/86]   404  AVAILABLE   EvilGeniuses               https://robertsspaceindustries.com/en/citizens/EvilGeniuses
[ 85/86]   404  AVAILABLE   mousesports                https://robertsspaceindustries.com/en/citizens/mousesports
[ 86/86]   200  TAKEN       Virtuspro                  https://robertsspaceindustries.com/en/citizens/Virtuspro

==============================================================================================================

✅  AVAILABLE (39):
   Toxjq                           https://robertsspaceindustries.com/en/citizens/Toxjq
   Strenx                          https://robertsspaceindustries.com/en/citizens/Strenx
   Vo0                             https://robertsspaceindustries.com/en/citizens/Vo0
   Bloodrun                        https://robertsspaceindustries.com/en/citizens/Bloodrun
   Campgrounds                     https://robertsspaceindustries.com/en/citizens/Campgrounds
   Longestyard                     https://robertsspaceindustries.com/en/citizens/Longestyard
   ShockCombo                      https://robertsspaceindustries.com/en/citizens/ShockCombo
   Translocator                    https://robertsspaceindustries.com/en/citizens/Translocator
   Deck16                          https://robertsspaceindustries.com/en/citizens/Deck16
   Biolauncher                     https://robertsspaceindustries.com/en/citizens/Biolauncher
   Pulsegun                        https://robertsspaceindustries.com/en/citizens/Pulsegun
   Archvile                        https://robertsspaceindustries.com/en/citizens/Archvile
   Chaingunner                     https://robertsspaceindustries.com/en/citizens/Chaingunner
   Painelemental                   https://robertsspaceindustries.com/en/citizens/Painelemental
   Skiing                          https://robertsspaceindustries.com/en/citizens/Skiing
   Flagcapper                      https://robertsspaceindustries.com/en/citizens/Flagcapper
   BF1942                          https://robertsspaceindustries.com/en/citizens/BF1942
   Ticketbleed                     https://robertsspaceindustries.com/en/citizens/Ticketbleed
   WakeIsland                      https://robertsspaceindustries.com/en/citizens/WakeIsland
   Guadalcanal                     https://robertsspaceindustries.com/en/citizens/Guadalcanal
   DayofDefeat                     https://robertsspaceindustries.com/en/citizens/DayofDefeat
   AmericasArmy                    https://robertsspaceindustries.com/en/citizens/AmericasArmy
   SFQualify                       https://robertsspaceindustries.com/en/citizens/SFQualify
   cstrikesource                   https://robertsspaceindustries.com/en/citizens/cstrikesource
   cssource                        https://robertsspaceindustries.com/en/citizens/cssource
   surfmap                         https://robertsspaceindustries.com/en/citizens/surfmap
   bhopping                        https://robertsspaceindustries.com/en/citizens/bhopping
   Strafe50                        https://robertsspaceindustries.com/en/citizens/Strafe50
   AirStrafe                       https://robertsspaceindustries.com/en/citizens/AirStrafe
   WallStrafe                      https://robertsspaceindustries.com/en/citizens/WallStrafe
   Bhopchain                       https://robertsspaceindustries.com/en/citizens/Bhopchain
   Walljumping                     https://robertsspaceindustries.com/en/citizens/Walljumping
   PerfectStrafe                   https://robertsspaceindustries.com/en/citizens/PerfectStrafe
   Flicking                        https://robertsspaceindustries.com/en/citizens/Flicking
   Prefiring                       https://robertsspaceindustries.com/en/citizens/Prefiring
   Elemenoopy                      https://robertsspaceindustries.com/en/citizens/Elemenoopy
   Compexity                       https://robertsspaceindustries.com/en/citizens/Compexity
   EvilGeniuses                    https://robertsspaceindustries.com/en/citizens/EvilGeniuses
   mousesports                     https://robertsspaceindustries.com/en/citizens/mousesports

❌  TAKEN (47):
   Cooller                         https://robertsspaceindustries.com/en/citizens/Cooller
   Cypher                          https://robertsspaceindustries.com/en/citizens/Cypher
   ZeRo4                           https://robertsspaceindustries.com/en/citizens/ZeRo4
   Rapha                           https://robertsspaceindustries.com/en/citizens/Rapha
   Socrates                        https://robertsspaceindustries.com/en/citizens/Socrates
   Aerowalk                        https://robertsspaceindustries.com/en/citizens/Aerowalk
   Phrantic                        https://robertsspaceindustries.com/en/citizens/Phrantic
   ShockRifle                      https://robertsspaceindustries.com/en/citizens/ShockRifle
   LinkGun                         https://robertsspaceindustries.com/en/citizens/LinkGun
   FacingWorlds                    https://robertsspaceindustries.com/en/citizens/FacingWorlds
   Morpheus                        https://robertsspaceindustries.com/en/citizens/Morpheus
   Phobos2                         https://robertsspaceindustries.com/en/citizens/Phobos2
   Ripper                          https://robertsspaceindustries.com/en/citizens/Ripper
   Revenant                        https://robertsspaceindustries.com/en/citizens/Revenant
   Cacodemon                       https://robertsspaceindustries.com/en/citizens/Cacodemon
   Mancubus                        https://robertsspaceindustries.com/en/citizens/Mancubus
   Cyberdemon                      https://robertsspaceindustries.com/en/citizens/Cyberdemon
   Arachnotron                     https://robertsspaceindustries.com/en/citizens/Arachnotron
   Hellknight                      https://robertsspaceindustries.com/en/citizens/Hellknight
   Spinfusor                       https://robertsspaceindustries.com/en/citizens/Spinfusor
   Bioderm                         https://robertsspaceindustries.com/en/citizens/Bioderm
   Elf                             https://robertsspaceindustries.com/en/citizens/Elf
   Pathfinder                      https://robertsspaceindustries.com/en/citizens/Pathfinder
   Conquest                        https://robertsspaceindustries.com/en/citizens/Conquest
   ElAlamein                       https://robertsspaceindustries.com/en/citizens/ElAlamein
   Omaha                           https://robertsspaceindustries.com/en/citizens/Omaha
   MOHAA                           https://robertsspaceindustries.com/en/citizens/MOHAA
   OmahaBeach                      https://robertsspaceindustries.com/en/citizens/OmahaBeach
   Spearhead                       https://robertsspaceindustries.com/en/citizens/Spearhead
   DoD                             https://robertsspaceindustries.com/en/citizens/DoD
   Avalanche                       https://robertsspaceindustries.com/en/citizens/Avalanche
   Anzio                           https://robertsspaceindustries.com/en/citizens/Anzio
   RainbowSix                      https://robertsspaceindustries.com/en/citizens/RainbowSix
   RogueSpear                      https://robertsspaceindustries.com/en/citizens/RogueSpear
   Flashpoint                      https://robertsspaceindustries.com/en/citizens/Flashpoint
   Resistance                      https://robertsspaceindustries.com/en/citizens/Resistance
   Doubletap                       https://robertsspaceindustries.com/en/citizens/Doubletap
   SpawN                           https://robertsspaceindustries.com/en/citizens/SpawN
   Fisker                          https://robertsspaceindustries.com/en/citizens/Fisker
   Potti                           https://robertsspaceindustries.com/en/citizens/Potti
   cArn                            https://robertsspaceindustries.com/en/citizens/cArn
   Walle                           https://robertsspaceindustries.com/en/citizens/Walle
   Hyper                           https://robertsspaceindustries.com/en/citizens/Hyper
   Ave                             https://robertsspaceindustries.com/en/citizens/Ave
   Zonic                           https://robertsspaceindustries.com/en/citizens/Zonic
   Fnatic                          https://robertsspaceindustries.com/en/citizens/Fnatic
   Virtuspro                       https://robertsspaceindustries.com/en/citizens/Virtuspro
/workspace/check_rsi_handles_v18.py:221: DeprecationWarning: datetime.datetime.utcnow() is deprecated and scheduled for removal in a future version. Use timezone-aware objects to represent datetimes in UTC: datetime.datetime.now(datetime.UTC).
  "checked_at": datetime.utcnow().isoformat() + "Z",

Results saved to rsi_handle_results_v18.json
