Checking 85 early 4chan/underground/Linux handles...

   #  CODE  RESULT      HANDLE                     URL
--------------------------------------------------------------------------------------------------------------
[  1/85]   200  TAKEN       Topkek                     https://robertsspaceindustries.com/en/citizens/Topkek
[  2/85]   404  AVAILABLE   Lurkmor                    https://robertsspaceindustries.com/en/citizens/Lurkmor
[  3/85]   404  AVAILABLE   Lurkmore                   https://robertsspaceindustries.com/en/citizens/Lurkmore
[  4/85]   404  AVAILABLE   Greentext                  https://robertsspaceindustries.com/en/citizens/Greentext
[  5/85]   200  TAKEN       Copypasta                  https://robertsspaceindustries.com/en/citizens/Copypasta
[  6/85]   404  AVAILABLE   Anonsaid                   https://robertsspaceindustries.com/en/citizens/Anonsaid
[  7/85]   404  AVAILABLE   WeLegion                   https://robertsspaceindustries.com/en/citizens/WeLegion
[  8/85]   404  AVAILABLE   WeAnon                     https://robertsspaceindustries.com/en/citizens/WeAnon
[  9/85]   200  TAKEN       ExpectUs                   https://robertsspaceindustries.com/en/citizens/ExpectUs
[ 10/85]   404  AVAILABLE   NorForgive                 https://robertsspaceindustries.com/en/citizens/NorForgive
[ 11/85]   404  AVAILABLE   NorForget                  https://robertsspaceindustries.com/en/citizens/NorForget
[ 12/85]   200  TAKEN       ForTheLulz                 https://robertsspaceindustries.com/en/citizens/ForTheLulz
[ 13/85]   200  TAKEN       LulzSec                    https://robertsspaceindustries.com/en/citizens/LulzSec
[ 14/85]   404  AVAILABLE   ForLulz                    https://robertsspaceindustries.com/en/citizens/ForLulz
[ 15/85]   404  AVAILABLE   Lulzcorp                   https://robertsspaceindustries.com/en/citizens/Lulzcorp
[ 16/85]   404  AVAILABLE   Chanology                  https://robertsspaceindustries.com/en/citizens/Chanology
[ 17/85]   404  AVAILABLE   OpPayback                  https://robertsspaceindustries.com/en/citizens/OpPayback
[ 18/85]   404  AVAILABLE   OpDarknet                  https://robertsspaceindustries.com/en/citizens/OpDarknet
[ 19/85]   404  AVAILABLE   OpSony                     https://robertsspaceindustries.com/en/citizens/OpSony
[ 20/85]   404  AVAILABLE   WeFromNet                  https://robertsspaceindustries.com/en/citizens/WeFromNet
[ 21/85]   200  TAKEN       PoolsClosed                https://robertsspaceindustries.com/en/citizens/PoolsClosed
[ 22/85]   404  AVAILABLE   DueToAids                  https://robertsspaceindustries.com/en/citizens/DueToAids
[ 23/85]   404  AVAILABLE   HabboRaid                  https://robertsspaceindustries.com/en/citizens/HabboRaid
[ 24/85]   404  AVAILABLE   NoSwimming                 https://robertsspaceindustries.com/en/citizens/NoSwimming
[ 25/85]   200  TAKEN       GuyFawkes                  https://robertsspaceindustries.com/en/citizens/GuyFawkes
[ 26/85]   200  TAKEN       VforVendetta               https://robertsspaceindustries.com/en/citizens/VforVendetta
[ 27/85]   200  TAKEN       Longcat                    https://robertsspaceindustries.com/en/citizens/Longcat
[ 28/85]   200  TAKEN       Tacgnol                    https://robertsspaceindustries.com/en/citizens/Tacgnol
[ 29/85]   200  TAKEN       Wojak                      https://robertsspaceindustries.com/en/citizens/Wojak
[ 30/85]   404  AVAILABLE   FeelsGuy                   https://robertsspaceindustries.com/en/citizens/FeelsGuy
[ 31/85]   404  AVAILABLE   RageFace                   https://robertsspaceindustries.com/en/citizens/RageFace
[ 32/85]   200  TAKEN       TrollFace                  https://robertsspaceindustries.com/en/citizens/TrollFace
[ 33/85]   200  TAKEN       CoolFace                   https://robertsspaceindustries.com/en/citizens/CoolFace
[ 34/85]   200  TAKEN       ForeverAlone               https://robertsspaceindustries.com/en/citizens/ForeverAlone
[ 35/85]   404  AVAILABLE   PicRelated                 https://robertsspaceindustries.com/en/citizens/PicRelated
[ 36/85]   404  AVAILABLE   SauceNeeded                https://robertsspaceindustries.com/en/citizens/SauceNeeded
[ 37/85]   404  AVAILABLE   OPisaFag                   https://robertsspaceindustries.com/en/citizens/OPisaFag
[ 38/85]   404  AVAILABLE   SagePoster                 https://robertsspaceindustries.com/en/citizens/SagePoster
[ 39/85]   404  AVAILABLE   NameFag                    https://robertsspaceindustries.com/en/citizens/NameFag
[ 40/85]   404  AVAILABLE   TripFag                    https://robertsspaceindustries.com/en/citizens/TripFag
[ 41/85]   404  AVAILABLE   DrawFag                    https://robertsspaceindustries.com/en/citizens/DrawFag
[ 42/85]   404  AVAILABLE   WriteFag                   https://robertsspaceindustries.com/en/citizens/WriteFag
[ 43/85]   404  AVAILABLE   SummerFag                  https://robertsspaceindustries.com/en/citizens/SummerFag
[ 44/85]   404  AVAILABLE   Oldfag                     https://robertsspaceindustries.com/en/citizens/Oldfag
[ 45/85]   404  AVAILABLE   Newfag                     https://robertsspaceindustries.com/en/citizens/Newfag
[ 46/85]   404  AVAILABLE   Samefag                    https://robertsspaceindustries.com/en/citizens/Samefag
[ 47/85]   200  TAKEN       Lolcow                     https://robertsspaceindustries.com/en/citizens/Lolcow
[ 48/85]   200  TAKEN       TheGame                    https://robertsspaceindustries.com/en/citizens/TheGame
[ 49/85]   404  AVAILABLE   JustLostIt                 https://robertsspaceindustries.com/en/citizens/JustLostIt
[ 50/85]   404  AVAILABLE   YouJustLost                https://robertsspaceindustries.com/en/citizens/YouJustLost
[ 51/85]   200  TAKEN       Boxxy                      https://robertsspaceindustries.com/en/citizens/Boxxy
[ 52/85]   404  AVAILABLE   IAmBoxxy                   https://robertsspaceindustries.com/en/citizens/IAmBoxxy
[ 53/85]   404  AVAILABLE   GoddesBoxxy                https://robertsspaceindustries.com/en/citizens/GoddesBoxxy
[ 54/85]   404  AVAILABLE   CheckedDubs                https://robertsspaceindustries.com/en/citizens/CheckedDubs
[ 55/85]   200  TAKEN       Blessed                    https://robertsspaceindustries.com/en/citizens/Blessed
[ 56/85]   404  AVAILABLE   HolyTrips                  https://robertsspaceindustries.com/en/citizens/HolyTrips
[ 57/85]   200  TAKEN       QuadGod                    https://robertsspaceindustries.com/en/citizens/QuadGod
[ 58/85]   404  AVAILABLE   Dubsman                    https://robertsspaceindustries.com/en/citizens/Dubsman
[ 59/85]   200  TAKEN       Rollan                     https://robertsspaceindustries.com/en/citizens/Rollan
[ 60/85]   200  TAKEN       Hacktivist                 https://robertsspaceindustries.com/en/citizens/Hacktivist
[ 61/85]   200  TAKEN       DigitalGhost               https://robertsspaceindustries.com/en/citizens/DigitalGhost
[ 62/85]   404  AVAILABLE   AnonMask                   https://robertsspaceindustries.com/en/citizens/AnonMask
[ 63/85]   200  TAKEN       Legion                     https://robertsspaceindustries.com/en/citizens/Legion
[ 64/85]   200  TAKEN       Collective                 https://robertsspaceindustries.com/en/citizens/Collective
[ 65/85]   200  TAKEN       Hivemind                   https://robertsspaceindustries.com/en/citizens/Hivemind
[ 66/85]   404  AVAILABLE   Chanops                    https://robertsspaceindustries.com/en/citizens/Chanops
[ 67/85]   404  AVAILABLE   SudoAnon                   https://robertsspaceindustries.com/en/citizens/SudoAnon
[ 68/85]   404  AVAILABLE   DevAnon                    https://robertsspaceindustries.com/en/citizens/DevAnon
[ 69/85]   404  AVAILABLE   NullAnon                   https://robertsspaceindustries.com/en/citizens/NullAnon
[ 70/85]   200  TAKEN       RootAnon                   https://robertsspaceindustries.com/en/citizens/RootAnon
[ 71/85]   200  TAKEN       GhostRoot                  https://robertsspaceindustries.com/en/citizens/GhostRoot
[ 72/85]   404  AVAILABLE   ClearLog                   https://robertsspaceindustries.com/en/citizens/ClearLog
[ 73/85]   404  AVAILABLE   Authless                   https://robertsspaceindustries.com/en/citizens/Authless
[ 74/85]   200  TAKEN       Unchecked                  https://robertsspaceindustries.com/en/citizens/Unchecked
[ 75/85]   404  AVAILABLE   Unlogged                   https://robertsspaceindustries.com/en/citizens/Unlogged
[ 76/85]   200  TAKEN       Traceless                  https://robertsspaceindustries.com/en/citizens/Traceless
[ 77/85]   200  TAKEN       Ghostwrite                 https://robertsspaceindustries.com/en/citizens/Ghostwrite
[ 78/85]   404  AVAILABLE   AutumnalOne                https://robertsspaceindustries.com/en/citizens/AutumnalOne
[ 79/85]   404  AVAILABLE   EternalSep                 https://robertsspaceindustries.com/en/citizens/EternalSep
[ 80/85]   200  TAKEN       Netizen                    https://robertsspaceindustries.com/en/citizens/Netizen
