Checking 138 90s/early 2000s cartoon/TV/game handles...

   #  CODE  RESULT      HANDLE                     URL
--------------------------------------------------------------------------------------------------------------
[  1/138]   200  TAKEN       Toonami                    https://robertsspaceindustries.com/en/citizens/Toonami
[  2/138]   200  TAKEN       TOM                        https://robertsspaceindustries.com/en/citizens/TOM
[  3/138]   404  AVAILABLE   SaraTV                     https://robertsspaceindustries.com/en/citizens/SaraTV
[  4/138]   200  TAKEN       Absolution                 https://robertsspaceindustries.com/en/citizens/Absolution
[  5/138]   200  TAKEN       Moltar                     https://robertsspaceindustries.com/en/citizens/Moltar
[  6/138]   200  TAKEN       DextersLab                 https://robertsspaceindustries.com/en/citizens/DextersLab
[  7/138]   200  TAKEN       Dexters                    https://robertsspaceindustries.com/en/citizens/Dexters
[  8/138]   404  AVAILABLE   MandarkLab                 https://robertsspaceindustries.com/en/citizens/MandarkLab
[  9/138]   200  TAKEN       Mandark                    https://robertsspaceindustries.com/en/citizens/Mandark
[ 10/138]   404  AVAILABLE   DeedeeDexter               https://robertsspaceindustries.com/en/citizens/DeedeeDexter
[ 11/138]   200  TAKEN       SamuraiJack                https://robertsspaceindustries.com/en/citizens/SamuraiJack
[ 12/138]   200  TAKEN       Aku                        https://robertsspaceindustries.com/en/citizens/Aku
[ 13/138]   200  TAKEN       JohnnyBravo                https://robertsspaceindustries.com/en/citizens/JohnnyBravo
[ 14/138]   404  AVAILABLE   CourageCoward              https://robertsspaceindustries.com/en/citizens/CourageCoward
[ 15/138]   200  TAKEN       Muriel                     https://robertsspaceindustries.com/en/citizens/Muriel
[ 16/138]   200  TAKEN       Eustace                    https://robertsspaceindustries.com/en/citizens/Eustace
[ 17/138]   200  TAKEN       Nowhere                    https://robertsspaceindustries.com/en/citizens/Nowhere
[ 18/138]   404  AVAILABLE   PowerpuffGirls             https://robertsspaceindustries.com/en/citizens/PowerpuffGirls
[ 19/138]   200  TAKEN       Blossom                    https://robertsspaceindustries.com/en/citizens/Blossom
[ 20/138]   200  TAKEN       Bubbles                    https://robertsspaceindustries.com/en/citizens/Bubbles
[ 21/138]   200  TAKEN       Buttercup                  https://robertsspaceindustries.com/en/citizens/Buttercup
[ 22/138]   200  TAKEN       MojoJojo                   https://robertsspaceindustries.com/en/citizens/MojoJojo
[ 23/138]   200  TAKEN       Townsville                 https://robertsspaceindustries.com/en/citizens/Townsville
[ 24/138]   200  TAKEN       SpaceGhost                 https://robertsspaceindustries.com/en/citizens/SpaceGhost
[ 25/138]   200  TAKEN       Zorak                      https://robertsspaceindustries.com/en/citizens/Zorak
[ 26/138]   200  TAKEN       Brak                       https://robertsspaceindustries.com/en/citizens/Brak
[ 27/138]   200  TAKEN       SwatKats                   https://robertsspaceindustries.com/en/citizens/SwatKats
[ 28/138]   404  AVAILABLE   Rugrats                    https://robertsspaceindustries.com/en/citizens/Rugrats
[ 29/138]   200  TAKEN       Angelica                   https://robertsspaceindustries.com/en/citizens/Angelica
[ 30/138]   200  TAKEN       Reptar                     https://robertsspaceindustries.com/en/citizens/Reptar
[ 31/138]   200  TAKEN       CatDog                     https://robertsspaceindustries.com/en/citizens/CatDog
[ 32/138]   200  TAKEN       Rocko                      https://robertsspaceindustries.com/en/citizens/Rocko
[ 33/138]   404  AVAILABLE   HeyArnold                  https://robertsspaceindustries.com/en/citizens/HeyArnold
[ 34/138]   200  TAKEN       Helga                      https://robertsspaceindustries.com/en/citizens/Helga
[ 35/138]   200  TAKEN       InvaderZim                 https://robertsspaceindustries.com/en/citizens/InvaderZim
[ 36/138]   200  TAKEN       Zim                        https://robertsspaceindustries.com/en/citizens/Zim
[ 37/138]   200  TAKEN       GIR                        https://robertsspaceindustries.com/en/citizens/GIR
[ 38/138]   200  TAKEN       Dib                        https://robertsspaceindustries.com/en/citizens/Dib
[ 39/138]   404  AVAILABLE   Tallests                   https://robertsspaceindustries.com/en/citizens/Tallests
[ 40/138]   200  TAKEN       Goku                       https://robertsspaceindustries.com/en/citizens/Goku
[ 41/138]   200  TAKEN       Vegeta                     https://robertsspaceindustries.com/en/citizens/Vegeta
[ 42/138]   200  TAKEN       Piccolo                    https://robertsspaceindustries.com/en/citizens/Piccolo
[ 43/138]   200  TAKEN       Gohan                      https://robertsspaceindustries.com/en/citizens/Gohan
[ 44/138]   200  TAKEN       Frieza                     https://robertsspaceindustries.com/en/citizens/Frieza
[ 45/138]   200  TAKEN       Trunks                     https://robertsspaceindustries.com/en/citizens/Trunks
[ 46/138]   200  TAKEN       Krillin                    https://robertsspaceindustries.com/en/citizens/Krillin
[ 47/138]   200  TAKEN       Yamcha                     https://robertsspaceindustries.com/en/citizens/Yamcha
[ 48/138]   200  TAKEN       Tien                       https://robertsspaceindustries.com/en/citizens/Tien
[ 49/138]   200  TAKEN       Nappa                      https://robertsspaceindustries.com/en/citizens/Nappa
[ 50/138]   200  TAKEN       Raditz                     https://robertsspaceindustries.com/en/citizens/Raditz
[ 51/138]   200  TAKEN       Bardock                    https://robertsspaceindustries.com/en/citizens/Bardock
[ 52/138]   200  TAKEN       Broly                      https://robertsspaceindustries.com/en/citizens/Broly
[ 53/138]   200  TAKEN       Cell                       https://robertsspaceindustries.com/en/citizens/Cell
[ 54/138]   200  TAKEN       Beerus                     https://robertsspaceindustries.com/en/citizens/Beerus
[ 55/138]   200  TAKEN       Saiyan                     https://robertsspaceindustries.com/en/citizens/Saiyan
[ 56/138]   200  TAKEN       Namekian                   https://robertsspaceindustries.com/en/citizens/Namekian
[ 57/138]   200  TAKEN       Scouter                    https://robertsspaceindustries.com/en/citizens/Scouter
[ 58/138]   200  TAKEN       Kamehameha                 https://robertsspaceindustries.com/en/citizens/Kamehameha
[ 59/138]   200  TAKEN       Kakarot                    https://robertsspaceindustries.com/en/citizens/Kakarot
[ 60/138]   200  TAKEN       Bulma                      https://robertsspaceindustries.com/en/citizens/Bulma
[ 61/138]   200  TAKEN       Majin                      https://robertsspaceindustries.com/en/citizens/Majin
[ 62/138]   200  TAKEN       Babidi                     https://robertsspaceindustries.com/en/citizens/Babidi
[ 63/138]   404  AVAILABLE   OverNineThousand           https://robertsspaceindustries.com/en/citizens/OverNineThousand
[ 64/138]   200  TAKEN       Usagi                      https://robertsspaceindustries.com/en/citizens/Usagi
[ 65/138]   200  TAKEN       Mamoru                     https://robertsspaceindustries.com/en/citizens/Mamoru
[ 66/138]   200  TAKEN       Rini                       https://robertsspaceindustries.com/en/citizens/Rini
[ 67/138]   200  TAKEN       Darien                     https://robertsspaceindustries.com/en/citizens/Darien
[ 68/138]   200  TAKEN       HeeroYuy                   https://robertsspaceindustries.com/en/citizens/HeeroYuy
[ 69/138]   200  TAKEN       Heero                      https://robertsspaceindustries.com/en/citizens/Heero
[ 70/138]   200  TAKEN       Duo                        https://robertsspaceindustries.com/en/citizens/Duo
[ 71/138]   200  TAKEN       Deathscythe                https://robertsspaceindustries.com/en/citizens/Deathscythe
[ 72/138]   200  TAKEN       Trowa                      https://robertsspaceindustries.com/en/citizens/Trowa
[ 73/138]   200  TAKEN       Quatre                     https://robertsspaceindustries.com/en/citizens/Quatre
[ 74/138]   200  TAKEN       WuFei                      https://robertsspaceindustries.com/en/citizens/WuFei
[ 75/138]   200  TAKEN       Treize                     https://robertsspaceindustries.com/en/citizens/Treize
[ 76/138]   404  AVAILABLE   ZecsMerquise               https://robertsspaceindustries.com/en/citizens/ZecsMerquise
[ 77/138]   200  TAKEN       Zechs                      https://robertsspaceindustries.com/en/citizens/Zechs
[ 78/138]   200  TAKEN       Epyon                      https://robertsspaceindustries.com/en/citizens/Epyon
[ 79/138]   404  AVAILABLE   OZsoldier                  https://robertsspaceindustries.com/en/citizens/OZsoldier
[ 80/138]   200  TAKEN       Tallgeese                  https://robertsspaceindustries.com/en/citizens/Tallgeese
[ 81/138]   200  TAKEN       Mewtwo                     https://robertsspaceindustries.com/en/citizens/Mewtwo
[ 82/138]   200  TAKEN       Mew                        https://robertsspaceindustries.com/en/citizens/Mew
[ 83/138]   200  TAKEN       Charizard                  https://robertsspaceindustries.com/en/citizens/Charizard
[ 84/138]   200  TAKEN       Blastoise                  https://robertsspaceindustries.com/en/citizens/Blastoise
[ 85/138]   200  TAKEN       Venusaur                   https://robertsspaceindustries.com/en/citizens/Venusaur
[ 86/138]   200  TAKEN       Pikachu                    https://robertsspaceindustries.com/en/citizens/Pikachu
[ 87/138]   200  TAKEN       Gengar                     https://robertsspaceindustries.com/en/citizens/Gengar
[ 88/138]   200  TAKEN       Snorlax                    https://robertsspaceindustries.com/en/citizens/Snorlax
[ 89/138]   200  TAKEN       Eevee                      https://robertsspaceindustries.com/en/citizens/Eevee
[ 90/138]   200  TAKEN       Vaporeon                   https://robertsspaceindustries.com/en/citizens/Vaporeon
[ 91/138]   200  TAKEN       Jolteon                    https://robertsspaceindustries.com/en/citizens/Jolteon
[ 92/138]   200  TAKEN       Flareon                    https://robertsspaceindustries.com/en/citizens/Flareon
[ 93/138]   200  TAKEN       Alakazam                   https://robertsspaceindustries.com/en/citizens/Alakazam
[ 94/138]   200  TAKEN       Machamp                    https://robertsspaceindustries.com/en/citizens/Machamp
[ 95/138]   200  TAKEN       Dragonite                  https://robertsspaceindustries.com/en/citizens/Dragonite
[ 96/138]   200  TAKEN       Aerodactyl                 https://robertsspaceindustries.com/en/citizens/Aerodactyl
[ 97/138]   404  AVAILABLE   Haunter                    https://robertsspaceindustries.com/en/citizens/Haunter
[ 98/138]   200  TAKEN       Clefairy                   https://robertsspaceindustries.com/en/citizens/Clefairy
[ 99/138]   200  TAKEN       Cubone                     https://robertsspaceindustries.com/en/citizens/Cubone
[100/138]   200  TAKEN       Lavender                   https://robertsspaceindustries.com/en/citizens/Lavender
[101/138]   200  TAKEN       Cerulean                   https://robertsspaceindustries.com/en/citizens/Cerulean
[102/138]   200  TAKEN       Cinnabar                   https://robertsspaceindustries.com/en/citizens/Cinnabar
[103/138]   200  TAKEN       Pallet                     https://robertsspaceindustries.com/en/citizens/Pallet
[104/138]   200  TAKEN       ViridianCity               https://robertsspaceindustries.com/en/citizens/ViridianCity
[105/138]   200  TAKEN       Pewter                     https://robertsspaceindustries.com/en/citizens/Pewter
[106/138]   404  AVAILABLE   GaryOak                    https://robertsspaceindustries.com/en/citizens/GaryOak
[107/138]   200  TAKEN       Brock                      https://robertsspaceindustries.com/en/citizens/Brock
[108/138]   200  TAKEN       Misty                      https://robertsspaceindustries.com/en/citizens/Misty
[109/138]   404  AVAILABLE   OakLab                     https://robertsspaceindustries.com/en/citizens/OakLab
[110/138]   404  AVAILABLE   Pokecenter                 https://robertsspaceindustries.com/en/citizens/Pokecenter
[111/138]   200  TAKEN       Yugi                       https://robertsspaceindustries.com/en/citizens/Yugi
[112/138]   200  TAKEN       Yami                       https://robertsspaceindustries.com/en/citizens/Yami
[113/138]   200  TAKEN       Kaiba                      https://robertsspaceindustries.com/en/citizens/Kaiba
[114/138]   200  TAKEN       BluEyes                    https://robertsspaceindustries.com/en/citizens/BluEyes
[115/138]   200  TAKEN       DarkMagician               https://robertsspaceindustries.com/en/citizens/DarkMagician
[116/138]   200  TAKEN       Exodia                     https://robertsspaceindustries.com/en/citizens/Exodia
[117/138]   404  AVAILABLE   Joey                       https://robertsspaceindustries.com/en/citizens/Joey
[118/138]   200  TAKEN       Tristan                    https://robertsspaceindustries.com/en/citizens/Tristan
[119/138]   200  TAKEN       Pegasus                    https://robertsspaceindustries.com/en/citizens/Pegasus
[120/138]   200  TAKEN       Bakura                     https://robertsspaceindustries.com/en/citizens/Bakura
[121/138]   200  TAKEN       Samus                      https://robertsspaceindustries.com/en/citizens/Samus
[122/138]   200  TAKEN       Ridley                     https://robertsspaceindustries.com/en/citizens/Ridley
[123/138]   200  TAKEN       Kraid                      https://robertsspaceindustries.com/en/citizens/Kraid
[124/138]   200  TAKEN       Spyro                      https://robertsspaceindustries.com/en/citizens/Spyro
[125/138]   200  TAKEN       Sparx                      https://robertsspaceindustries.com/en/citizens/Sparx
[126/138]   200  TAKEN       CrashBandicoot             https://robertsspaceindustries.com/en/citizens/CrashBandicoot
[127/138]   200  TAKEN       Crash                      https://robertsspaceindustries.com/en/citizens/Crash
[128/138]   200  TAKEN       Cortex                     https://robertsspaceindustries.com/en/citizens/Cortex
[129/138]   200  TAKEN       AkuAku                     https://robertsspaceindustries.com/en/citizens/AkuAku
[130/138]   404  AVAILABLE   ClayCrash                  https://robertsspaceindustries.com/en/citizens/ClayCrash
[131/138]   404  AVAILABLE   LavaZone                   https://robertsspaceindustries.com/en/citizens/LavaZone
[132/138]   404  AVAILABLE   IceZone                    https://robertsspaceindustries.com/en/citizens/IceZone
[133/138]   200  TAKEN       GreenHill                  https://robertsspaceindustries.com/en/citizens/GreenHill
[134/138]   404  AVAILABLE   CarnivalNight              https://robertsspaceindustries.com/en/citizens/CarnivalNight
[135/138]   200  TAKEN       Emerald                    https://robertsspaceindustries.com/en/citizens/Emerald
[136/138]   200  TAKEN       DeathEgg                   https://robertsspaceindustries.com/en/citizens/DeathEgg
[137/138]   404  AVAILABLE   MarbleGarden               https://robertsspaceindustries.com/en/citizens/MarbleGarden
[138/138]   404  AVAILABLE   Metroville                 https://robertsspaceindustries.com/en/citizens/Metroville

==============================================================================================================

✅  AVAILABLE (22):
   SaraTV                          https://robertsspaceindustries.com/en/citizens/SaraTV
   MandarkLab                      https://robertsspaceindustries.com/en/citizens/MandarkLab
   DeedeeDexter                    https://robertsspaceindustries.com/en/citizens/DeedeeDexter
   CourageCoward                   https://robertsspaceindustries.com/en/citizens/CourageCoward
   PowerpuffGirls                  https://robertsspaceindustries.com/en/citizens/PowerpuffGirls
   Rugrats                         https://robertsspaceindustries.com/en/citizens/Rugrats
   HeyArnold                       https://robertsspaceindustries.com/en/citizens/HeyArnold
   Tallests                        https://robertsspaceindustries.com/en/citizens/Tallests
   OverNineThousand                https://robertsspaceindustries.com/en/citizens/OverNineThousand
   ZecsMerquise                    https://robertsspaceindustries.com/en/citizens/ZecsMerquise
   OZsoldier                       https://robertsspaceindustries.com/en/citizens/OZsoldier
   Haunter                         https://robertsspaceindustries.com/en/citizens/Haunter
   GaryOak                         https://robertsspaceindustries.com/en/citizens/GaryOak
   OakLab                          https://robertsspaceindustries.com/en/citizens/OakLab
   Pokecenter                      https://robertsspaceindustries.com/en/citizens/Pokecenter
   Joey                            https://robertsspaceindustries.com/en/citizens/Joey
   ClayCrash                       https://robertsspaceindustries.com/en/citizens/ClayCrash
   LavaZone                        https://robertsspaceindustries.com/en/citizens/LavaZone
   IceZone                         https://robertsspaceindustries.com/en/citizens/IceZone
   CarnivalNight                   https://robertsspaceindustries.com/en/citizens/CarnivalNight
   MarbleGarden                    https://robertsspaceindustries.com/en/citizens/MarbleGarden
   Metroville                      https://robertsspaceindustries.com/en/citizens/Metroville

❌  TAKEN (116):
   Toonami                         https://robertsspaceindustries.com/en/citizens/Toonami
   TOM                             https://robertsspaceindustries.com/en/citizens/TOM
   Absolution                      https://robertsspaceindustries.com/en/citizens/Absolution
   Moltar                          https://robertsspaceindustries.com/en/citizens/Moltar
   DextersLab                      https://robertsspaceindustries.com/en/citizens/DextersLab
   Dexters                         https://robertsspaceindustries.com/en/citizens/Dexters
   Mandark                         https://robertsspaceindustries.com/en/citizens/Mandark
   SamuraiJack                     https://robertsspaceindustries.com/en/citizens/SamuraiJack
   Aku                             https://robertsspaceindustries.com/en/citizens/Aku
   JohnnyBravo                     https://robertsspaceindustries.com/en/citizens/JohnnyBravo
   Muriel                          https://robertsspaceindustries.com/en/citizens/Muriel
   Eustace                         https://robertsspaceindustries.com/en/citizens/Eustace
   Nowhere                         https://robertsspaceindustries.com/en/citizens/Nowhere
   Blossom                         https://robertsspaceindustries.com/en/citizens/Blossom
   Bubbles                         https://robertsspaceindustries.com/en/citizens/Bubbles
   Buttercup                       https://robertsspaceindustries.com/en/citizens/Buttercup
   MojoJojo                        https://robertsspaceindustries.com/en/citizens/MojoJojo
   Townsville                      https://robertsspaceindustries.com/en/citizens/Townsville
   SpaceGhost                      https://robertsspaceindustries.com/en/citizens/SpaceGhost
   Zorak                           https://robertsspaceindustries.com/en/citizens/Zorak
   Brak                            https://robertsspaceindustries.com/en/citizens/Brak
   SwatKats                        https://robertsspaceindustries.com/en/citizens/SwatKats
   Angelica                        https://robertsspaceindustries.com/en/citizens/Angelica
   Reptar                          https://robertsspaceindustries.com/en/citizens/Reptar
   CatDog                          https://robertsspaceindustries.com/en/citizens/CatDog
   Rocko                           https://robertsspaceindustries.com/en/citizens/Rocko
   Helga                           https://robertsspaceindustries.com/en/citizens/Helga
   InvaderZim                      https://robertsspaceindustries.com/en/citizens/InvaderZim
   Zim                             https://robertsspaceindustries.com/en/citizens/Zim
   GIR                             https://robertsspaceindustries.com/en/citizens/GIR
   Dib                             https://robertsspaceindustries.com/en/citizens/Dib
   Goku                            https://robertsspaceindustries.com/en/citizens/Goku
   Vegeta                          https://robertsspaceindustries.com/en/citizens/Vegeta
   Piccolo                         https://robertsspaceindustries.com/en/citizens/Piccolo
   Gohan                           https://robertsspaceindustries.com/en/citizens/Gohan
   Frieza                          https://robertsspaceindustries.com/en/citizens/Frieza
   Trunks                          https://robertsspaceindustries.com/en/citizens/Trunks
   Krillin                         https://robertsspaceindustries.com/en/citizens/Krillin
   Yamcha                          https://robertsspaceindustries.com/en/citizens/Yamcha
   Tien                            https://robertsspaceindustries.com/en/citizens/Tien
   Nappa                           https://robertsspaceindustries.com/en/citizens/Nappa
   Raditz                          https://robertsspaceindustries.com/en/citizens/Raditz
   Bardock                         https://robertsspaceindustries.com/en/citizens/Bardock
   Broly                           https://robertsspaceindustries.com/en/citizens/Broly
   Cell                            https://robertsspaceindustries.com/en/citizens/Cell
   Beerus                          https://robertsspaceindustries.com/en/citizens/Beerus
   Saiyan                          https://robertsspaceindustries.com/en/citizens/Saiyan
   Namekian                        https://robertsspaceindustries.com/en/citizens/Namekian
   Scouter                         https://robertsspaceindustries.com/en/citizens/Scouter
   Kamehameha                      https://robertsspaceindustries.com/en/citizens/Kamehameha
   Kakarot                         https://robertsspaceindustries.com/en/citizens/Kakarot
   Bulma                           https://robertsspaceindustries.com/en/citizens/Bulma
   Majin                           https://robertsspaceindustries.com/en/citizens/Majin
   Babidi                          https://robertsspaceindustries.com/en/citizens/Babidi
   Usagi                           https://robertsspaceindustries.com/en/citizens/Usagi
   Mamoru                          https://robertsspaceindustries.com/en/citizens/Mamoru
   Rini                            https://robertsspaceindustries.com/en/citizens/Rini
   Darien                          https://robertsspaceindustries.com/en/citizens/Darien
   HeeroYuy                        https://robertsspaceindustries.com/en/citizens/HeeroYuy
   Heero                           https://robertsspaceindustries.com/en/citizens/Heero
   Duo                             https://robertsspaceindustries.com/en/citizens/Duo
   Deathscythe                     https://robertsspaceindustries.com/en/citizens/Deathscythe
   Trowa                           https://robertsspaceindustries.com/en/citizens/Trowa
   Quatre                          https://robertsspaceindustries.com/en/citizens/Quatre
   WuFei                           https://robertsspaceindustries.com/en/citizens/WuFei
   Treize                          https://robertsspaceindustries.com/en/citizens/Treize
   Zechs                           https://robertsspaceindustries.com/en/citizens/Zechs
   Epyon                           https://robertsspaceindustries.com/en/citizens/Epyon
   Tallgeese                       https://robertsspaceindustries.com/en/citizens/Tallgeese
   Mewtwo                          https://robertsspaceindustries.com/en/citizens/Mewtwo
   Mew                             https://robertsspaceindustries.com/en/citizens/Mew
   Charizard                       https://robertsspaceindustries.com/en/citizens/Charizard
   Blastoise                       https://robertsspaceindustries.com/en/citizens/Blastoise
   Venusaur                        https://robertsspaceindustries.com/en/citizens/Venusaur
   Pikachu                         https://robertsspaceindustries.com/en/citizens/Pikachu
   Gengar                          https://robertsspaceindustries.com/en/citizens/Gengar
   Snorlax                         https://robertsspaceindustries.com/en/citizens/Snorlax
   Eevee                           https://robertsspaceindustries.com/en/citizens/Eevee
   Vaporeon                        https://robertsspaceindustries.com/en/citizens/Vaporeon
   Jolteon                         https://robertsspaceindustries.com/en/citizens/Jolteon
   Flareon                         https://robertsspaceindustries.com/en/citizens/Flareon
   Alakazam                        https://robertsspaceindustries.com/en/citizens/Alakazam
   Machamp                         https://robertsspaceindustries.com/en/citizens/Machamp
   Dragonite                       https://robertsspaceindustries.com/en/citizens/Dragonite
   Aerodactyl                      https://robertsspaceindustries.com/en/citizens/Aerodactyl
   Clefairy                        https://robertsspaceindustries.com/en/citizens/Clefairy
   Cubone                          https://robertsspaceindustries.com/en/citizens/Cubone
   Lavender                        https://robertsspaceindustries.com/en/citizens/Lavender
   Cerulean                        https://robertsspaceindustries.com/en/citizens/Cerulean
   Cinnabar                        https://robertsspaceindustries.com/en/citizens/Cinnabar
   Pallet                          https://robertsspaceindustries.com/en/citizens/Pallet
   ViridianCity                    https://robertsspaceindustries.com/en/citizens/ViridianCity
   Pewter                          https://robertsspaceindustries.com/en/citizens/Pewter
   Brock                           https://robertsspaceindustries.com/en/citizens/Brock
   Misty                           https://robertsspaceindustries.com/en/citizens/Misty
   Yugi                            https://robertsspaceindustries.com/en/citizens/Yugi
   Yami                            https://robertsspaceindustries.com/en/citizens/Yami
   Kaiba                           https://robertsspaceindustries.com/en/citizens/Kaiba
   BluEyes                         https://robertsspaceindustries.com/en/citizens/BluEyes
   DarkMagician                    https://robertsspaceindustries.com/en/citizens/DarkMagician
   Exodia                          https://robertsspaceindustries.com/en/citizens/Exodia
   Tristan                         https://robertsspaceindustries.com/en/citizens/Tristan
   Pegasus                         https://robertsspaceindustries.com/en/citizens/Pegasus
   Bakura                          https://robertsspaceindustries.com/en/citizens/Bakura
   Samus                           https://robertsspaceindustries.com/en/citizens/Samus
   Ridley                          https://robertsspaceindustries.com/en/citizens/Ridley
   Kraid                           https://robertsspaceindustries.com/en/citizens/Kraid
   Spyro                           https://robertsspaceindustries.com/en/citizens/Spyro
   Sparx                           https://robertsspaceindustries.com/en/citizens/Sparx
   CrashBandicoot                  https://robertsspaceindustries.com/en/citizens/CrashBandicoot
   Crash                           https://robertsspaceindustries.com/en/citizens/Crash
   Cortex                          https://robertsspaceindustries.com/en/citizens/Cortex
   AkuAku                          https://robertsspaceindustries.com/en/citizens/AkuAku
   GreenHill                       https://robertsspaceindustries.com/en/citizens/GreenHill
   Emerald                         https://robertsspaceindustries.com/en/citizens/Emerald
   DeathEgg                        https://robertsspaceindustries.com/en/citizens/DeathEgg
/workspace/check_rsi_handles_v21.py:247: DeprecationWarning: datetime.datetime.utcnow() is deprecated and scheduled for removal in a future version. Use timezone-aware objects to represent datetimes in UTC: datetime.datetime.now(datetime.UTC).
  "checked_at": datetime.utcnow().isoformat() + "Z",

Results saved to rsi_handle_results_v21.json
