Checking 103 handles — gg/glhf era, Pure Pwnage, Halo, Xbox Live, callouts...

   #  CODE  RESULT      HANDLE                     URL
--------------------------------------------------------------------------------------------------------------
[  1/103]   404  AVAILABLE   glhfnore                   https://robertsspaceindustries.com/en/citizens/glhfnore
[  2/103]   404  AVAILABLE   glglhf                     https://robertsspaceindustries.com/en/citizens/glglhf
[  3/103]   404  AVAILABLE   gg2u                       https://robertsspaceindustries.com/en/citizens/gg2u
[  4/103]   404  AVAILABLE   ggnr                       https://robertsspaceindustries.com/en/citizens/ggnr
[  5/103]   200  TAKEN       ggnoob                     https://robertsspaceindustries.com/en/citizens/ggnoob
[  6/103]   200  TAKEN       ggout                      https://robertsspaceindustries.com/en/citizens/ggout
[  7/103]   200  TAKEN       rekt                       https://robertsspaceindustries.com/en/citizens/rekt
[  8/103]   404  AVAILABLE   welpgg                     https://robertsspaceindustries.com/en/citizens/welpgg
[  9/103]   200  TAKEN       omw                        https://robertsspaceindustries.com/en/citizens/omw
[ 10/103]   200  TAKEN       oom                        https://robertsspaceindustries.com/en/citizens/oom
[ 11/103]   200  TAKEN       rdy                        https://robertsspaceindustries.com/en/citizens/rdy
[ 12/103]   200  TAKEN       inv                        https://robertsspaceindustries.com/en/citizens/inv
[ 13/103]   200  TAKEN       pst                        https://robertsspaceindustries.com/en/citizens/pst
[ 14/103]   200  TAKEN       inc                        https://robertsspaceindustries.com/en/citizens/inc
[ 15/103]   200  TAKEN       healme                     https://robertsspaceindustries.com/en/citizens/healme
[ 16/103]   404  AVAILABLE   needheal                   https://robertsspaceindustries.com/en/citizens/needheal
[ 17/103]   404  AVAILABLE   pullnow                    https://robertsspaceindustries.com/en/citizens/pullnow
[ 18/103]   404  AVAILABLE   gotime                     https://robertsspaceindustries.com/en/citizens/gotime
[ 19/103]   200  TAKEN       wtb                        https://robertsspaceindustries.com/en/citizens/wtb
[ 20/103]   404  AVAILABLE   wts                        https://robertsspaceindustries.com/en/citizens/wts
[ 21/103]   200  TAKEN       wtt                        https://robertsspaceindustries.com/en/citizens/wtt
[ 22/103]   200  TAKEN       lfg                        https://robertsspaceindustries.com/en/citizens/lfg
[ 23/103]   200  TAKEN       lfm                        https://robertsspaceindustries.com/en/citizens/lfm
[ 24/103]   404  AVAILABLE   lf1m                       https://robertsspaceindustries.com/en/citizens/lf1m
[ 25/103]   404  AVAILABLE   lf2m                       https://robertsspaceindustries.com/en/citizens/lf2m
[ 26/103]   404  AVAILABLE   lf3m                       https://robertsspaceindustries.com/en/citizens/lf3m
[ 27/103]   404  AVAILABLE   lf4m                       https://robertsspaceindustries.com/en/citizens/lf4m
[ 28/103]   200  TAKEN       l2p                        https://robertsspaceindustries.com/en/citizens/l2p
[ 29/103]   404  AVAILABLE   l2aim                      https://robertsspaceindustries.com/en/citizens/l2aim
[ 30/103]   404  AVAILABLE   l2farm                     https://robertsspaceindustries.com/en/citizens/l2farm
[ 31/103]   200  TAKEN       uninstall                  https://robertsspaceindustries.com/en/citizens/uninstall
[ 32/103]   200  TAKEN       getgud                     https://robertsspaceindustries.com/en/citizens/getgud
[ 33/103]   200  TAKEN       gitgud                     https://robertsspaceindustries.com/en/citizens/gitgud
[ 34/103]   404  AVAILABLE   stadhis                    https://robertsspaceindustries.com/en/citizens/stadhis
[ 35/103]   200  TAKEN       camper                     https://robertsspaceindustries.com/en/citizens/camper
[ 36/103]   200  TAKEN       hacker                     https://robertsspaceindustries.com/en/citizens/hacker
[ 37/103]   200  TAKEN       cheater                    https://robertsspaceindustries.com/en/citizens/cheater
[ 38/103]   200  TAKEN       reported                   https://robertsspaceindustries.com/en/citizens/reported
[ 39/103]   200  TAKEN       aimbot                     https://robertsspaceindustries.com/en/citizens/aimbot
[ 40/103]   200  TAKEN       wallhack                   https://robertsspaceindustries.com/en/citizens/wallhack
[ 41/103]   200  TAKEN       triggerbot                 https://robertsspaceindustries.com/en/citizens/triggerbot
[ 42/103]   200  TAKEN       scripted                   https://robertsspaceindustries.com/en/citizens/scripted
[ 43/103]   200  TAKEN       PurePwnage                 https://robertsspaceindustries.com/en/citizens/PurePwnage
[ 44/103]   404  AVAILABLE   TehMasterer                https://robertsspaceindustries.com/en/citizens/TehMasterer
[ 45/103]   404  AVAILABLE   Lanageddon                 https://robertsspaceindustries.com/en/citizens/Lanageddon
[ 46/103]   404  AVAILABLE   Imapwnu                    https://robertsspaceindustries.com/en/citizens/Imapwnu
[ 47/103]   404  AVAILABLE   DanceAllDay                https://robertsspaceindustries.com/en/citizens/DanceAllDay
[ 48/103]   404  AVAILABLE   FasterKnife                https://robertsspaceindustries.com/en/citizens/FasterKnife
[ 49/103]   404  AVAILABLE   PwnOrBePwned               https://robertsspaceindustries.com/en/citizens/PwnOrBePwned
[ 50/103]   404  AVAILABLE   PwnedHard                  https://robertsspaceindustries.com/en/citizens/PwnedHard
[ 51/103]   404  AVAILABLE   ProGamer                   https://robertsspaceindustries.com/en/citizens/ProGamer
[ 52/103]   200  TAKEN       Spartans                   https://robertsspaceindustries.com/en/citizens/Spartans
[ 53/103]   200  TAKEN       MasterChief                https://robertsspaceindustries.com/en/citizens/MasterChief
[ 54/103]   200  TAKEN       Cortana                    https://robertsspaceindustries.com/en/citizens/Cortana
[ 55/103]   200  TAKEN       BobJohnson                 https://robertsspaceindustries.com/en/citizens/BobJohnson
[ 56/103]   200  TAKEN       SgtJohnson                 https://robertsspaceindustries.com/en/citizens/SgtJohnson
[ 57/103]   200  TAKEN       Arbiter                    https://robertsspaceindustries.com/en/citizens/Arbiter
[ 58/103]   200  TAKEN       Forerunner                 https://robertsspaceindustries.com/en/citizens/Forerunner
[ 59/103]   200  TAKEN       Covenant                   https://robertsspaceindustries.com/en/citizens/Covenant
[ 60/103]   200  TAKEN       Flood                      https://robertsspaceindustries.com/en/citizens/Flood
[ 61/103]   200  TAKEN       Banshee                    https://robertsspaceindustries.com/en/citizens/Banshee
[ 62/103]   200  TAKEN       Scorpion                   https://robertsspaceindustries.com/en/citizens/Scorpion
[ 63/103]   200  TAKEN       Warthog                    https://robertsspaceindustries.com/en/citizens/Warthog
[ 64/103]   200  TAKEN       Mongoose                   https://robertsspaceindustries.com/en/citizens/Mongoose
[ 65/103]   200  TAKEN       Mantis                     https://robertsspaceindustries.com/en/citizens/Mantis
[ 66/103]   200  TAKEN       Needler                    https://robertsspaceindustries.com/en/citizens/Needler
[ 67/103]   200  TAKEN       Plasma                     https://robertsspaceindustries.com/en/citizens/Plasma
[ 68/103]   200  TAKEN       Sniper                     https://robertsspaceindustries.com/en/citizens/Sniper
[ 69/103]   200  TAKEN       Rockets                    https://robertsspaceindustries.com/en/citizens/Rockets
[ 70/103]   200  TAKEN       Gamertag                   https://robertsspaceindustries.com/en/citizens/Gamertag
[ 71/103]   404  AVAILABLE   Modchip                    https://robertsspaceindustries.com/en/citizens/Modchip
[ 72/103]   404  AVAILABLE   XBConnect                  https://robertsspaceindustries.com/en/citizens/XBConnect
[ 73/103]   200  TAKEN       Xlink                      https://robertsspaceindustries.com/en/citizens/Xlink
[ 74/103]   404  AVAILABLE   Systemlink                 https://robertsspaceindustries.com/en/citizens/Systemlink
[ 75/103]   404  AVAILABLE   Bridged                    https://robertsspaceindustries.com/en/citizens/Bridged
[ 76/103]   404  AVAILABLE   Tunneled                   https://robertsspaceindustries.com/en/citizens/Tunneled
[ 77/103]   200  TAKEN       goA                        https://robertsspaceindustries.com/en/citizens/goA
[ 78/103]   200  TAKEN       goB                        https://robertsspaceindustries.com/en/citizens/goB
[ 79/103]   200  TAKEN       longA                      https://robertsspaceindustries.com/en/citizens/longA
[ 80/103]   200  TAKEN       shortA                     https://robertsspaceindustries.com/en/citizens/shortA
[ 81/103]   404  AVAILABLE   midPit                     https://robertsspaceindustries.com/en/citizens/midPit
[ 82/103]   200  TAKEN       catWalk                    https://robertsspaceindustries.com/en/citizens/catWalk
[ 83/103]   200  TAKEN       Tspawn                     https://robertsspaceindustries.com/en/citizens/Tspawn
[ 84/103]   404  AVAILABLE   CTspawn                    https://robertsspaceindustries.com/en/citizens/CTspawn
[ 85/103]   404  AVAILABLE   pistolRound                https://robertsspaceindustries.com/en/citizens/pistolRound
[ 86/103]   404  AVAILABLE   knifeRound                 https://robertsspaceindustries.com/en/citizens/knifeRound
[ 87/103]   404  AVAILABLE   rematch                    https://robertsspaceindustries.com/en/citizens/rematch
[ 88/103]   404  AVAILABLE   norematch                  https://robertsspaceindustries.com/en/citizens/norematch
[ 89/103]   200  TAKEN       surrender                  https://robertsspaceindustries.com/en/citizens/surrender
[ 90/103]   200  TAKEN       forfeit                    https://robertsspaceindustries.com/en/citizens/forfeit
[ 91/103]   200  TAKEN       ragequit                   https://robertsspaceindustries.com/en/citizens/ragequit
[ 92/103]   404  AVAILABLE   dooragequit                https://robertsspaceindustries.com/en/citizens/dooragequit
[ 93/103]   200  TAKEN       allin                      https://robertsspaceindustries.com/en/citizens/allin
[ 94/103]   404  AVAILABLE   noobcheck                  https://robertsspaceindustries.com/en/citizens/noobcheck
[ 95/103]   200  TAKEN       clutchtime                 https://robertsspaceindustries.com/en/citizens/clutchtime
[ 96/103]   200  TAKEN       lastbullet                 https://robertsspaceindustries.com/en/citizens/lastbullet
[ 97/103]   200  TAKEN       iccup                      https://robertsspaceindustries.com/en/citizens/iccup
[ 98/103]   404  AVAILABLE   progamers                  https://robertsspaceindustries.com/en/citizens/progamers
[ 99/103]   200  TAKEN       pgamers                    https://robertsspaceindustries.com/en/citizens/pgamers
[100/103]   404  AVAILABLE   clanpk                     https://robertsspaceindustries.com/en/citizens/clanpk
[101/103]   404  AVAILABLE   openlobby                  https://robertsspaceindustries.com/en/citizens/openlobby
[102/103]   404  AVAILABLE   closedlobby                https://robertsspaceindustries.com/en/citizens/closedlobby
[103/103]   404  AVAILABLE   gamelobby                  https://robertsspaceindustries.com/en/citizens/gamelobby

==============================================================================================================

✅  AVAILABLE (42):
   glhfnore                        https://robertsspaceindustries.com/en/citizens/glhfnore
   glglhf                          https://robertsspaceindustries.com/en/citizens/glglhf
   gg2u                            https://robertsspaceindustries.com/en/citizens/gg2u
   ggnr                            https://robertsspaceindustries.com/en/citizens/ggnr
   welpgg                          https://robertsspaceindustries.com/en/citizens/welpgg
   needheal                        https://robertsspaceindustries.com/en/citizens/needheal
   pullnow                         https://robertsspaceindustries.com/en/citizens/pullnow
   gotime                          https://robertsspaceindustries.com/en/citizens/gotime
   wts                             https://robertsspaceindustries.com/en/citizens/wts
   lf1m                            https://robertsspaceindustries.com/en/citizens/lf1m
   lf2m                            https://robertsspaceindustries.com/en/citizens/lf2m
   lf3m                            https://robertsspaceindustries.com/en/citizens/lf3m
   lf4m                            https://robertsspaceindustries.com/en/citizens/lf4m
   l2aim                           https://robertsspaceindustries.com/en/citizens/l2aim
   l2farm                          https://robertsspaceindustries.com/en/citizens/l2farm
   stadhis                         https://robertsspaceindustries.com/en/citizens/stadhis
   TehMasterer                     https://robertsspaceindustries.com/en/citizens/TehMasterer
   Lanageddon                      https://robertsspaceindustries.com/en/citizens/Lanageddon
   Imapwnu                         https://robertsspaceindustries.com/en/citizens/Imapwnu
   DanceAllDay                     https://robertsspaceindustries.com/en/citizens/DanceAllDay
   FasterKnife                     https://robertsspaceindustries.com/en/citizens/FasterKnife
   PwnOrBePwned                    https://robertsspaceindustries.com/en/citizens/PwnOrBePwned
   PwnedHard                       https://robertsspaceindustries.com/en/citizens/PwnedHard
   ProGamer                        https://robertsspaceindustries.com/en/citizens/ProGamer
   Modchip                         https://robertsspaceindustries.com/en/citizens/Modchip
   XBConnect                       https://robertsspaceindustries.com/en/citizens/XBConnect
   Systemlink                      https://robertsspaceindustries.com/en/citizens/Systemlink
   Bridged                         https://robertsspaceindustries.com/en/citizens/Bridged
   Tunneled                        https://robertsspaceindustries.com/en/citizens/Tunneled
   midPit                          https://robertsspaceindustries.com/en/citizens/midPit
   CTspawn                         https://robertsspaceindustries.com/en/citizens/CTspawn
   pistolRound                     https://robertsspaceindustries.com/en/citizens/pistolRound
   knifeRound                      https://robertsspaceindustries.com/en/citizens/knifeRound
   rematch                         https://robertsspaceindustries.com/en/citizens/rematch
   norematch                       https://robertsspaceindustries.com/en/citizens/norematch
   dooragequit                     https://robertsspaceindustries.com/en/citizens/dooragequit
   noobcheck                       https://robertsspaceindustries.com/en/citizens/noobcheck
   progamers                       https://robertsspaceindustries.com/en/citizens/progamers
   clanpk                          https://robertsspaceindustries.com/en/citizens/clanpk
   openlobby                       https://robertsspaceindustries.com/en/citizens/openlobby
   closedlobby                     https://robertsspaceindustries.com/en/citizens/closedlobby
   gamelobby                       https://robertsspaceindustries.com/en/citizens/gamelobby

❌  TAKEN (61):
   ggnoob                          https://robertsspaceindustries.com/en/citizens/ggnoob
   ggout                           https://robertsspaceindustries.com/en/citizens/ggout
   rekt                            https://robertsspaceindustries.com/en/citizens/rekt
   omw                             https://robertsspaceindustries.com/en/citizens/omw
   oom                             https://robertsspaceindustries.com/en/citizens/oom
   rdy                             https://robertsspaceindustries.com/en/citizens/rdy
   inv                             https://robertsspaceindustries.com/en/citizens/inv
   pst                             https://robertsspaceindustries.com/en/citizens/pst
   inc                             https://robertsspaceindustries.com/en/citizens/inc
   healme                          https://robertsspaceindustries.com/en/citizens/healme
   wtb                             https://robertsspaceindustries.com/en/citizens/wtb
   wtt                             https://robertsspaceindustries.com/en/citizens/wtt
   lfg                             https://robertsspaceindustries.com/en/citizens/lfg
   lfm                             https://robertsspaceindustries.com/en/citizens/lfm
   l2p                             https://robertsspaceindustries.com/en/citizens/l2p
   uninstall                       https://robertsspaceindustries.com/en/citizens/uninstall
   getgud                          https://robertsspaceindustries.com/en/citizens/getgud
   gitgud                          https://robertsspaceindustries.com/en/citizens/gitgud
   camper                          https://robertsspaceindustries.com/en/citizens/camper
   hacker                          https://robertsspaceindustries.com/en/citizens/hacker
   cheater                         https://robertsspaceindustries.com/en/citizens/cheater
   reported                        https://robertsspaceindustries.com/en/citizens/reported
   aimbot                          https://robertsspaceindustries.com/en/citizens/aimbot
   wallhack                        https://robertsspaceindustries.com/en/citizens/wallhack
   triggerbot                      https://robertsspaceindustries.com/en/citizens/triggerbot
   scripted                        https://robertsspaceindustries.com/en/citizens/scripted
   PurePwnage                      https://robertsspaceindustries.com/en/citizens/PurePwnage
   Spartans                        https://robertsspaceindustries.com/en/citizens/Spartans
   MasterChief                     https://robertsspaceindustries.com/en/citizens/MasterChief
   Cortana                         https://robertsspaceindustries.com/en/citizens/Cortana
   BobJohnson                      https://robertsspaceindustries.com/en/citizens/BobJohnson
   SgtJohnson                      https://robertsspaceindustries.com/en/citizens/SgtJohnson
   Arbiter                         https://robertsspaceindustries.com/en/citizens/Arbiter
   Forerunner                      https://robertsspaceindustries.com/en/citizens/Forerunner
   Covenant                        https://robertsspaceindustries.com/en/citizens/Covenant
   Flood                           https://robertsspaceindustries.com/en/citizens/Flood
   Banshee                         https://robertsspaceindustries.com/en/citizens/Banshee
   Scorpion                        https://robertsspaceindustries.com/en/citizens/Scorpion
   Warthog                         https://robertsspaceindustries.com/en/citizens/Warthog
   Mongoose                        https://robertsspaceindustries.com/en/citizens/Mongoose
   Mantis                          https://robertsspaceindustries.com/en/citizens/Mantis
   Needler                         https://robertsspaceindustries.com/en/citizens/Needler
   Plasma                          https://robertsspaceindustries.com/en/citizens/Plasma
   Sniper                          https://robertsspaceindustries.com/en/citizens/Sniper
   Rockets                         https://robertsspaceindustries.com/en/citizens/Rockets
   Gamertag                        https://robertsspaceindustries.com/en/citizens/Gamertag
   Xlink                           https://robertsspaceindustries.com/en/citizens/Xlink
   goA                             https://robertsspaceindustries.com/en/citizens/goA
   goB                             https://robertsspaceindustries.com/en/citizens/goB
   longA                           https://robertsspaceindustries.com/en/citizens/longA
   shortA                          https://robertsspaceindustries.com/en/citizens/shortA
   catWalk                         https://robertsspaceindustries.com/en/citizens/catWalk
   Tspawn                          https://robertsspaceindustries.com/en/citizens/Tspawn
   surrender                       https://robertsspaceindustries.com/en/citizens/surrender
   forfeit                         https://robertsspaceindustries.com/en/citizens/forfeit
   ragequit                        https://robertsspaceindustries.com/en/citizens/ragequit
   allin                           https://robertsspaceindustries.com/en/citizens/allin
   clutchtime                      https://robertsspaceindustries.com/en/citizens/clutchtime
   lastbullet                      https://robertsspaceindustries.com/en/citizens/lastbullet
   iccup                           https://robertsspaceindustries.com/en/citizens/iccup
   pgamers                         https://robertsspaceindustries.com/en/citizens/pgamers
/workspace/check_rsi_handles_v16.py:213: DeprecationWarning: datetime.datetime.utcnow() is deprecated and scheduled for removal in a future version. Use timezone-aware objects to represent datetimes in UTC: datetime.datetime.now(datetime.UTC).
  "checked_at": datetime.utcnow().isoformat() + "Z",

Results saved to rsi_handle_results_v16.json
