Checking 119 encoded handles (ROT13, Hex, Base64 of iconic words)...

   #  CODE  RESULT      HANDLE                     DECODES TO
--------------------------------------------------------------------------------------------------------------
[  1/119]   404  AVAILABLE   ebbg                       ROT13 → root
[  2/119]   404  AVAILABLE   unpx                       ROT13 → hack
[  3/119]   404  AVAILABLE   ahyy                       ROT13 → null
[  4/119]   404  AVAILABLE   ibvq                       ROT13 → void
[  5/119]   404  AVAILABLE   yrrg                       ROT13 → leet
[  6/119]   404  AVAILABLE   qbbz                       ROT13 → doom
[  7/119]   404  AVAILABLE   qrnq                       ROT13 → dead
[  8/119]   404  AVAILABLE   erxg                       ROT13 → rekt
[  9/119]   404  AVAILABLE   envq                       ROT13 → raid
[ 10/119]   404  AVAILABLE   xvyy                       ROT13 → kill
[ 11/119]   404  AVAILABLE   sver                       ROT13 → fire
[ 12/119]   404  AVAILABLE   ehfu                       ROT13 → rush
[ 13/119]   404  AVAILABLE   onfr                       ROT13 → base
[ 14/119]   200  TAKEN       qnex                       ROT13 → dark
[ 15/119]   200  TAKEN       mreb                       ROT13 → zero
[ 16/119]   404  AVAILABLE   olgr                       ROT13 → byte
[ 17/119]   404  AVAILABLE   pyna                       ROT13 → clan
[ 18/119]   404  AVAILABLE   obff                       ROT13 → boss
[ 19/119]   404  AVAILABLE   fcnja                      ROT13 → spawn
[ 20/119]   404  AVAILABLE   tubfg                      ROT13 → ghost
[ 21/119]   404  AVAILABLE   favcr                      ROT13 → snipe
[ 22/119]   404  AVAILABLE   abpyvc                     ROT13 → noclip
[ 23/119]   404  AVAILABLE   unpxre                     ROT13 → hacker
[ 24/119]   404  AVAILABLE   ebbgrq                     ROT13 → rooted
[ 25/119]   404  AVAILABLE   cjarq                      ROT13 → pwned
[ 26/119]   404  AVAILABLE   xreary                     ROT13 → kernel
[ 27/119]   404  AVAILABLE   fgneg                      ROT13 → start
[ 28/119]   404  AVAILABLE   raqtnzr                    ROT13 → endgame
[ 29/119]   404  AVAILABLE   cbegny                     ROT13 → portal
[ 30/119]   404  AVAILABLE   qrspba                     ROT13 → defcon
[ 31/119]   404  AVAILABLE   fcrrq                      ROT13 → speed
[ 32/119]   404  AVAILABLE   fxvqqvr                    ROT13 → skiddie
[ 33/119]   404  AVAILABLE   cnpxrg                     ROT13 → packet
[ 34/119]   404  AVAILABLE   freire                     ROT13 → server
[ 35/119]   404  AVAILABLE   penpx                      ROT13 → crack
[ 36/119]   404  AVAILABLE   fgernz                     ROT13 → stream
[ 37/119]   404  AVAILABLE   funqbj                     ROT13 → shadow
[ 38/119]   404  AVAILABLE   fgrnygu                    ROT13 → stealth
[ 39/119]   404  AVAILABLE   726f6f74                   hex → root
[ 40/119]   404  AVAILABLE   686c7476                   hex → hltv
[ 41/119]   404  AVAILABLE   6861636b                   hex → hack
[ 42/119]   404  AVAILABLE   6e756c6c                   hex → null
[ 43/119]   404  AVAILABLE   766f6964                   hex → void
[ 44/119]   404  AVAILABLE   646f6f6d                   hex → doom
[ 45/119]   404  AVAILABLE   676f6b75                   hex → goku
[ 46/119]   404  AVAILABLE   72656b74                   hex → rekt
[ 47/119]   404  AVAILABLE   6c656574                   hex → leet
[ 48/119]   404  AVAILABLE   64656164                   hex → dead
[ 49/119]   404  AVAILABLE   72616964                   hex → raid
[ 50/119]   404  AVAILABLE   6b696c6c                   hex → kill
[ 51/119]   404  AVAILABLE   66697265                   hex → fire
[ 52/119]   404  AVAILABLE   72757368                   hex → rush
[ 53/119]   404  AVAILABLE   62617365                   hex → base
[ 54/119]   404  AVAILABLE   6461726b                   hex → dark
[ 55/119]   404  AVAILABLE   7a65726f                   hex → zero
[ 56/119]   404  AVAILABLE   62797465                   hex → byte
[ 57/119]   404  AVAILABLE   636c616e                   hex → clan
[ 58/119]   404  AVAILABLE   6e6f6f62                   hex → noob
[ 59/119]   404  AVAILABLE   626f7373                   hex → boss
[ 60/119]   404  AVAILABLE   73706563                   hex → spec
[ 61/119]   404  AVAILABLE   6e657874                   hex → next
[ 62/119]   404  AVAILABLE   6f70656e                   hex → open
[ 63/119]   404  AVAILABLE   66726565                   hex → free
[ 64/119]   404  AVAILABLE   636f6465                   hex → code
[ 65/119]   404  AVAILABLE   73696768                   hex → sigh
[ 66/119]   404  AVAILABLE   73686f74                   hex → shot
[ 67/119]   404  AVAILABLE   67616e67                   hex → gang
[ 68/119]   404  AVAILABLE   6d696e74                   hex → mint
[ 69/119]   404  AVAILABLE   70696e67                   hex → ping
[ 70/119]   404  AVAILABLE   70617373                   hex → pass
[ 71/119]   404  AVAILABLE   706f7274                   hex → port
[ 72/119]   404  AVAILABLE   686f6c65                   hex → hole
[ 73/119]   404  AVAILABLE   6c6f6f70                   hex → loop
[ 74/119]   404  AVAILABLE   77697265                   hex → wire
[ 75/119]   404  AVAILABLE   6e6f6465                   hex → node
[ 76/119]   404  AVAILABLE   6c6f636b                   hex → lock
[ 77/119]   404  AVAILABLE   6b657973                   hex → keys
[ 78/119]   404  AVAILABLE   73796e63                   hex → sync
[ 79/119]   404  AVAILABLE   73656e64                   hex → send
[ 80/119]   404  AVAILABLE   636f726e                   hex → corn
[ 81/119]   404  AVAILABLE   636f7265                   hex → core
[ 82/119]   404  AVAILABLE   61726d73                   hex → arms
[ 83/119]   404  AVAILABLE   6c696e65                   hex → line
[ 84/119]   404  AVAILABLE   bm9jbGlw                   b64 → noclip
[ 85/119]   404  AVAILABLE   aGFja2Vy                   b64 → hacker
[ 86/119]   404  AVAILABLE   ZGFlbW9u                   b64 → daemon
[ 87/119]   404  AVAILABLE   cm9vdGVk                   b64 → rooted
[ 88/119]   404  AVAILABLE   a2VybmVs                   b64 → kernel
[ 89/119]   404  AVAILABLE   cmVib290                   b64 → reboot
[ 90/119]   404  AVAILABLE   Y29kaW5n                   b64 → coding
[ 91/119]   404  AVAILABLE   YmluYXJ5                   b64 → binary
[ 92/119]   404  AVAILABLE   c2hlbGxz                   b64 → shells
[ 93/119]   404  AVAILABLE   cHduaW5n                   b64 → pwning
[ 94/119]   404  AVAILABLE   ZGVsZXRl                   b64 → delete
[ 95/119]   404  AVAILABLE   aGFzaGVz                   b64 → hashes
[ 96/119]   404  AVAILABLE   bG9nb2Zm                   b64 → logoff
[ 97/119]   404  AVAILABLE   c3BhY2Vz                   b64 → spaces
[ 98/119]   404  AVAILABLE   cmFuZG9t                   b64 → random
[ 99/119]   404  AVAILABLE   cGFja2V0                   b64 → packet
[100/119]   404  AVAILABLE   c3RlYWx0                   b64 → stealt
[101/119]   404  AVAILABLE   c3RlYWxo                   b64 → stealh
[102/119]   404  AVAILABLE   dGhyZWFk                   b64 → thread
