Checking 77 ironic gaming culture handles...

   #  CODE  RESULT      HANDLE                     URL
--------------------------------------------------------------------------------------------------------------
[  1/77]   200  TAKEN       Huntard                    https://robertsspaceindustries.com/en/citizens/Huntard
[  2/77]   404  AVAILABLE   Retadin                    https://robertsspaceindustries.com/en/citizens/Retadin
[  3/77]   200  TAKEN       Facemelter                 https://robertsspaceindustries.com/en/citizens/Facemelter
[  4/77]   200  TAKEN       Healbot                    https://robertsspaceindustries.com/en/citizens/Healbot
[  5/77]   404  AVAILABLE   Standinfire                https://robertsspaceindustries.com/en/citizens/Standinfire
[  6/77]   404  AVAILABLE   Tradechat                  https://robertsspaceindustries.com/en/citizens/Tradechat
[  7/77]   200  TAKEN       Barrenschat                https://robertsspaceindustries.com/en/citizens/Barrenschat
[  8/77]   404  AVAILABLE   Ninjarogue                 https://robertsspaceindustries.com/en/citizens/Ninjarogue
[  9/77]   200  TAKEN       GoldFarmer                 https://robertsspaceindustries.com/en/citizens/GoldFarmer
[ 10/77]   404  AVAILABLE   EpicMount                  https://robertsspaceindustries.com/en/citizens/EpicMount
[ 11/77]   404  AVAILABLE   GnomePunt                  https://robertsspaceindustries.com/en/citizens/GnomePunt
[ 12/77]   404  AVAILABLE   Soulstoned                 https://robertsspaceindustries.com/en/citizens/Soulstoned
[ 13/77]   404  AVAILABLE   Innervateme                https://robertsspaceindustries.com/en/citizens/Innervateme
[ 14/77]   404  AVAILABLE   PallyPower                 https://robertsspaceindustries.com/en/citizens/PallyPower
[ 15/77]   404  AVAILABLE   WorldFirst                 https://robertsspaceindustries.com/en/citizens/WorldFirst
[ 16/77]   404  AVAILABLE   ServerFirst                https://robertsspaceindustries.com/en/citizens/ServerFirst
[ 17/77]   404  AVAILABLE   IWasLagging                https://robertsspaceindustries.com/en/citizens/IWasLagging
[ 18/77]   404  AVAILABLE   MyMouseSlipped             https://robertsspaceindustries.com/en/citizens/MyMouseSlipped
[ 19/77]   404  AVAILABLE   Iwasntrying                https://robertsspaceindustries.com/en/citizens/Iwasntrying
[ 20/77]   404  AVAILABLE   LetYouWin                  https://robertsspaceindustries.com/en/citizens/LetYouWin
[ 21/77]   404  AVAILABLE   MyTeamBad                  https://robertsspaceindustries.com/en/citizens/MyTeamBad
[ 22/77]   404  AVAILABLE   CampersWin                 https://robertsspaceindustries.com/en/citizens/CampersWin
[ 23/77]   404  AVAILABLE   HitboxBroke                https://robertsspaceindustries.com/en/citizens/HitboxBroke
[ 24/77]   404  AVAILABLE   NoclientsideHit            https://robertsspaceindustries.com/en/citizens/NoclientsideHit
[ 25/77]   404  AVAILABLE   PingExcuse                 https://robertsspaceindustries.com/en/citizens/PingExcuse
[ 26/77]   404  AVAILABLE   IHaventPlayed              https://robertsspaceindustries.com/en/citizens/IHaventPlayed
[ 27/77]   404  AVAILABLE   CouldGoPro                 https://robertsspaceindustries.com/en/citizens/CouldGoPro
[ 28/77]   404  AVAILABLE   UsedToBeBetter             https://robertsspaceindustries.com/en/citizens/UsedToBeBetter
[ 29/77]   404  AVAILABLE   xXxSniper                  https://robertsspaceindustries.com/en/citizens/xXxSniper
[ 30/77]   200  TAKEN       xXxProxXx                  https://robertsspaceindustries.com/en/citizens/xXxProxXx
[ 31/77]   404  AVAILABLE   ItzYaBoi                   https://robertsspaceindustries.com/en/citizens/ItzYaBoi
[ 32/77]   200  TAKEN       MLGpro                     https://robertsspaceindustries.com/en/citizens/MLGpro
[ 33/77]   404  AVAILABLE   1337Sniper                 https://robertsspaceindustries.com/en/citizens/1337Sniper
[ 34/77]   404  AVAILABLE   Pr0Player                  https://robertsspaceindustries.com/en/citizens/Pr0Player
[ 35/77]   200  TAKEN       EliteGamer                 https://robertsspaceindustries.com/en/citizens/EliteGamer
[ 36/77]   200  TAKEN       ProGamer9000               https://robertsspaceindustries.com/en/citizens/ProGamer9000
[ 37/77]   404  AVAILABLE   UberPro                    https://robertsspaceindustries.com/en/citizens/UberPro
[ 38/77]   200  TAKEN       TrueLegend                 https://robertsspaceindustries.com/en/citizens/TrueLegend
[ 39/77]   200  TAKEN       ClanLeader                 https://robertsspaceindustries.com/en/citizens/ClanLeader
[ 40/77]   404  AVAILABLE   SubLeader                  https://robertsspaceindustries.com/en/citizens/SubLeader
[ 41/77]   404  AVAILABLE   ClansAreLife               https://robertsspaceindustries.com/en/citizens/ClansAreLife
[ 42/77]   404  AVAILABLE   Clanhopper                 https://robertsspaceindustries.com/en/citizens/Clanhopper
[ 43/77]   404  AVAILABLE   Disband                    https://robertsspaceindustries.com/en/citizens/Disband
[ 44/77]   200  TAKEN       Internal                   https://robertsspaceindustries.com/en/citizens/Internal
[ 45/77]   200  TAKEN       Tryout                     https://robertsspaceindustries.com/en/citizens/Tryout
[ 46/77]   200  TAKEN       Probation                  https://robertsspaceindustries.com/en/citizens/Probation
[ 47/77]   404  AVAILABLE   Votemute                   https://robertsspaceindustries.com/en/citizens/Votemute
[ 48/77]   200  TAKEN       Votekick                   https://robertsspaceindustries.com/en/citizens/Votekick
[ 49/77]   404  AVAILABLE   DKPminus                   https://robertsspaceindustries.com/en/citizens/DKPminus
[ 50/77]   404  AVAILABLE   FiftyDKP                   https://robertsspaceindustries.com/en/citizens/FiftyDKP
[ 51/77]   404  AVAILABLE   ScreamingKid               https://robertsspaceindustries.com/en/citizens/ScreamingKid
[ 52/77]   404  AVAILABLE   OpenMic                    https://robertsspaceindustries.com/en/citizens/OpenMic
[ 53/77]   404  AVAILABLE   MomCalled                  https://robertsspaceindustries.com/en/citizens/MomCalled
[ 54/77]   404  AVAILABLE   RouterUnplug               https://robertsspaceindustries.com/en/citizens/RouterUnplug
[ 55/77]   404  AVAILABLE   TVdisconnect               https://robertsspaceindustries.com/en/citizens/TVdisconnect
[ 56/77]   404  AVAILABLE   GotGrounded                https://robertsspaceindustries.com/en/citizens/GotGrounded
[ 57/77]   200  TAKEN       Bedtime                    https://robertsspaceindustries.com/en/citizens/Bedtime
[ 58/77]   404  AVAILABLE   AllinQueue                 https://robertsspaceindustries.com/en/citizens/AllinQueue
[ 59/77]   404  AVAILABLE   DadUsedPhone               https://robertsspaceindustries.com/en/citizens/DadUsedPhone
[ 60/77]   200  TAKEN       Permabanned                https://robertsspaceindustries.com/en/citizens/Permabanned
[ 61/77]   404  AVAILABLE   Softbanned                 https://robertsspaceindustries.com/en/citizens/Softbanned
[ 62/77]   404  AVAILABLE   Falsereport                https://robertsspaceindustries.com/en/citizens/Falsereport
[ 63/77]   404  AVAILABLE   Ruinedgame                 https://robertsspaceindustries.com/en/citizens/Ruinedgame
[ 64/77]   404  AVAILABLE   IntentFeed                 https://robertsspaceindustries.com/en/citizens/IntentFeed
[ 65/77]   404  AVAILABLE   JustHavingFun              https://robertsspaceindustries.com/en/citizens/JustHavingFun
[ 66/77]   200  TAKEN       CasualGamer                https://robertsspaceindustries.com/en/citizens/CasualGamer
[ 67/77]   404  AVAILABLE   Nolifegamer                https://robertsspaceindustries.com/en/citizens/Nolifegamer
[ 68/77]   404  AVAILABLE   KeyboardTurner             https://robertsspaceindustries.com/en/citizens/KeyboardTurner
[ 69/77]   404  AVAILABLE   BackPedaler                https://robertsspaceindustries.com/en/citizens/BackPedaler
[ 70/77]   404  AVAILABLE   Bunnyhopper                https://robertsspaceindustries.com/en/citizens/Bunnyhopper
[ 71/77]   200  TAKEN       WallBanger                 https://robertsspaceindustries.com/en/citizens/WallBanger
[ 72/77]   200  TAKEN       SprayNPray                 https://robertsspaceindustries.com/en/citizens/SprayNPray
[ 73/77]   200  TAKEN       OnetrIck                   https://robertsspaceindustries.com/en/citizens/OnetrIck
[ 74/77]   404  AVAILABLE   Bodyshotonly               https://robertsspaceindustries.com/en/citizens/Bodyshotonly
[ 75/77]   404  AVAILABLE   Awpwhore                   https://robertsspaceindustries.com/en/citizens/Awpwhore
[ 76/77]   404  AVAILABLE   Knifeonly                  https://robertsspaceindustries.com/en/citizens/Knifeonly
[ 77/77]   404  AVAILABLE   Doublejump                 https://robertsspaceindustries.com/en/citizens/Doublejump

==============================================================================================================

✅  AVAILABLE (56):
   Retadin                         https://robertsspaceindustries.com/en/citizens/Retadin
   Standinfire                     https://robertsspaceindustries.com/en/citizens/Standinfire
   Tradechat                       https://robertsspaceindustries.com/en/citizens/Tradechat
   Ninjarogue                      https://robertsspaceindustries.com/en/citizens/Ninjarogue
   EpicMount                       https://robertsspaceindustries.com/en/citizens/EpicMount
   GnomePunt                       https://robertsspaceindustries.com/en/citizens/GnomePunt
   Soulstoned                      https://robertsspaceindustries.com/en/citizens/Soulstoned
   Innervateme                     https://robertsspaceindustries.com/en/citizens/Innervateme
   PallyPower                      https://robertsspaceindustries.com/en/citizens/PallyPower
   WorldFirst                      https://robertsspaceindustries.com/en/citizens/WorldFirst
   ServerFirst                     https://robertsspaceindustries.com/en/citizens/ServerFirst
   IWasLagging                     https://robertsspaceindustries.com/en/citizens/IWasLagging
   MyMouseSlipped                  https://robertsspaceindustries.com/en/citizens/MyMouseSlipped
   Iwasntrying                     https://robertsspaceindustries.com/en/citizens/Iwasntrying
   LetYouWin                       https://robertsspaceindustries.com/en/citizens/LetYouWin
   MyTeamBad                       https://robertsspaceindustries.com/en/citizens/MyTeamBad
   CampersWin                      https://robertsspaceindustries.com/en/citizens/CampersWin
   HitboxBroke                     https://robertsspaceindustries.com/en/citizens/HitboxBroke
   NoclientsideHit                 https://robertsspaceindustries.com/en/citizens/NoclientsideHit
   PingExcuse                      https://robertsspaceindustries.com/en/citizens/PingExcuse
   IHaventPlayed                   https://robertsspaceindustries.com/en/citizens/IHaventPlayed
   CouldGoPro                      https://robertsspaceindustries.com/en/citizens/CouldGoPro
   UsedToBeBetter                  https://robertsspaceindustries.com/en/citizens/UsedToBeBetter
   xXxSniper                       https://robertsspaceindustries.com/en/citizens/xXxSniper
   ItzYaBoi                        https://robertsspaceindustries.com/en/citizens/ItzYaBoi
   1337Sniper                      https://robertsspaceindustries.com/en/citizens/1337Sniper
   Pr0Player                       https://robertsspaceindustries.com/en/citizens/Pr0Player
   UberPro                         https://robertsspaceindustries.com/en/citizens/UberPro
   SubLeader                       https://robertsspaceindustries.com/en/citizens/SubLeader
   ClansAreLife                    https://robertsspaceindustries.com/en/citizens/ClansAreLife
   Clanhopper                      https://robertsspaceindustries.com/en/citizens/Clanhopper
   Disband                         https://robertsspaceindustries.com/en/citizens/Disband
   Votemute                        https://robertsspaceindustries.com/en/citizens/Votemute
   DKPminus                        https://robertsspaceindustries.com/en/citizens/DKPminus
   FiftyDKP                        https://robertsspaceindustries.com/en/citizens/FiftyDKP
   ScreamingKid                    https://robertsspaceindustries.com/en/citizens/ScreamingKid
   OpenMic                         https://robertsspaceindustries.com/en/citizens/OpenMic
   MomCalled                       https://robertsspaceindustries.com/en/citizens/MomCalled
   RouterUnplug                    https://robertsspaceindustries.com/en/citizens/RouterUnplug
   TVdisconnect                    https://robertsspaceindustries.com/en/citizens/TVdisconnect
   GotGrounded                     https://robertsspaceindustries.com/en/citizens/GotGrounded
   AllinQueue                      https://robertsspaceindustries.com/en/citizens/AllinQueue
   DadUsedPhone                    https://robertsspaceindustries.com/en/citizens/DadUsedPhone
   Softbanned                      https://robertsspaceindustries.com/en/citizens/Softbanned
   Falsereport                     https://robertsspaceindustries.com/en/citizens/Falsereport
   Ruinedgame                      https://robertsspaceindustries.com/en/citizens/Ruinedgame
   IntentFeed                      https://robertsspaceindustries.com/en/citizens/IntentFeed
   JustHavingFun                   https://robertsspaceindustries.com/en/citizens/JustHavingFun
   Nolifegamer                     https://robertsspaceindustries.com/en/citizens/Nolifegamer
   KeyboardTurner                  https://robertsspaceindustries.com/en/citizens/KeyboardTurner
   BackPedaler                     https://robertsspaceindustries.com/en/citizens/BackPedaler
   Bunnyhopper                     https://robertsspaceindustries.com/en/citizens/Bunnyhopper
   Bodyshotonly                    https://robertsspaceindustries.com/en/citizens/Bodyshotonly
   Awpwhore                        https://robertsspaceindustries.com/en/citizens/Awpwhore
   Knifeonly                       https://robertsspaceindustries.com/en/citizens/Knifeonly
   Doublejump                      https://robertsspaceindustries.com/en/citizens/Doublejump

❌  TAKEN (21):
   Huntard                         https://robertsspaceindustries.com/en/citizens/Huntard
   Facemelter                      https://robertsspaceindustries.com/en/citizens/Facemelter
   Healbot                         https://robertsspaceindustries.com/en/citizens/Healbot
   Barrenschat                     https://robertsspaceindustries.com/en/citizens/Barrenschat
   GoldFarmer                      https://robertsspaceindustries.com/en/citizens/GoldFarmer
   xXxProxXx                       https://robertsspaceindustries.com/en/citizens/xXxProxXx
   MLGpro                          https://robertsspaceindustries.com/en/citizens/MLGpro
   EliteGamer                      https://robertsspaceindustries.com/en/citizens/EliteGamer
   ProGamer9000                    https://robertsspaceindustries.com/en/citizens/ProGamer9000
   TrueLegend                      https://robertsspaceindustries.com/en/citizens/TrueLegend
   ClanLeader                      https://robertsspaceindustries.com/en/citizens/ClanLeader
   Internal                        https://robertsspaceindustries.com/en/citizens/Internal
   Tryout                          https://robertsspaceindustries.com/en/citizens/Tryout
   Probation                       https://robertsspaceindustries.com/en/citizens/Probation
   Votekick                        https://robertsspaceindustries.com/en/citizens/Votekick
   Bedtime                         https://robertsspaceindustries.com/en/citizens/Bedtime
   Permabanned                     https://robertsspaceindustries.com/en/citizens/Permabanned
   CasualGamer                     https://robertsspaceindustries.com/en/citizens/CasualGamer
   WallBanger                      https://robertsspaceindustries.com/en/citizens/WallBanger
   SprayNPray                      https://robertsspaceindustries.com/en/citizens/SprayNPray
   OnetrIck                        https://robertsspaceindustries.com/en/citizens/OnetrIck
/workspace/check_rsi_handles_v20.py:190: DeprecationWarning: datetime.datetime.utcnow() is deprecated and scheduled for removal in a future version. Use timezone-aware objects to represent datetimes in UTC: datetime.datetime.now(datetime.UTC).
  "checked_at": datetime.utcnow().isoformat() + "Z",

Results saved to rsi_handle_results_v20.json
