Checking 86 early 2000s underground/hacker culture handles...

   #  CODE  RESULT      HANDLE                     URL
--------------------------------------------------------------------------------------------------------------
[  1/86]   200  TAKEN       Phrack                     https://robertsspaceindustries.com/en/citizens/Phrack
[  2/86]   200  TAKEN       L0pht                      https://robertsspaceindustries.com/en/citizens/L0pht
[  3/86]   200  TAKEN       Mudge                      https://robertsspaceindustries.com/en/citizens/Mudge
[  4/86]   200  TAKEN       cDc                        https://robertsspaceindustries.com/en/citizens/cDc
[  5/86]   404  AVAILABLE   Def0n                      https://robertsspaceindustries.com/en/citizens/Def0n
[  6/86]   404  AVAILABLE   EFnet                      https://robertsspaceindustries.com/en/citizens/EFnet
[  7/86]   404  AVAILABLE   Undernet                   https://robertsspaceindustries.com/en/citizens/Undernet
[  8/86]   404  AVAILABLE   QuakeNet                   https://robertsspaceindustries.com/en/citizens/QuakeNet
[  9/86]   200  TAKEN       ZeroCool                   https://robertsspaceindustries.com/en/citizens/ZeroCool
[ 10/86]   200  TAKEN       CrashOverride              https://robertsspaceindustries.com/en/citizens/CrashOverride
[ 11/86]   200  TAKEN       AcidBurn                   https://robertsspaceindustries.com/en/citizens/AcidBurn
[ 12/86]   200  TAKEN       ThePlague                  https://robertsspaceindustries.com/en/citizens/ThePlague
[ 13/86]   200  TAKEN       CerealKiller               https://robertsspaceindustries.com/en/citizens/CerealKiller
[ 14/86]   200  TAKEN       PhantomPhreak              https://robertsspaceindustries.com/en/citizens/PhantomPhreak
[ 15/86]   200  TAKEN       HackThePlanet              https://robertsspaceindustries.com/en/citizens/HackThePlanet
[ 16/86]   404  AVAILABLE   GibsonHack                 https://robertsspaceindustries.com/en/citizens/GibsonHack
[ 17/86]   200  TAKEN       Sploit                     https://robertsspaceindustries.com/en/citizens/Sploit
[ 18/86]   404  AVAILABLE   0wned                      https://robertsspaceindustries.com/en/citizens/0wned
[ 19/86]   200  TAKEN       GoingDark                  https://robertsspaceindustries.com/en/citizens/GoingDark
[ 20/86]   404  AVAILABLE   GoRoot                     https://robertsspaceindustries.com/en/citizens/GoRoot
[ 21/86]   404  AVAILABLE   GotShell                   https://robertsspaceindustries.com/en/citizens/GotShell
[ 22/86]   200  TAKEN       Deface                     https://robertsspaceindustries.com/en/citizens/Deface
[ 23/86]   200  TAKEN       Pivot                      https://robertsspaceindustries.com/en/citizens/Pivot
[ 24/86]   200  TAKEN       Dropper                    https://robertsspaceindustries.com/en/citizens/Dropper
[ 25/86]   200  TAKEN       Crypter                    https://robertsspaceindustries.com/en/citizens/Crypter
[ 26/86]   404  AVAILABLE   Packer                     https://robertsspaceindustries.com/en/citizens/Packer
[ 27/86]   404  AVAILABLE   Shellcode                  https://robertsspaceindustries.com/en/citizens/Shellcode
[ 28/86]   404  AVAILABLE   Stacksmash                 https://robertsspaceindustries.com/en/citizens/Stacksmash
[ 29/86]   404  AVAILABLE   HeapSpray                  https://robertsspaceindustries.com/en/citizens/HeapSpray
[ 30/86]   404  AVAILABLE   ReturnToLibc               https://robertsspaceindustries.com/en/citizens/ReturnToLibc
[ 31/86]   404  AVAILABLE   FreeKevin                  https://robertsspaceindustries.com/en/citizens/FreeKevin
[ 32/86]   404  AVAILABLE   VHost                      https://robertsspaceindustries.com/en/citizens/VHost
[ 33/86]   200  TAKEN       Bouncer                    https://robertsspaceindustries.com/en/citizens/Bouncer
[ 34/86]   404  AVAILABLE   ProxyChain                 https://robertsspaceindustries.com/en/citizens/ProxyChain
[ 35/86]   404  AVAILABLE   SevenProxies               https://robertsspaceindustries.com/en/citizens/SevenProxies
[ 36/86]   200  TAKEN       Proxied                    https://robertsspaceindustries.com/en/citizens/Proxied
[ 37/86]   404  AVAILABLE   Torified                   https://robertsspaceindustries.com/en/citizens/Torified
[ 38/86]   200  TAKEN       Darkened                   https://robertsspaceindustries.com/en/citizens/Darkened
[ 39/86]   200  TAKEN       Cloaked                    https://robertsspaceindustries.com/en/citizens/Cloaked
[ 40/86]   200  TAKEN       Covert                     https://robertsspaceindustries.com/en/citizens/Covert
[ 41/86]   200  TAKEN       Exfiltrate                 https://robertsspaceindustries.com/en/citizens/Exfiltrate
[ 42/86]   200  TAKEN       Exfil                      https://robertsspaceindustries.com/en/citizens/Exfil
[ 43/86]   404  AVAILABLE   CoverTrack                 https://robertsspaceindustries.com/en/citizens/CoverTrack
[ 44/86]   200  TAKEN       Warez                      https://robertsspaceindustries.com/en/citizens/Warez
[ 45/86]   200  TAKEN       0day                       https://robertsspaceindustries.com/en/citizens/0day
[ 46/86]   404  AVAILABLE   Topsite                    https://robertsspaceindustries.com/en/citizens/Topsite
[ 47/86]   200  TAKEN       Courier                    https://robertsspaceindustries.com/en/citizens/Courier
[ 48/86]   200  TAKEN       Ratio                      https://robertsspaceindustries.com/en/citizens/Ratio
[ 49/86]   200  TAKEN       Leecher                    https://robertsspaceindustries.com/en/citizens/Leecher
[ 50/86]   200  TAKEN       Nfo                        https://robertsspaceindustries.com/en/citizens/Nfo
[ 51/86]   404  AVAILABLE   RARpass                    https://robertsspaceindustries.com/en/citizens/RARpass
[ 52/86]   404  AVAILABLE   XDCC                       https://robertsspaceindustries.com/en/citizens/XDCC
[ 53/86]   404  AVAILABLE   FServe                     https://robertsspaceindustries.com/en/citizens/FServe
[ 54/86]   200  TAKEN       Nuker                      https://robertsspaceindustries.com/en/citizens/Nuker
[ 55/86]   404  AVAILABLE   FloodBot                   https://robertsspaceindustries.com/en/citizens/FloodBot
[ 56/86]   404  AVAILABLE   WarDrive                   https://robertsspaceindustries.com/en/citizens/WarDrive
[ 57/86]   200  TAKEN       Stumbler                   https://robertsspaceindustries.com/en/citizens/Stumbler
[ 58/86]   404  AVAILABLE   Wardial                    https://robertsspaceindustries.com/en/citizens/Wardial
[ 59/86]   200  TAKEN       Phreaker                   https://robertsspaceindustries.com/en/citizens/Phreaker
[ 60/86]   200  TAKEN       BlueBox                    https://robertsspaceindustries.com/en/citizens/BlueBox
[ 61/86]   200  TAKEN       RedBox                     https://robertsspaceindustries.com/en/citizens/RedBox
[ 62/86]   200  TAKEN       ToneLoc                    https://robertsspaceindustries.com/en/citizens/ToneLoc
[ 63/86]   200  TAKEN       ScanLine                   https://robertsspaceindustries.com/en/citizens/ScanLine
[ 64/86]   200  TAKEN       Skiddie                    https://robertsspaceindustries.com/en/citizens/Skiddie
[ 65/86]   200  TAKEN       Scriptkid                  https://robertsspaceindustries.com/en/citizens/Scriptkid
[ 66/86]   200  TAKEN       LamEr                      https://robertsspaceindustries.com/en/citizens/LamEr
[ 67/86]   200  TAKEN       Newbie                     https://robertsspaceindustries.com/en/citizens/Newbie
[ 68/86]   404  AVAILABLE   Rootless                   https://robertsspaceindustries.com/en/citizens/Rootless
[ 69/86]   200  TAKEN       SubSeven                   https://robertsspaceindustries.com/en/citizens/SubSeven
[ 70/86]   404  AVAILABLE   NetBus                     https://robertsspaceindustries.com/en/citizens/NetBus
[ 71/86]   404  AVAILABLE   BackOrifice                https://robertsspaceindustries.com/en/citizens/BackOrifice
[ 72/86]   200  TAKEN       Nessus                     https://robertsspaceindustries.com/en/citizens/Nessus
[ 73/86]   404  AVAILABLE   Nmapr                      https://robertsspaceindustries.com/en/citizens/Nmapr
[ 74/86]   200  TAKEN       Nikto                      https://robertsspaceindustries.com/en/citizens/Nikto
[ 75/86]   200  TAKEN       Hydrar                     https://robertsspaceindustries.com/en/citizens/Hydrar
[ 76/86]   200  TAKEN       THC                        https://robertsspaceindustries.com/en/citizens/THC
[ 77/86]   200  TAKEN       Metasploit                 https://robertsspaceindustries.com/en/citizens/Metasploit
[ 78/86]   200  TAKEN       Armitage                   https://robertsspaceindustries.com/en/citizens/Armitage
[ 79/86]   200  TAKEN       AccessDenied               https://robertsspaceindustries.com/en/citizens/AccessDenied
[ 80/86]   200  TAKEN       Unauthorized               https://robertsspaceindustries.com/en/citizens/Unauthorized
[ 81/86]   404  AVAILABLE   Logging0ut                 https://robertsspaceindustries.com/en/citizens/Logging0ut
[ 82/86]   200  TAKEN       Connected                  https://robertsspaceindustries.com/en/citizens/Connected
[ 83/86]   200  TAKEN       Rooted                     https://robertsspaceindustries.com/en/citizens/Rooted
[ 84/86]   200  TAKEN       Compromised                https://robertsspaceindustries.com/en/citizens/Compromised
[ 85/86]   404  AVAILABLE   Backdoored                 https://robertsspaceindustries.com/en/citizens/Backdoored
[ 86/86]   200  TAKEN       Persistent                 https://robertsspaceindustries.com/en/citizens/Persistent

==============================================================================================================

✅  AVAILABLE (32):
   Def0n                           https://robertsspaceindustries.com/en/citizens/Def0n
   EFnet                           https://robertsspaceindustries.com/en/citizens/EFnet
   Undernet                        https://robertsspaceindustries.com/en/citizens/Undernet
   QuakeNet                        https://robertsspaceindustries.com/en/citizens/QuakeNet
   GibsonHack                      https://robertsspaceindustries.com/en/citizens/GibsonHack
   0wned                           https://robertsspaceindustries.com/en/citizens/0wned
   GoRoot                          https://robertsspaceindustries.com/en/citizens/GoRoot
   GotShell                        https://robertsspaceindustries.com/en/citizens/GotShell
   Packer                          https://robertsspaceindustries.com/en/citizens/Packer
   Shellcode                       https://robertsspaceindustries.com/en/citizens/Shellcode
   Stacksmash                      https://robertsspaceindustries.com/en/citizens/Stacksmash
   HeapSpray                       https://robertsspaceindustries.com/en/citizens/HeapSpray
   ReturnToLibc                    https://robertsspaceindustries.com/en/citizens/ReturnToLibc
   FreeKevin                       https://robertsspaceindustries.com/en/citizens/FreeKevin
   VHost                           https://robertsspaceindustries.com/en/citizens/VHost
   ProxyChain                      https://robertsspaceindustries.com/en/citizens/ProxyChain
   SevenProxies                    https://robertsspaceindustries.com/en/citizens/SevenProxies
   Torified                        https://robertsspaceindustries.com/en/citizens/Torified
   CoverTrack                      https://robertsspaceindustries.com/en/citizens/CoverTrack
   Topsite                         https://robertsspaceindustries.com/en/citizens/Topsite
   RARpass                         https://robertsspaceindustries.com/en/citizens/RARpass
   XDCC                            https://robertsspaceindustries.com/en/citizens/XDCC
   FServe                          https://robertsspaceindustries.com/en/citizens/FServe
   FloodBot                        https://robertsspaceindustries.com/en/citizens/FloodBot
   WarDrive                        https://robertsspaceindustries.com/en/citizens/WarDrive
   Wardial                         https://robertsspaceindustries.com/en/citizens/Wardial
   Rootless                        https://robertsspaceindustries.com/en/citizens/Rootless
   NetBus                          https://robertsspaceindustries.com/en/citizens/NetBus
   BackOrifice                     https://robertsspaceindustries.com/en/citizens/BackOrifice
   Nmapr                           https://robertsspaceindustries.com/en/citizens/Nmapr
   Logging0ut                      https://robertsspaceindustries.com/en/citizens/Logging0ut
   Backdoored                      https://robertsspaceindustries.com/en/citizens/Backdoored

❌  TAKEN (54):
   Phrack                          https://robertsspaceindustries.com/en/citizens/Phrack
   L0pht                           https://robertsspaceindustries.com/en/citizens/L0pht
   Mudge                           https://robertsspaceindustries.com/en/citizens/Mudge
   cDc                             https://robertsspaceindustries.com/en/citizens/cDc
   ZeroCool                        https://robertsspaceindustries.com/en/citizens/ZeroCool
   CrashOverride                   https://robertsspaceindustries.com/en/citizens/CrashOverride
   AcidBurn                        https://robertsspaceindustries.com/en/citizens/AcidBurn
   ThePlague                       https://robertsspaceindustries.com/en/citizens/ThePlague
   CerealKiller                    https://robertsspaceindustries.com/en/citizens/CerealKiller
   PhantomPhreak                   https://robertsspaceindustries.com/en/citizens/PhantomPhreak
   HackThePlanet                   https://robertsspaceindustries.com/en/citizens/HackThePlanet
   Sploit                          https://robertsspaceindustries.com/en/citizens/Sploit
   GoingDark                       https://robertsspaceindustries.com/en/citizens/GoingDark
   Deface                          https://robertsspaceindustries.com/en/citizens/Deface
   Pivot                           https://robertsspaceindustries.com/en/citizens/Pivot
   Dropper                         https://robertsspaceindustries.com/en/citizens/Dropper
   Crypter                         https://robertsspaceindustries.com/en/citizens/Crypter
   Bouncer                         https://robertsspaceindustries.com/en/citizens/Bouncer
   Proxied                         https://robertsspaceindustries.com/en/citizens/Proxied
   Darkened                        https://robertsspaceindustries.com/en/citizens/Darkened
   Cloaked                         https://robertsspaceindustries.com/en/citizens/Cloaked
   Covert                          https://robertsspaceindustries.com/en/citizens/Covert
   Exfiltrate                      https://robertsspaceindustries.com/en/citizens/Exfiltrate
   Exfil                           https://robertsspaceindustries.com/en/citizens/Exfil
   Warez                           https://robertsspaceindustries.com/en/citizens/Warez
   0day                            https://robertsspaceindustries.com/en/citizens/0day
   Courier                         https://robertsspaceindustries.com/en/citizens/Courier
   Ratio                           https://robertsspaceindustries.com/en/citizens/Ratio
   Leecher                         https://robertsspaceindustries.com/en/citizens/Leecher
   Nfo                             https://robertsspaceindustries.com/en/citizens/Nfo
   Nuker                           https://robertsspaceindustries.com/en/citizens/Nuker
   Stumbler                        https://robertsspaceindustries.com/en/citizens/Stumbler
   Phreaker                        https://robertsspaceindustries.com/en/citizens/Phreaker
   BlueBox                         https://robertsspaceindustries.com/en/citizens/BlueBox
   RedBox                          https://robertsspaceindustries.com/en/citizens/RedBox
   ToneLoc                         https://robertsspaceindustries.com/en/citizens/ToneLoc
   ScanLine                        https://robertsspaceindustries.com/en/citizens/ScanLine
   Skiddie                         https://robertsspaceindustries.com/en/citizens/Skiddie
   Scriptkid                       https://robertsspaceindustries.com/en/citizens/Scriptkid
   LamEr                           https://robertsspaceindustries.com/en/citizens/LamEr
   Newbie                          https://robertsspaceindustries.com/en/citizens/Newbie
   SubSeven                        https://robertsspaceindustries.com/en/citizens/SubSeven
   Nessus                          https://robertsspaceindustries.com/en/citizens/Nessus
   Nikto                           https://robertsspaceindustries.com/en/citizens/Nikto
   Hydrar                          https://robertsspaceindustries.com/en/citizens/Hydrar
   THC                             https://robertsspaceindustries.com/en/citizens/THC
   Metasploit                      https://robertsspaceindustries.com/en/citizens/Metasploit
   Armitage                        https://robertsspaceindustries.com/en/citizens/Armitage
   AccessDenied                    https://robertsspaceindustries.com/en/citizens/AccessDenied
   Unauthorized                    https://robertsspaceindustries.com/en/citizens/Unauthorized
   Connected                       https://robertsspaceindustries.com/en/citizens/Connected
   Rooted                          https://robertsspaceindustries.com/en/citizens/Rooted
   Compromised                     https://robertsspaceindustries.com/en/citizens/Compromised
   Persistent                      https://robertsspaceindustries.com/en/citizens/Persistent
/workspace/check_rsi_handles_v24.py:210: DeprecationWarning: datetime.datetime.utcnow() is deprecated and scheduled for removal in a future version. Use timezone-aware objects to represent datetimes in UTC: datetime.datetime.now(datetime.UTC).
  "checked_at": datetime.utcnow().isoformat() + "Z",

Results saved to rsi_handle_results_v24.json
