Checking 112 dark/villain/menacing handles...

   #  CODE  RESULT      HANDLE                     URL
--------------------------------------------------------------------------------------------------------------
[  1/112]   200  TAKEN       Fenrir                     https://robertsspaceindustries.com/en/citizens/Fenrir
[  2/112]   200  TAKEN       Nidhogg                    https://robertsspaceindustries.com/en/citizens/Nidhogg
[  3/112]   200  TAKEN       Surtr                      https://robertsspaceindustries.com/en/citizens/Surtr
[  4/112]   200  TAKEN       Jormungandr                https://robertsspaceindustries.com/en/citizens/Jormungandr
[  5/112]   200  TAKEN       Hel                        https://robertsspaceindustries.com/en/citizens/Hel
[  6/112]   200  TAKEN       Muspel                     https://robertsspaceindustries.com/en/citizens/Muspel
[  7/112]   200  TAKEN       Niflheim                   https://robertsspaceindustries.com/en/citizens/Niflheim
[  8/112]   200  TAKEN       Erebus                     https://robertsspaceindustries.com/en/citizens/Erebus
[  9/112]   200  TAKEN       Nyx                        https://robertsspaceindustries.com/en/citizens/Nyx
[ 10/112]   200  TAKEN       Typhon                     https://robertsspaceindustries.com/en/citizens/Typhon
[ 11/112]   200  TAKEN       Apep                       https://robertsspaceindustries.com/en/citizens/Apep
[ 12/112]   200  TAKEN       Moros                      https://robertsspaceindustries.com/en/citizens/Moros
[ 13/112]   200  TAKEN       Nemean                     https://robertsspaceindustries.com/en/citizens/Nemean
[ 14/112]   200  TAKEN       Charybdis                  https://robertsspaceindustries.com/en/citizens/Charybdis
[ 15/112]   200  TAKEN       Scylla                     https://robertsspaceindustries.com/en/citizens/Scylla
[ 16/112]   200  TAKEN       Echidna                    https://robertsspaceindustries.com/en/citizens/Echidna
[ 17/112]   200  TAKEN       Styx                       https://robertsspaceindustries.com/en/citizens/Styx
[ 18/112]   200  TAKEN       Tartarus                   https://robertsspaceindustries.com/en/citizens/Tartarus
[ 19/112]   200  TAKEN       Thanatos                   https://robertsspaceindustries.com/en/citizens/Thanatos
[ 20/112]   404  AVAILABLE   Maledict                   https://robertsspaceindustries.com/en/citizens/Maledict
[ 21/112]   200  TAKEN       Morgoth                    https://robertsspaceindustries.com/en/citizens/Morgoth
[ 22/112]   200  TAKEN       Ungoliant                  https://robertsspaceindustries.com/en/citizens/Ungoliant
[ 23/112]   200  TAKEN       Ancalagon                  https://robertsspaceindustries.com/en/citizens/Ancalagon
[ 24/112]   200  TAKEN       Gothmog                    https://robertsspaceindustries.com/en/citizens/Gothmog
[ 25/112]   200  TAKEN       Glaurung                   https://robertsspaceindustries.com/en/citizens/Glaurung
[ 26/112]   404  AVAILABLE   Nidoquil                   https://robertsspaceindustries.com/en/citizens/Nidoquil
[ 27/112]   200  TAKEN       Shelob                     https://robertsspaceindustries.com/en/citizens/Shelob
[ 28/112]   200  TAKEN       Wormtongue                 https://robertsspaceindustries.com/en/citizens/Wormtongue
[ 29/112]   200  TAKEN       Ungol                      https://robertsspaceindustries.com/en/citizens/Ungol
[ 30/112]   200  TAKEN       Mirkwood                   https://robertsspaceindustries.com/en/citizens/Mirkwood
[ 31/112]   200  TAKEN       Mordor                     https://robertsspaceindustries.com/en/citizens/Mordor
[ 32/112]   200  TAKEN       Cthulhu                    https://robertsspaceindustries.com/en/citizens/Cthulhu
[ 33/112]   200  TAKEN       Azathoth                   https://robertsspaceindustries.com/en/citizens/Azathoth
[ 34/112]   200  TAKEN       Nyarlathotep               https://robertsspaceindustries.com/en/citizens/Nyarlathotep
[ 35/112]   404  AVAILABLE   Shubnie                    https://robertsspaceindustries.com/en/citizens/Shubnie
[ 36/112]   200  TAKEN       Dagon                      https://robertsspaceindustries.com/en/citizens/Dagon
[ 37/112]   200  TAKEN       Hastur                     https://robertsspaceindustries.com/en/citizens/Hastur
[ 38/112]   200  TAKEN       YogSothoth                 https://robertsspaceindustries.com/en/citizens/YogSothoth
[ 39/112]   200  TAKEN       Shoggoth                   https://robertsspaceindustries.com/en/citizens/Shoggoth
[ 40/112]   200  TAKEN       Nihilus                    https://robertsspaceindustries.com/en/citizens/Nihilus
[ 41/112]   200  TAKEN       Revan                      https://robertsspaceindustries.com/en/citizens/Revan
[ 42/112]   200  TAKEN       Malak                      https://robertsspaceindustries.com/en/citizens/Malak
[ 43/112]   200  TAKEN       Traya                      https://robertsspaceindustries.com/en/citizens/Traya
[ 44/112]   200  TAKEN       Sion                       https://robertsspaceindustries.com/en/citizens/Sion
[ 45/112]   200  TAKEN       Bane                       https://robertsspaceindustries.com/en/citizens/Bane
[ 46/112]   200  TAKEN       Sidious                    https://robertsspaceindustries.com/en/citizens/Sidious
[ 47/112]   200  TAKEN       Vitiate                    https://robertsspaceindustries.com/en/citizens/Vitiate
[ 48/112]   200  TAKEN       Malgus                     https://robertsspaceindustries.com/en/citizens/Malgus
[ 49/112]   200  TAKEN       SHODAN                     https://robertsspaceindustries.com/en/citizens/SHODAN
[ 50/112]   200  TAKEN       Wintermute                 https://robertsspaceindustries.com/en/citizens/Wintermute
[ 51/112]   200  TAKEN       Neuromancer                https://robertsspaceindustries.com/en/citizens/Neuromancer
[ 52/112]   200  TAKEN       Blackice                   https://robertsspaceindustries.com/en/citizens/Blackice
[ 53/112]   200  TAKEN       Daemon                     https://robertsspaceindustries.com/en/citizens/Daemon
[ 54/112]   200  TAKEN       Killswitch                 https://robertsspaceindustries.com/en/citizens/Killswitch
[ 55/112]   200  TAKEN       Deadmans                   https://robertsspaceindustries.com/en/citizens/Deadmans
[ 56/112]   200  TAKEN       Payload                    https://robertsspaceindustries.com/en/citizens/Payload
[ 57/112]   200  TAKEN       Zeroday                    https://robertsspaceindustries.com/en/citizens/Zeroday
[ 58/112]   200  TAKEN       Rootkit                    https://robertsspaceindustries.com/en/citizens/Rootkit
[ 59/112]   200  TAKEN       Darknet                    https://robertsspaceindustries.com/en/citizens/Darknet
[ 60/112]   404  AVAILABLE   Darkseid                   https://robertsspaceindustries.com/en/citizens/Darkseid
[ 61/112]   200  TAKEN       Brainiac                   https://robertsspaceindustries.com/en/citizens/Brainiac
[ 62/112]   200  TAKEN       Dormammu                   https://robertsspaceindustries.com/en/citizens/Dormammu
[ 63/112]   200  TAKEN       Galactus                   https://robertsspaceindustries.com/en/citizens/Galactus
[ 64/112]   200  TAKEN       Knull                      https://robertsspaceindustries.com/en/citizens/Knull
[ 65/112]   200  TAKEN       Gorr                       https://robertsspaceindustries.com/en/citizens/Gorr
[ 66/112]   200  TAKEN       Malekith                   https://robertsspaceindustries.com/en/citizens/Malekith
[ 67/112]   200  TAKEN       Parallax                   https://robertsspaceindustries.com/en/citizens/Parallax
[ 68/112]   200  TAKEN       Mephisto                   https://robertsspaceindustries.com/en/citizens/Mephisto
[ 69/112]   200  TAKEN       Carnage                    https://robertsspaceindustries.com/en/citizens/Carnage
[ 70/112]   200  TAKEN       Sinister                   https://robertsspaceindustries.com/en/citizens/Sinister
[ 71/112]   200  TAKEN       Apocalypse                 https://robertsspaceindustries.com/en/citizens/Apocalypse
[ 72/112]   200  TAKEN       Morlun                     https://robertsspaceindustries.com/en/citizens/Morlun
[ 73/112]   200  TAKEN       Beyonder                   https://robertsspaceindustries.com/en/citizens/Beyonder
[ 74/112]   200  TAKEN       Vecna                      https://robertsspaceindustries.com/en/citizens/Vecna
[ 75/112]   200  TAKEN       Orcus                      https://robertsspaceindustries.com/en/citizens/Orcus
[ 76/112]   200  TAKEN       Demogorgon                 https://robertsspaceindustries.com/en/citizens/Demogorgon
[ 77/112]   200  TAKEN       Acererak                   https://robertsspaceindustries.com/en/citizens/Acererak
[ 78/112]   404  AVAILABLE   Tiamat                     https://robertsspaceindustries.com/en/citizens/Tiamat
[ 79/112]   200  TAKEN       Asmodeus                   https://robertsspaceindustries.com/en/citizens/Asmodeus
[ 80/112]   200  TAKEN       Beholder                   https://robertsspaceindustries.com/en/citizens/Beholder
[ 81/112]   200  TAKEN       Mindflayer                 https://robertsspaceindustries.com/en/citizens/Mindflayer
[ 82/112]   200  TAKEN       Aboleth                    https://robertsspaceindustries.com/en/citizens/Aboleth
[ 83/112]   200  TAKEN       Lich                       https://robertsspaceindustries.com/en/citizens/Lich
[ 84/112]   200  TAKEN       Demilich                   https://robertsspaceindustries.com/en/citizens/Demilich
[ 85/112]   200  TAKEN       Dracolich                  https://robertsspaceindustries.com/en/citizens/Dracolich
[ 86/112]   200  TAKEN       Nightwalker                https://robertsspaceindustries.com/en/citizens/Nightwalker
[ 87/112]   200  TAKEN       Entropy                    https://robertsspaceindustries.com/en/citizens/Entropy
[ 88/112]   200  TAKEN       Malice                     https://robertsspaceindustries.com/en/citizens/Malice
[ 89/112]   200  TAKEN       Spite                      https://robertsspaceindustries.com/en/citizens/Spite
[ 90/112]   200  TAKEN       Ruin                       https://robertsspaceindustries.com/en/citizens/Ruin
[ 91/112]   200  TAKEN       Dread                      https://robertsspaceindustries.com/en/citizens/Dread
[ 92/112]   200  TAKEN       Hollow                     https://robertsspaceindustries.com/en/citizens/Hollow
[ 93/112]   404  AVAILABLE   Voidborne                  https://robertsspaceindustries.com/en/citizens/Voidborne
[ 94/112]   200  TAKEN       Umbral                     https://robertsspaceindustries.com/en/citizens/Umbral
[ 95/112]   200  TAKEN       Moribund                   https://robertsspaceindustries.com/en/citizens/Moribund
[ 96/112]   200  TAKEN       Necrotic                   https://robertsspaceindustries.com/en/citizens/Necrotic
[ 97/112]   200  TAKEN       Baleful                    https://robertsspaceindustries.com/en/citizens/Baleful
[ 98/112]   200  TAKEN       Eldritch                   https://robertsspaceindustries.com/en/citizens/Eldritch
[ 99/112]   200  TAKEN       Abyssal                    https://robertsspaceindustries.com/en/citizens/Abyssal
[100/112]   200  TAKEN       Infernal                   https://robertsspaceindustries.com/en/citizens/Infernal
[101/112]   200  TAKEN       Profane                    https://robertsspaceindustries.com/en/citizens/Profane
[102/112]   200  TAKEN       Null                       https://robertsspaceindustries.com/en/citizens/Null
[103/112]   200  TAKEN       Cipher                     https://robertsspaceindustries.com/en/citizens/Cipher
[104/112]   200  TAKEN       Hex                        https://robertsspaceindustries.com/en/citizens/Hex
[105/112]   200  TAKEN       Wrack                      https://robertsspaceindustries.com/en/citizens/Wrack
[106/112]   200  TAKEN       Blight                     https://robertsspaceindustries.com/en/citizens/Blight
[107/112]   200  TAKEN       Scourge                    https://robertsspaceindustries.com/en/citizens/Scourge
[108/112]   200  TAKEN       Pestis                     https://robertsspaceindustries.com/en/citizens/Pestis
[109/112]   200  TAKEN       Mors                       https://robertsspaceindustries.com/en/citizens/Mors
[110/112]   200  TAKEN       Nox                        https://robertsspaceindustries.com/en/citizens/Nox
[111/112]   200  TAKEN       Tenebris                   https://robertsspaceindustries.com/en/citizens/Tenebris
[112/112]   200  TAKEN       Nihil                      https://robertsspaceindustries.com/en/citizens/Nihil

==============================================================================================================

✅  AVAILABLE (6):
   Maledict                        https://robertsspaceindustries.com/en/citizens/Maledict
   Nidoquil                        https://robertsspaceindustries.com/en/citizens/Nidoquil
   Shubnie                         https://robertsspaceindustries.com/en/citizens/Shubnie
   Darkseid                        https://robertsspaceindustries.com/en/citizens/Darkseid
   Tiamat                          https://robertsspaceindustries.com/en/citizens/Tiamat
   Voidborne                       https://robertsspaceindustries.com/en/citizens/Voidborne

❌  TAKEN (106):
   Fenrir                          https://robertsspaceindustries.com/en/citizens/Fenrir
   Nidhogg                         https://robertsspaceindustries.com/en/citizens/Nidhogg
   Surtr                           https://robertsspaceindustries.com/en/citizens/Surtr
   Jormungandr                     https://robertsspaceindustries.com/en/citizens/Jormungandr
   Hel                             https://robertsspaceindustries.com/en/citizens/Hel
   Muspel                          https://robertsspaceindustries.com/en/citizens/Muspel
   Niflheim                        https://robertsspaceindustries.com/en/citizens/Niflheim
   Erebus                          https://robertsspaceindustries.com/en/citizens/Erebus
   Nyx                             https://robertsspaceindustries.com/en/citizens/Nyx
   Typhon                          https://robertsspaceindustries.com/en/citizens/Typhon
   Apep                            https://robertsspaceindustries.com/en/citizens/Apep
   Moros                           https://robertsspaceindustries.com/en/citizens/Moros
   Nemean                          https://robertsspaceindustries.com/en/citizens/Nemean
   Charybdis                       https://robertsspaceindustries.com/en/citizens/Charybdis
   Scylla                          https://robertsspaceindustries.com/en/citizens/Scylla
   Echidna                         https://robertsspaceindustries.com/en/citizens/Echidna
   Styx                            https://robertsspaceindustries.com/en/citizens/Styx
   Tartarus                        https://robertsspaceindustries.com/en/citizens/Tartarus
   Thanatos                        https://robertsspaceindustries.com/en/citizens/Thanatos
   Morgoth                         https://robertsspaceindustries.com/en/citizens/Morgoth
   Ungoliant                       https://robertsspaceindustries.com/en/citizens/Ungoliant
   Ancalagon                       https://robertsspaceindustries.com/en/citizens/Ancalagon
   Gothmog                         https://robertsspaceindustries.com/en/citizens/Gothmog
   Glaurung                        https://robertsspaceindustries.com/en/citizens/Glaurung
   Shelob                          https://robertsspaceindustries.com/en/citizens/Shelob
   Wormtongue                      https://robertsspaceindustries.com/en/citizens/Wormtongue
   Ungol                           https://robertsspaceindustries.com/en/citizens/Ungol
   Mirkwood                        https://robertsspaceindustries.com/en/citizens/Mirkwood
   Mordor                          https://robertsspaceindustries.com/en/citizens/Mordor
   Cthulhu                         https://robertsspaceindustries.com/en/citizens/Cthulhu
   Azathoth                        https://robertsspaceindustries.com/en/citizens/Azathoth
   Nyarlathotep                    https://robertsspaceindustries.com/en/citizens/Nyarlathotep
   Dagon                           https://robertsspaceindustries.com/en/citizens/Dagon
   Hastur                          https://robertsspaceindustries.com/en/citizens/Hastur
   YogSothoth                      https://robertsspaceindustries.com/en/citizens/YogSothoth
   Shoggoth                        https://robertsspaceindustries.com/en/citizens/Shoggoth
   Nihilus                         https://robertsspaceindustries.com/en/citizens/Nihilus
   Revan                           https://robertsspaceindustries.com/en/citizens/Revan
   Malak                           https://robertsspaceindustries.com/en/citizens/Malak
   Traya                           https://robertsspaceindustries.com/en/citizens/Traya
   Sion                            https://robertsspaceindustries.com/en/citizens/Sion
   Bane                            https://robertsspaceindustries.com/en/citizens/Bane
   Sidious                         https://robertsspaceindustries.com/en/citizens/Sidious
   Vitiate                         https://robertsspaceindustries.com/en/citizens/Vitiate
   Malgus                          https://robertsspaceindustries.com/en/citizens/Malgus
   SHODAN                          https://robertsspaceindustries.com/en/citizens/SHODAN
   Wintermute                      https://robertsspaceindustries.com/en/citizens/Wintermute
   Neuromancer                     https://robertsspaceindustries.com/en/citizens/Neuromancer
   Blackice                        https://robertsspaceindustries.com/en/citizens/Blackice
   Daemon                          https://robertsspaceindustries.com/en/citizens/Daemon
   Killswitch                      https://robertsspaceindustries.com/en/citizens/Killswitch
   Deadmans                        https://robertsspaceindustries.com/en/citizens/Deadmans
   Payload                         https://robertsspaceindustries.com/en/citizens/Payload
   Zeroday                         https://robertsspaceindustries.com/en/citizens/Zeroday
   Rootkit                         https://robertsspaceindustries.com/en/citizens/Rootkit
   Darknet                         https://robertsspaceindustries.com/en/citizens/Darknet
   Brainiac                        https://robertsspaceindustries.com/en/citizens/Brainiac
   Dormammu                        https://robertsspaceindustries.com/en/citizens/Dormammu
   Galactus                        https://robertsspaceindustries.com/en/citizens/Galactus
   Knull                           https://robertsspaceindustries.com/en/citizens/Knull
   Gorr                            https://robertsspaceindustries.com/en/citizens/Gorr
   Malekith                        https://robertsspaceindustries.com/en/citizens/Malekith
   Parallax                        https://robertsspaceindustries.com/en/citizens/Parallax
   Mephisto                        https://robertsspaceindustries.com/en/citizens/Mephisto
   Carnage                         https://robertsspaceindustries.com/en/citizens/Carnage
   Sinister                        https://robertsspaceindustries.com/en/citizens/Sinister
   Apocalypse                      https://robertsspaceindustries.com/en/citizens/Apocalypse
   Morlun                          https://robertsspaceindustries.com/en/citizens/Morlun
   Beyonder                        https://robertsspaceindustries.com/en/citizens/Beyonder
   Vecna                           https://robertsspaceindustries.com/en/citizens/Vecna
   Orcus                           https://robertsspaceindustries.com/en/citizens/Orcus
   Demogorgon                      https://robertsspaceindustries.com/en/citizens/Demogorgon
   Acererak                        https://robertsspaceindustries.com/en/citizens/Acererak
   Asmodeus                        https://robertsspaceindustries.com/en/citizens/Asmodeus
   Beholder                        https://robertsspaceindustries.com/en/citizens/Beholder
   Mindflayer                      https://robertsspaceindustries.com/en/citizens/Mindflayer
   Aboleth                         https://robertsspaceindustries.com/en/citizens/Aboleth
   Lich                            https://robertsspaceindustries.com/en/citizens/Lich
   Demilich                        https://robertsspaceindustries.com/en/citizens/Demilich
   Dracolich                       https://robertsspaceindustries.com/en/citizens/Dracolich
   Nightwalker                     https://robertsspaceindustries.com/en/citizens/Nightwalker
   Entropy                         https://robertsspaceindustries.com/en/citizens/Entropy
   Malice                          https://robertsspaceindustries.com/en/citizens/Malice
   Spite                           https://robertsspaceindustries.com/en/citizens/Spite
   Ruin                            https://robertsspaceindustries.com/en/citizens/Ruin
   Dread                           https://robertsspaceindustries.com/en/citizens/Dread
   Hollow                          https://robertsspaceindustries.com/en/citizens/Hollow
   Umbral                          https://robertsspaceindustries.com/en/citizens/Umbral
   Moribund                        https://robertsspaceindustries.com/en/citizens/Moribund
   Necrotic                        https://robertsspaceindustries.com/en/citizens/Necrotic
   Baleful                         https://robertsspaceindustries.com/en/citizens/Baleful
   Eldritch                        https://robertsspaceindustries.com/en/citizens/Eldritch
   Abyssal                         https://robertsspaceindustries.com/en/citizens/Abyssal
   Infernal                        https://robertsspaceindustries.com/en/citizens/Infernal
   Profane                         https://robertsspaceindustries.com/en/citizens/Profane
   Null                            https://robertsspaceindustries.com/en/citizens/Null
   Cipher                          https://robertsspaceindustries.com/en/citizens/Cipher
   Hex                             https://robertsspaceindustries.com/en/citizens/Hex
   Wrack                           https://robertsspaceindustries.com/en/citizens/Wrack
   Blight                          https://robertsspaceindustries.com/en/citizens/Blight
   Scourge                         https://robertsspaceindustries.com/en/citizens/Scourge
   Pestis                          https://robertsspaceindustries.com/en/citizens/Pestis
   Mors                            https://robertsspaceindustries.com/en/citizens/Mors
   Nox                             https://robertsspaceindustries.com/en/citizens/Nox
   Tenebris                        https://robertsspaceindustries.com/en/citizens/Tenebris
   Nihil                           https://robertsspaceindustries.com/en/citizens/Nihil
/workspace/check_rsi_handles_v22.py:243: DeprecationWarning: datetime.datetime.utcnow() is deprecated and scheduled for removal in a future version. Use timezone-aware objects to represent datetimes in UTC: datetime.datetime.now(datetime.UTC).
  "checked_at": datetime.utcnow().isoformat() + "Z",

Results saved to rsi_handle_results_v22.json
