Checking 102 handles — WoW bosses, Q3 callouts, Morrowind, BG, HL, C&C...

   #  CODE  RESULT      HANDLE                     URL
--------------------------------------------------------------------------------------------------------------
[  1/102]   200  TAKEN       ragnaros                   https://robertsspaceindustries.com/en/citizens/ragnaros
[  2/102]   200  TAKEN       nefarian                   https://robertsspaceindustries.com/en/citizens/nefarian
[  3/102]   200  TAKEN       hakkar                     https://robertsspaceindustries.com/en/citizens/hakkar
[  4/102]   404  AVAILABLE   hogger                     https://robertsspaceindustries.com/en/citizens/hogger
[  5/102]   200  TAKEN       murloc                     https://robertsspaceindustries.com/en/citizens/murloc
[  6/102]   404  AVAILABLE   mrglglgl                   https://robertsspaceindustries.com/en/citizens/mrglglgl
[  7/102]   404  AVAILABLE   defias                     https://robertsspaceindustries.com/en/citizens/defias
[  8/102]   404  AVAILABLE   vankleef                   https://robertsspaceindustries.com/en/citizens/vankleef
[  9/102]   200  TAKEN       quilboar                   https://robertsspaceindustries.com/en/citizens/quilboar
[ 10/102]   200  TAKEN       kobold                     https://robertsspaceindustries.com/en/citizens/kobold
[ 11/102]   200  TAKEN       orgrimmar                  https://robertsspaceindustries.com/en/citizens/orgrimmar
[ 12/102]   200  TAKEN       ironforge                  https://robertsspaceindustries.com/en/citizens/ironforge
[ 13/102]   404  AVAILABLE   stormwind                  https://robertsspaceindustries.com/en/citizens/stormwind
[ 14/102]   404  AVAILABLE   undercity                  https://robertsspaceindustries.com/en/citizens/undercity
[ 15/102]   404  AVAILABLE   darnassus                  https://robertsspaceindustries.com/en/citizens/darnassus
[ 16/102]   404  AVAILABLE   goldshire                  https://robertsspaceindustries.com/en/citizens/goldshire
[ 17/102]   404  AVAILABLE   darkshore                  https://robertsspaceindustries.com/en/citizens/darkshore
[ 18/102]   404  AVAILABLE   dustwallow                 https://robertsspaceindustries.com/en/citizens/dustwallow
[ 19/102]   404  AVAILABLE   hillsbrad                  https://robertsspaceindustries.com/en/citizens/hillsbrad
[ 20/102]   200  TAKEN       azshara                    https://robertsspaceindustries.com/en/citizens/azshara
[ 21/102]   200  TAKEN       moonglade                  https://robertsspaceindustries.com/en/citizens/moonglade
[ 22/102]   404  AVAILABLE   feralas                    https://robertsspaceindustries.com/en/citizens/feralas
[ 23/102]   200  TAKEN       arathi                     https://robertsspaceindustries.com/en/citizens/arathi
[ 24/102]   200  TAKEN       shadowfang                 https://robertsspaceindustries.com/en/citizens/shadowfang
[ 25/102]   404  AVAILABLE   stockades                  https://robertsspaceindustries.com/en/citizens/stockades
[ 26/102]   404  AVAILABLE   zulfarrak                  https://robertsspaceindustries.com/en/citizens/zulfarrak
[ 27/102]   404  AVAILABLE   diremaul                   https://robertsspaceindustries.com/en/citizens/diremaul
[ 28/102]   200  TAKEN       blackrock                  https://robertsspaceindustries.com/en/citizens/blackrock
[ 29/102]   200  TAKEN       moonfire                   https://robertsspaceindustries.com/en/citizens/moonfire
[ 30/102]   200  TAKEN       polymorph                  https://robertsspaceindustries.com/en/citizens/polymorph
[ 31/102]   200  TAKEN       pyroblast                  https://robertsspaceindustries.com/en/citizens/pyroblast
[ 32/102]   200  TAKEN       windfury                   https://robertsspaceindustries.com/en/citizens/windfury
[ 33/102]   404  AVAILABLE   innervate                  https://robertsspaceindustries.com/en/citizens/innervate
[ 34/102]   200  TAKEN       bubble                     https://robertsspaceindustries.com/en/citizens/bubble
[ 35/102]   200  TAKEN       dkp                        https://robertsspaceindustries.com/en/citizens/dkp
[ 36/102]   200  TAKEN       maintank                   https://robertsspaceindustries.com/en/citizens/maintank
[ 37/102]   404  AVAILABLE   offtank                    https://robertsspaceindustries.com/en/citizens/offtank
[ 38/102]   404  AVAILABLE   raidnight                  https://robertsspaceindustries.com/en/citizens/raidnight
[ 39/102]   404  AVAILABLE   softres                    https://robertsspaceindustries.com/en/citizens/softres
[ 40/102]   200  TAKEN       reroll                     https://robertsspaceindustries.com/en/citizens/reroll
[ 41/102]   404  AVAILABLE   greedroll                  https://robertsspaceindustries.com/en/citizens/greedroll
[ 42/102]   200  TAKEN       godlike                    https://robertsspaceindustries.com/en/citizens/godlike
[ 43/102]   200  TAKEN       rampage                    https://robertsspaceindustries.com/en/citizens/rampage
[ 44/102]   200  TAKEN       dominating                 https://robertsspaceindustries.com/en/citizens/dominating
[ 45/102]   200  TAKEN       impressive                 https://robertsspaceindustries.com/en/citizens/impressive
[ 46/102]   200  TAKEN       excellent                  https://robertsspaceindustries.com/en/citizens/excellent
[ 47/102]   404  AVAILABLE   monsterkill                https://robertsspaceindustries.com/en/citizens/monsterkill
[ 48/102]   200  TAKEN       ultrakill                  https://robertsspaceindustries.com/en/citizens/ultrakill
[ 49/102]   200  TAKEN       wickedsick                 https://robertsspaceindustries.com/en/citizens/wickedsick
[ 50/102]   200  TAKEN       firstblood                 https://robertsspaceindustries.com/en/citizens/firstblood
[ 51/102]   200  TAKEN       killingspree               https://robertsspaceindustries.com/en/citizens/killingspree
[ 52/102]   200  TAKEN       halflife                   https://robertsspaceindustries.com/en/citizens/halflife
[ 53/102]   200  TAKEN       crowbar                    https://robertsspaceindustries.com/en/citizens/crowbar
[ 54/102]   200  TAKEN       blackmesa                  https://robertsspaceindustries.com/en/citizens/blackmesa
[ 55/102]   200  TAKEN       lambda                     https://robertsspaceindustries.com/en/citizens/lambda
[ 56/102]   200  TAKEN       freeman                    https://robertsspaceindustries.com/en/citizens/freeman
[ 57/102]   200  TAKEN       resonance                  https://robertsspaceindustries.com/en/citizens/resonance
[ 58/102]   200  TAKEN       xenworld                   https://robertsspaceindustries.com/en/citizens/xenworld
[ 59/102]   200  TAKEN       nihilanth                  https://robertsspaceindustries.com/en/citizens/nihilanth
[ 60/102]   200  TAKEN       alyx                       https://robertsspaceindustries.com/en/citizens/alyx
[ 61/102]   200  TAKEN       combine                    https://robertsspaceindustries.com/en/citizens/combine
[ 62/102]   404  AVAILABLE   gravgun                    https://robertsspaceindustries.com/en/citizens/gravgun
[ 63/102]   200  TAKEN       shodan                     https://robertsspaceindustries.com/en/citizens/shodan
[ 64/102]   200  TAKEN       jcdenton                   https://robertsspaceindustries.com/en/citizens/jcdenton
[ 65/102]   200  TAKEN       deus                       https://robertsspaceindustries.com/en/citizens/deus
[ 66/102]   200  TAKEN       augmented                  https://robertsspaceindustries.com/en/citizens/augmented
[ 67/102]   404  AVAILABLE   nanotrite                  https://robertsspaceindustries.com/en/citizens/nanotrite
[ 68/102]   200  TAKEN       kirov                      https://robertsspaceindustries.com/en/citizens/kirov
[ 69/102]   404  AVAILABLE   prismtower                 https://robertsspaceindustries.com/en/citizens/prismtower
[ 70/102]   404  AVAILABLE   teslatower                 https://robertsspaceindustries.com/en/citizens/teslatower
[ 71/102]   200  TAKEN       chronosphere               https://robertsspaceindustries.com/en/citizens/chronosphere
[ 72/102]   200  TAKEN       yuri                       https://robertsspaceindustries.com/en/citizens/yuri
[ 73/102]   200  TAKEN       soviets                    https://robertsspaceindustries.com/en/citizens/soviets
[ 74/102]   200  TAKEN       ironguard                  https://robertsspaceindustries.com/en/citizens/ironguard
[ 75/102]   200  TAKEN       tengu                      https://robertsspaceindustries.com/en/citizens/tengu
[ 76/102]   200  TAKEN       balmora                    https://robertsspaceindustries.com/en/citizens/balmora
[ 77/102]   200  TAKEN       vivec                      https://robertsspaceindustries.com/en/citizens/vivec
[ 78/102]   200  TAKEN       dagothur                   https://robertsspaceindustries.com/en/citizens/dagothur
[ 79/102]   200  TAKEN       telvanni                   https://robertsspaceindustries.com/en/citizens/telvanni
[ 80/102]   200  TAKEN       dunmer                     https://robertsspaceindustries.com/en/citizens/dunmer
[ 81/102]   200  TAKEN       outlander                  https://robertsspaceindustries.com/en/citizens/outlander
[ 82/102]   404  AVAILABLE   nerevarine                 https://robertsspaceindustries.com/en/citizens/nerevarine
[ 83/102]   200  TAKEN       almsivi                    https://robertsspaceindustries.com/en/citizens/almsivi
[ 84/102]   200  TAKEN       almalexia                  https://robertsspaceindustries.com/en/citizens/almalexia
[ 85/102]   200  TAKEN       sotha                      https://robertsspaceindustries.com/en/citizens/sotha
[ 86/102]   200  TAKEN       seyda                      https://robertsspaceindustries.com/en/citizens/seyda
[ 87/102]   200  TAKEN       redoran                    https://robertsspaceindustries.com/en/citizens/redoran
[ 88/102]   200  TAKEN       hlaalu                     https://robertsspaceindustries.com/en/citizens/hlaalu
[ 89/102]   200  TAKEN       indoril                    https://robertsspaceindustries.com/en/citizens/indoril
[ 90/102]   200  TAKEN       minsc                      https://robertsspaceindustries.com/en/citizens/minsc
[ 91/102]   200  TAKEN       boo                        https://robertsspaceindustries.com/en/citizens/boo
[ 92/102]   200  TAKEN       jaheira                    https://robertsspaceindustries.com/en/citizens/jaheira
[ 93/102]   200  TAKEN       imoen                      https://robertsspaceindustries.com/en/citizens/imoen
[ 94/102]   200  TAKEN       busted                     https://robertsspaceindustries.com/en/citizens/busted
[ 95/102]   200  TAKEN       nitrous                    https://robertsspaceindustries.com/en/citizens/nitrous
[ 96/102]   200  TAKEN       pursuit                    https://robertsspaceindustries.com/en/citizens/pursuit
[ 97/102]   200  TAKEN       infernus                   https://robertsspaceindustries.com/en/citizens/infernus
[ 98/102]   200  TAKEN       moonglow                   https://robertsspaceindustries.com/en/citizens/moonglow
[ 99/102]   200  TAKEN       norrath                    https://robertsspaceindustries.com/en/citizens/norrath
[100/102]   200  TAKEN       luclin                     https://robertsspaceindustries.com/en/citizens/luclin
[101/102]   200  TAKEN       velious                    https://robertsspaceindustries.com/en/citizens/velious
[102/102]   404  AVAILABLE   kunark                     https://robertsspaceindustries.com/en/citizens/kunark

==============================================================================================================

✅  AVAILABLE (27):
   hogger                          https://robertsspaceindustries.com/en/citizens/hogger
   mrglglgl                        https://robertsspaceindustries.com/en/citizens/mrglglgl
   defias                          https://robertsspaceindustries.com/en/citizens/defias
   vankleef                        https://robertsspaceindustries.com/en/citizens/vankleef
   stormwind                       https://robertsspaceindustries.com/en/citizens/stormwind
   undercity                       https://robertsspaceindustries.com/en/citizens/undercity
   darnassus                       https://robertsspaceindustries.com/en/citizens/darnassus
   goldshire                       https://robertsspaceindustries.com/en/citizens/goldshire
   darkshore                       https://robertsspaceindustries.com/en/citizens/darkshore
   dustwallow                      https://robertsspaceindustries.com/en/citizens/dustwallow
   hillsbrad                       https://robertsspaceindustries.com/en/citizens/hillsbrad
   feralas                         https://robertsspaceindustries.com/en/citizens/feralas
   stockades                       https://robertsspaceindustries.com/en/citizens/stockades
   zulfarrak                       https://robertsspaceindustries.com/en/citizens/zulfarrak
   diremaul                        https://robertsspaceindustries.com/en/citizens/diremaul
   innervate                       https://robertsspaceindustries.com/en/citizens/innervate
   offtank                         https://robertsspaceindustries.com/en/citizens/offtank
   raidnight                       https://robertsspaceindustries.com/en/citizens/raidnight
   softres                         https://robertsspaceindustries.com/en/citizens/softres
   greedroll                       https://robertsspaceindustries.com/en/citizens/greedroll
   monsterkill                     https://robertsspaceindustries.com/en/citizens/monsterkill
   gravgun                         https://robertsspaceindustries.com/en/citizens/gravgun
   nanotrite                       https://robertsspaceindustries.com/en/citizens/nanotrite
   prismtower                      https://robertsspaceindustries.com/en/citizens/prismtower
   teslatower                      https://robertsspaceindustries.com/en/citizens/teslatower
   nerevarine                      https://robertsspaceindustries.com/en/citizens/nerevarine
   kunark                          https://robertsspaceindustries.com/en/citizens/kunark

❌  TAKEN (75):
   ragnaros                        https://robertsspaceindustries.com/en/citizens/ragnaros
   nefarian                        https://robertsspaceindustries.com/en/citizens/nefarian
   hakkar                          https://robertsspaceindustries.com/en/citizens/hakkar
   murloc                          https://robertsspaceindustries.com/en/citizens/murloc
   quilboar                        https://robertsspaceindustries.com/en/citizens/quilboar
   kobold                          https://robertsspaceindustries.com/en/citizens/kobold
   orgrimmar                       https://robertsspaceindustries.com/en/citizens/orgrimmar
   ironforge                       https://robertsspaceindustries.com/en/citizens/ironforge
   azshara                         https://robertsspaceindustries.com/en/citizens/azshara
   moonglade                       https://robertsspaceindustries.com/en/citizens/moonglade
   arathi                          https://robertsspaceindustries.com/en/citizens/arathi
   shadowfang                      https://robertsspaceindustries.com/en/citizens/shadowfang
   blackrock                       https://robertsspaceindustries.com/en/citizens/blackrock
   moonfire                        https://robertsspaceindustries.com/en/citizens/moonfire
   polymorph                       https://robertsspaceindustries.com/en/citizens/polymorph
   pyroblast                       https://robertsspaceindustries.com/en/citizens/pyroblast
   windfury                        https://robertsspaceindustries.com/en/citizens/windfury
   bubble                          https://robertsspaceindustries.com/en/citizens/bubble
   dkp                             https://robertsspaceindustries.com/en/citizens/dkp
   maintank                        https://robertsspaceindustries.com/en/citizens/maintank
   reroll                          https://robertsspaceindustries.com/en/citizens/reroll
   godlike                         https://robertsspaceindustries.com/en/citizens/godlike
   rampage                         https://robertsspaceindustries.com/en/citizens/rampage
   dominating                      https://robertsspaceindustries.com/en/citizens/dominating
   impressive                      https://robertsspaceindustries.com/en/citizens/impressive
   excellent                       https://robertsspaceindustries.com/en/citizens/excellent
   ultrakill                       https://robertsspaceindustries.com/en/citizens/ultrakill
   wickedsick                      https://robertsspaceindustries.com/en/citizens/wickedsick
   firstblood                      https://robertsspaceindustries.com/en/citizens/firstblood
   killingspree                    https://robertsspaceindustries.com/en/citizens/killingspree
   halflife                        https://robertsspaceindustries.com/en/citizens/halflife
   crowbar                         https://robertsspaceindustries.com/en/citizens/crowbar
   blackmesa                       https://robertsspaceindustries.com/en/citizens/blackmesa
   lambda                          https://robertsspaceindustries.com/en/citizens/lambda
   freeman                         https://robertsspaceindustries.com/en/citizens/freeman
   resonance                       https://robertsspaceindustries.com/en/citizens/resonance
   xenworld                        https://robertsspaceindustries.com/en/citizens/xenworld
   nihilanth                       https://robertsspaceindustries.com/en/citizens/nihilanth
   alyx                            https://robertsspaceindustries.com/en/citizens/alyx
   combine                         https://robertsspaceindustries.com/en/citizens/combine
   shodan                          https://robertsspaceindustries.com/en/citizens/shodan
   jcdenton                        https://robertsspaceindustries.com/en/citizens/jcdenton
   deus                            https://robertsspaceindustries.com/en/citizens/deus
   augmented                       https://robertsspaceindustries.com/en/citizens/augmented
   kirov                           https://robertsspaceindustries.com/en/citizens/kirov
   chronosphere                    https://robertsspaceindustries.com/en/citizens/chronosphere
   yuri                            https://robertsspaceindustries.com/en/citizens/yuri
   soviets                         https://robertsspaceindustries.com/en/citizens/soviets
   ironguard                       https://robertsspaceindustries.com/en/citizens/ironguard
   tengu                           https://robertsspaceindustries.com/en/citizens/tengu
   balmora                         https://robertsspaceindustries.com/en/citizens/balmora
   vivec                           https://robertsspaceindustries.com/en/citizens/vivec
   dagothur                        https://robertsspaceindustries.com/en/citizens/dagothur
   telvanni                        https://robertsspaceindustries.com/en/citizens/telvanni
   dunmer                          https://robertsspaceindustries.com/en/citizens/dunmer
   outlander                       https://robertsspaceindustries.com/en/citizens/outlander
   almsivi                         https://robertsspaceindustries.com/en/citizens/almsivi
   almalexia                       https://robertsspaceindustries.com/en/citizens/almalexia
   sotha                           https://robertsspaceindustries.com/en/citizens/sotha
   seyda                           https://robertsspaceindustries.com/en/citizens/seyda
   redoran                         https://robertsspaceindustries.com/en/citizens/redoran
   hlaalu                          https://robertsspaceindustries.com/en/citizens/hlaalu
   indoril                         https://robertsspaceindustries.com/en/citizens/indoril
   minsc                           https://robertsspaceindustries.com/en/citizens/minsc
   boo                             https://robertsspaceindustries.com/en/citizens/boo
   jaheira                         https://robertsspaceindustries.com/en/citizens/jaheira
   imoen                           https://robertsspaceindustries.com/en/citizens/imoen
   busted                          https://robertsspaceindustries.com/en/citizens/busted
   nitrous                         https://robertsspaceindustries.com/en/citizens/nitrous
   pursuit                         https://robertsspaceindustries.com/en/citizens/pursuit
   infernus                        https://robertsspaceindustries.com/en/citizens/infernus
   moonglow                        https://robertsspaceindustries.com/en/citizens/moonglow
   norrath                         https://robertsspaceindustries.com/en/citizens/norrath
   luclin                          https://robertsspaceindustries.com/en/citizens/luclin
   velious                         https://robertsspaceindustries.com/en/citizens/velious
/workspace/check_rsi_handles_v11.py:224: DeprecationWarning: datetime.datetime.utcnow() is deprecated and scheduled for removal in a future version. Use timezone-aware objects to represent datetimes in UTC: datetime.datetime.now(datetime.UTC).
  "checked_at": datetime.utcnow().isoformat() + "Z",

Results saved to rsi_handle_results_v11.json
