Checking 97 RSI handles ...

   #  CODE      RESULT  HANDLE                     URL
----------------------------------------------------------------------------------------------------
[  1/97]   200  TAKEN       Quake                      https://robertsspaceindustries.com/en/citizens/Quake
[  2/97]   404  AVAILABLE   QuakeWorld                 https://robertsspaceindustries.com/en/citizens/QuakeWorld
[  3/97]   200  TAKEN       Unreal                     https://robertsspaceindustries.com/en/citizens/Unreal
[  4/97]   404  AVAILABLE   Counterstrike              https://robertsspaceindustries.com/en/citizens/Counterstrike
[  5/97]   404  AVAILABLE   Dusttwo                    https://robertsspaceindustries.com/en/citizens/Dusttwo
[  6/97]   200  TAKEN       Halflife                   https://robertsspaceindustries.com/en/citizens/Halflife
[  7/97]   200  TAKEN       Starcraft                  https://robertsspaceindustries.com/en/citizens/Starcraft
[  8/97]   200  TAKEN       BroodWar                   https://robertsspaceindustries.com/en/citizens/BroodWar
[  9/97]   200  TAKEN       ZergRush                   https://robertsspaceindustries.com/en/citizens/ZergRush
[ 10/97]   404  AVAILABLE   WarcraftThree              https://robertsspaceindustries.com/en/citizens/WarcraftThree
[ 11/97]   200  TAKEN       DotA                       https://robertsspaceindustries.com/en/citizens/DotA
[ 12/97]   404  AVAILABLE   EverQuest                  https://robertsspaceindustries.com/en/citizens/EverQuest
[ 13/97]   404  AVAILABLE   UltimaOnline               https://robertsspaceindustries.com/en/citizens/UltimaOnline
[ 14/97]   200  TAKEN       Diablo2                    https://robertsspaceindustries.com/en/citizens/Diablo2
[ 15/97]   404  AVAILABLE   AgeOfEmpires               https://robertsspaceindustries.com/en/citizens/AgeOfEmpires
[ 16/97]   404  AVAILABLE   CommandAndConquer          https://robertsspaceindustries.com/en/citizens/CommandAndConquer
[ 17/97]   200  TAKEN       RedAlert                   https://robertsspaceindustries.com/en/citizens/RedAlert
[ 18/97]   200  TAKEN       MaxPayne                   https://robertsspaceindustries.com/en/citizens/MaxPayne
[ 19/97]   200  TAKEN       DeusEx                     https://robertsspaceindustries.com/en/citizens/DeusEx
[ 20/97]   200  TAKEN       SystemShock                https://robertsspaceindustries.com/en/citizens/SystemShock
[ 21/97]   404  AVAILABLE   Baldursgate                https://robertsspaceindustries.com/en/citizens/Baldursgate
[ 22/97]   200  TAKEN       Morrowind                  https://robertsspaceindustries.com/en/citizens/Morrowind
[ 23/97]   200  TAKEN       Runescape                  https://robertsspaceindustries.com/en/citizens/Runescape
[ 24/97]   200  TAKEN       Freespace                  https://robertsspaceindustries.com/en/citizens/Freespace
[ 25/97]   200  TAKEN       Tribes                     https://robertsspaceindustries.com/en/citizens/Tribes
[ 26/97]   404  AVAILABLE   UT99                       https://robertsspaceindustries.com/en/citizens/UT99
[ 27/97]   200  TAKEN       Homeworld                  https://robertsspaceindustries.com/en/citizens/Homeworld
[ 28/97]   404  AVAILABLE   TotalAnnihilation          https://robertsspaceindustries.com/en/citizens/TotalAnnihilation
[ 29/97]   200  TAKEN       GMAN                       https://robertsspaceindustries.com/en/citizens/GMAN
[ 30/97]   200  TAKEN       Vortigaunt                 https://robertsspaceindustries.com/en/citizens/Vortigaunt
[ 31/97]   200  TAKEN       Headcrab                   https://robertsspaceindustries.com/en/citizens/Headcrab
[ 32/97]   200  TAKEN       Kerrigan                   https://robertsspaceindustries.com/en/citizens/Kerrigan
[ 33/97]   200  TAKEN       DeckardCain                https://robertsspaceindustries.com/en/citizens/DeckardCain
[ 34/97]   200  TAKEN       Shodan                     https://robertsspaceindustries.com/en/citizens/Shodan
[ 35/97]   200  TAKEN       Tommy                      https://robertsspaceindustries.com/en/citizens/Tommy
[ 36/97]   200  TAKEN       Rayne                      https://robertsspaceindustries.com/en/citizens/Rayne
[ 37/97]   200  TAKEN       JCDenton                   https://robertsspaceindustries.com/en/citizens/JCDenton
[ 38/97]   200  TAKEN       Pudge                      https://robertsspaceindustries.com/en/citizens/Pudge
[ 39/97]   200  TAKEN       Invoker                    https://robertsspaceindustries.com/en/citizens/Invoker
[ 40/97]   200  TAKEN       Fatality                   https://robertsspaceindustries.com/en/citizens/Fatality
[ 41/97]   200  TAKEN       Thresh                     https://robertsspaceindustries.com/en/citizens/Thresh
[ 42/97]   200  TAKEN       Battlenet                  https://robertsspaceindustries.com/en/citizens/Battlenet
[ 43/97]   200  TAKEN       GameSpy                    https://robertsspaceindustries.com/en/citizens/GameSpy
[ 44/97]   404  AVAILABLE   LANParty                   https://robertsspaceindustries.com/en/citizens/LANParty
[ 45/97]   200  TAKEN       Ventrilo                   https://robertsspaceindustries.com/en/citizens/Ventrilo
[ 46/97]   200  TAKEN       TeamSpeak                  https://robertsspaceindustries.com/en/citizens/TeamSpeak
[ 47/97]   200  TAKEN       mIRC                       https://robertsspaceindustries.com/en/citizens/mIRC
[ 48/97]   200  TAKEN       ICQ                        https://robertsspaceindustries.com/en/citizens/ICQ
[ 49/97]   200  TAKEN       WinAMP                     https://robertsspaceindustries.com/en/citizens/WinAMP
[ 50/97]   200  TAKEN       Napster                    https://robertsspaceindustries.com/en/citizens/Napster
[ 51/97]   200  TAKEN       Kazaa                      https://robertsspaceindustries.com/en/citizens/Kazaa
[ 52/97]   404  AVAILABLE   Newgrounds                 https://robertsspaceindustries.com/en/citizens/Newgrounds
[ 53/97]   200  TAKEN       Voodoo                     https://robertsspaceindustries.com/en/citizens/Voodoo
[ 54/97]   200  TAKEN       Pentium                    https://robertsspaceindustries.com/en/citizens/Pentium
[ 55/97]   200  TAKEN       DirectX                    https://robertsspaceindustries.com/en/citizens/DirectX
[ 56/97]   200  TAKEN       Xfire                      https://robertsspaceindustries.com/en/citizens/Xfire
[ 57/97]   404  AVAILABLE   Fileplanet                 https://robertsspaceindustries.com/en/citizens/Fileplanet
[ 58/97]   404  AVAILABLE   HLTV                       https://robertsspaceindustries.com/en/citizens/HLTV
[ 59/97]   200  TAKEN       WON                        https://robertsspaceindustries.com/en/citizens/WON
[ 60/97]   200  TAKEN       CDKey                      https://robertsspaceindustries.com/en/citizens/CDKey
[ 61/97]   200  TAKEN       LeeroyJenkins              https://robertsspaceindustries.com/en/citizens/LeeroyJenkins
[ 62/97]   200  TAKEN       AllYourBase                https://robertsspaceindustries.com/en/citizens/AllYourBase
[ 63/97]   200  TAKEN       AYBABTU                    https://robertsspaceindustries.com/en/citizens/AYBABTU
[ 64/97]   200  TAKEN       Wololo                     https://robertsspaceindustries.com/en/citizens/Wololo
[ 65/97]   200  TAKEN       L33t                       https://robertsspaceindustries.com/en/citizens/L33t
[ 66/97]   200  TAKEN       Warez                      https://robertsspaceindustries.com/en/citizens/Warez
[ 67/97]   200  TAKEN       RocketJump                 https://robertsspaceindustries.com/en/citizens/RocketJump
[ 68/97]   200  TAKEN       BunnyHop                   https://robertsspaceindustries.com/en/citizens/BunnyHop
[ 69/97]   200  TAKEN       RailGun                    https://robertsspaceindustries.com/en/citizens/RailGun
[ 70/97]   200  TAKEN       QuadDamage                 https://robertsspaceindustries.com/en/citizens/QuadDamage
[ 71/97]   200  TAKEN       Frag                       https://robertsspaceindustries.com/en/citizens/Frag
[ 72/97]   200  TAKEN       Gib                        https://robertsspaceindustries.com/en/citizens/Gib
[ 73/97]   200  TAKEN       Spawn                      https://robertsspaceindustries.com/en/citizens/Spawn
[ 74/97]   200  TAKEN       Camper                     https://robertsspaceindustries.com/en/citizens/Camper
[ 75/97]   200  TAKEN       Lagger                     https://robertsspaceindustries.com/en/citizens/Lagger
[ 76/97]   404  AVAILABLE   Ping                       https://robertsspaceindustries.com/en/citizens/Ping
[ 77/97]   200  TAKEN       ROFL                       https://robertsspaceindustries.com/en/citizens/ROFL
[ 78/97]   200  TAKEN       StayAwhile                 https://robertsspaceindustries.com/en/citizens/StayAwhile
[ 79/97]   404  AVAILABLE   GG                         https://robertsspaceindustries.com/en/citizens/GG
[ 80/97]   200  TAKEN       GLHF                       https://robertsspaceindustries.com/en/citizens/GLHF
[ 81/97]   200  TAKEN       Smurf                      https://robertsspaceindustries.com/en/citizens/Smurf
[ 82/97]   200  TAKEN       Zerg                       https://robertsspaceindustries.com/en/citizens/Zerg
[ 83/97]   200  TAKEN       Rush                       https://robertsspaceindustries.com/en/citizens/Rush
[ 84/97]   200  TAKEN       Ninja                      https://robertsspaceindustries.com/en/citizens/Ninja
[ 85/97]   200  TAKEN       Grief                      https://robertsspaceindustries.com/en/citizens/Grief
[ 86/97]   200  TAKEN       Gank                       https://robertsspaceindustries.com/en/citizens/Gank
[ 87/97]   200  TAKEN       WallHack                   https://robertsspaceindustries.com/en/citizens/WallHack
[ 88/97]   200  TAKEN       Defrag                     https://robertsspaceindustries.com/en/citizens/Defrag
[ 89/97]   404  AVAILABLE   CircleStrafe               https://robertsspaceindustries.com/en/citizens/CircleStrafe
[ 90/97]   404  AVAILABLE   StrafejJump                https://robertsspaceindustries.com/en/citizens/StrafejJump
[ 91/97]   404  AVAILABLE   Gibbed                     https://robertsspaceindustries.com/en/citizens/Gibbed
[ 92/97]   200  TAKEN       Telefrag                   https://robertsspaceindustries.com/en/citizens/Telefrag
[ 93/97]   200  TAKEN       Respawned                  https://robertsspaceindustries.com/en/citizens/Respawned
[ 94/97]   200  TAKEN       Fragged                    https://robertsspaceindustries.com/en/citizens/Fragged
[ 95/97]   404  AVAILABLE   PubStomper                 https://robertsspaceindustries.com/en/citizens/PubStomper
[ 96/97]   404  AVAILABLE   ClipThrough                https://robertsspaceindustries.com/en/citizens/ClipThrough
[ 97/97]   404  AVAILABLE   LagComp                    https://robertsspaceindustries.com/en/citizens/LagComp

====================================================================================================
SUMMARY
====================================================================================================

✅  AVAILABLE (23):
   QuakeWorld                      https://robertsspaceindustries.com/en/citizens/QuakeWorld
   Counterstrike                   https://robertsspaceindustries.com/en/citizens/Counterstrike
   Dusttwo                         https://robertsspaceindustries.com/en/citizens/Dusttwo
   WarcraftThree                   https://robertsspaceindustries.com/en/citizens/WarcraftThree
   EverQuest                       https://robertsspaceindustries.com/en/citizens/EverQuest
   UltimaOnline                    https://robertsspaceindustries.com/en/citizens/UltimaOnline
   AgeOfEmpires                    https://robertsspaceindustries.com/en/citizens/AgeOfEmpires
   CommandAndConquer               https://robertsspaceindustries.com/en/citizens/CommandAndConquer
   Baldursgate                     https://robertsspaceindustries.com/en/citizens/Baldursgate
   UT99                            https://robertsspaceindustries.com/en/citizens/UT99
   TotalAnnihilation               https://robertsspaceindustries.com/en/citizens/TotalAnnihilation
   LANParty                        https://robertsspaceindustries.com/en/citizens/LANParty
   Newgrounds                      https://robertsspaceindustries.com/en/citizens/Newgrounds
   Fileplanet                      https://robertsspaceindustries.com/en/citizens/Fileplanet
   HLTV                            https://robertsspaceindustries.com/en/citizens/HLTV
   Ping                            https://robertsspaceindustries.com/en/citizens/Ping
   GG                              https://robertsspaceindustries.com/en/citizens/GG
   CircleStrafe                    https://robertsspaceindustries.com/en/citizens/CircleStrafe
   StrafejJump                     https://robertsspaceindustries.com/en/citizens/StrafejJump
   Gibbed                          https://robertsspaceindustries.com/en/citizens/Gibbed
   PubStomper                      https://robertsspaceindustries.com/en/citizens/PubStomper
   ClipThrough                     https://robertsspaceindustries.com/en/citizens/ClipThrough
   LagComp                         https://robertsspaceindustries.com/en/citizens/LagComp

❌  TAKEN (74):
   Quake                           https://robertsspaceindustries.com/en/citizens/Quake
   Unreal                          https://robertsspaceindustries.com/en/citizens/Unreal
   Halflife                        https://robertsspaceindustries.com/en/citizens/Halflife
   Starcraft                       https://robertsspaceindustries.com/en/citizens/Starcraft
   BroodWar                        https://robertsspaceindustries.com/en/citizens/BroodWar
   ZergRush                        https://robertsspaceindustries.com/en/citizens/ZergRush
   DotA                            https://robertsspaceindustries.com/en/citizens/DotA
   Diablo2                         https://robertsspaceindustries.com/en/citizens/Diablo2
   RedAlert                        https://robertsspaceindustries.com/en/citizens/RedAlert
   MaxPayne                        https://robertsspaceindustries.com/en/citizens/MaxPayne
   DeusEx                          https://robertsspaceindustries.com/en/citizens/DeusEx
   SystemShock                     https://robertsspaceindustries.com/en/citizens/SystemShock
   Morrowind                       https://robertsspaceindustries.com/en/citizens/Morrowind
   Runescape                       https://robertsspaceindustries.com/en/citizens/Runescape
   Freespace                       https://robertsspaceindustries.com/en/citizens/Freespace
   Tribes                          https://robertsspaceindustries.com/en/citizens/Tribes
   Homeworld                       https://robertsspaceindustries.com/en/citizens/Homeworld
   GMAN                            https://robertsspaceindustries.com/en/citizens/GMAN
   Vortigaunt                      https://robertsspaceindustries.com/en/citizens/Vortigaunt
   Headcrab                        https://robertsspaceindustries.com/en/citizens/Headcrab
   Kerrigan                        https://robertsspaceindustries.com/en/citizens/Kerrigan
   DeckardCain                     https://robertsspaceindustries.com/en/citizens/DeckardCain
   Shodan                          https://robertsspaceindustries.com/en/citizens/Shodan
   Tommy                           https://robertsspaceindustries.com/en/citizens/Tommy
   Rayne                           https://robertsspaceindustries.com/en/citizens/Rayne
   JCDenton                        https://robertsspaceindustries.com/en/citizens/JCDenton
   Pudge                           https://robertsspaceindustries.com/en/citizens/Pudge
   Invoker                         https://robertsspaceindustries.com/en/citizens/Invoker
   Fatality                        https://robertsspaceindustries.com/en/citizens/Fatality
   Thresh                          https://robertsspaceindustries.com/en/citizens/Thresh
   Battlenet                       https://robertsspaceindustries.com/en/citizens/Battlenet
   GameSpy                         https://robertsspaceindustries.com/en/citizens/GameSpy
   Ventrilo                        https://robertsspaceindustries.com/en/citizens/Ventrilo
   TeamSpeak                       https://robertsspaceindustries.com/en/citizens/TeamSpeak
   mIRC                            https://robertsspaceindustries.com/en/citizens/mIRC
   ICQ                             https://robertsspaceindustries.com/en/citizens/ICQ
   WinAMP                          https://robertsspaceindustries.com/en/citizens/WinAMP
   Napster                         https://robertsspaceindustries.com/en/citizens/Napster
   Kazaa                           https://robertsspaceindustries.com/en/citizens/Kazaa
   Voodoo                          https://robertsspaceindustries.com/en/citizens/Voodoo
   Pentium                         https://robertsspaceindustries.com/en/citizens/Pentium
   DirectX                         https://robertsspaceindustries.com/en/citizens/DirectX
   Xfire                           https://robertsspaceindustries.com/en/citizens/Xfire
   WON                             https://robertsspaceindustries.com/en/citizens/WON
   CDKey                           https://robertsspaceindustries.com/en/citizens/CDKey
   LeeroyJenkins                   https://robertsspaceindustries.com/en/citizens/LeeroyJenkins
   AllYourBase                     https://robertsspaceindustries.com/en/citizens/AllYourBase
   AYBABTU                         https://robertsspaceindustries.com/en/citizens/AYBABTU
   Wololo                          https://robertsspaceindustries.com/en/citizens/Wololo
   L33t                            https://robertsspaceindustries.com/en/citizens/L33t
   Warez                           https://robertsspaceindustries.com/en/citizens/Warez
   RocketJump                      https://robertsspaceindustries.com/en/citizens/RocketJump
   BunnyHop                        https://robertsspaceindustries.com/en/citizens/BunnyHop
   RailGun                         https://robertsspaceindustries.com/en/citizens/RailGun
   QuadDamage                      https://robertsspaceindustries.com/en/citizens/QuadDamage
   Frag                            https://robertsspaceindustries.com/en/citizens/Frag
   Gib                             https://robertsspaceindustries.com/en/citizens/Gib
   Spawn                           https://robertsspaceindustries.com/en/citizens/Spawn
   Camper                          https://robertsspaceindustries.com/en/citizens/Camper
   Lagger                          https://robertsspaceindustries.com/en/citizens/Lagger
   ROFL                            https://robertsspaceindustries.com/en/citizens/ROFL
   StayAwhile                      https://robertsspaceindustries.com/en/citizens/StayAwhile
   GLHF                            https://robertsspaceindustries.com/en/citizens/GLHF
   Smurf                           https://robertsspaceindustries.com/en/citizens/Smurf
   Zerg                            https://robertsspaceindustries.com/en/citizens/Zerg
   Rush                            https://robertsspaceindustries.com/en/citizens/Rush
   Ninja                           https://robertsspaceindustries.com/en/citizens/Ninja
   Grief                           https://robertsspaceindustries.com/en/citizens/Grief
   Gank                            https://robertsspaceindustries.com/en/citizens/Gank
   WallHack                        https://robertsspaceindustries.com/en/citizens/WallHack
   Defrag                          https://robertsspaceindustries.com/en/citizens/Defrag
   Telefrag                        https://robertsspaceindustries.com/en/citizens/Telefrag
   Respawned                       https://robertsspaceindustries.com/en/citizens/Respawned
   Fragged                         https://robertsspaceindustries.com/en/citizens/Fragged
/workspace/check_rsi_handles_v2.py:206: DeprecationWarning: datetime.datetime.utcnow() is deprecated and scheduled for removal in a future version. Use timezone-aware objects to represent datetimes in UTC: datetime.datetime.now(datetime.UTC).
  "checked_at": datetime.utcnow().isoformat() + "Z",

Full results saved to rsi_handle_results_v2.json
