Checking 109 handles — WoW/D2/WC3/RO/MS/Flash/early MMO culture...

   #  CODE  RESULT      HANDLE                     URL
--------------------------------------------------------------------------------------------------------------
[  1/109]   404  AVAILABLE   barrens                    https://robertsspaceindustries.com/en/citizens/barrens
[  2/109]   200  TAKEN       elwynn                     https://robertsspaceindustries.com/en/citizens/elwynn
[  3/109]   200  TAKEN       westfall                   https://robertsspaceindustries.com/en/citizens/westfall
[  4/109]   200  TAKEN       duskwood                   https://robertsspaceindustries.com/en/citizens/duskwood
[  5/109]   404  AVAILABLE   stranglethorn              https://robertsspaceindustries.com/en/citizens/stranglethorn
[  6/109]   200  TAKEN       tanaris                    https://robertsspaceindustries.com/en/citizens/tanaris
[  7/109]   200  TAKEN       ungoro                     https://robertsspaceindustries.com/en/citizens/ungoro
[  8/109]   404  AVAILABLE   silithus                   https://robertsspaceindustries.com/en/citizens/silithus
[  9/109]   200  TAKEN       winterspring               https://robertsspaceindustries.com/en/citizens/winterspring
[ 10/109]   404  AVAILABLE   felwood                    https://robertsspaceindustries.com/en/citizens/felwood
[ 11/109]   200  TAKEN       ashenvale                  https://robertsspaceindustries.com/en/citizens/ashenvale
[ 12/109]   200  TAKEN       redridge                   https://robertsspaceindustries.com/en/citizens/redridge
[ 13/109]   404  AVAILABLE   lochmodan                  https://robertsspaceindustries.com/en/citizens/lochmodan
[ 14/109]   404  AVAILABLE   wetlands                   https://robertsspaceindustries.com/en/citizens/wetlands
[ 15/109]   404  AVAILABLE   deadmines                  https://robertsspaceindustries.com/en/citizens/deadmines
[ 16/109]   200  TAKEN       wailing                    https://robertsspaceindustries.com/en/citizens/wailing
[ 17/109]   200  TAKEN       ragefire                   https://robertsspaceindustries.com/en/citizens/ragefire
[ 18/109]   200  TAKEN       scarlet                    https://robertsspaceindustries.com/en/citizens/scarlet
[ 19/109]   404  AVAILABLE   stratholme                 https://robertsspaceindustries.com/en/citizens/stratholme
[ 20/109]   404  AVAILABLE   scholomance                https://robertsspaceindustries.com/en/citizens/scholomance
[ 21/109]   404  AVAILABLE   gnomeregan                 https://robertsspaceindustries.com/en/citizens/gnomeregan
[ 22/109]   404  AVAILABLE   uldaman                    https://robertsspaceindustries.com/en/citizens/uldaman
[ 23/109]   404  AVAILABLE   mauradon                   https://robertsspaceindustries.com/en/citizens/mauradon
[ 24/109]   200  TAKEN       razorfen                   https://robertsspaceindustries.com/en/citizens/razorfen
[ 25/109]   404  AVAILABLE   zulgurub                   https://robertsspaceindustries.com/en/citizens/zulgurub
[ 26/109]   200  TAKEN       moltencore                 https://robertsspaceindustries.com/en/citizens/moltencore
[ 27/109]   200  TAKEN       blackwing                  https://robertsspaceindustries.com/en/citizens/blackwing
[ 28/109]   200  TAKEN       onyxia                     https://robertsspaceindustries.com/en/citizens/onyxia
[ 29/109]   200  TAKEN       naxxramas                  https://robertsspaceindustries.com/en/citizens/naxxramas
[ 30/109]   200  TAKEN       ahnqiraj                   https://robertsspaceindustries.com/en/citizens/ahnqiraj
[ 31/109]   200  TAKEN       warsong                    https://robertsspaceindustries.com/en/citizens/warsong
[ 32/109]   404  AVAILABLE   arathibasin                https://robertsspaceindustries.com/en/citizens/arathibasin
[ 33/109]   200  TAKEN       alterac                    https://robertsspaceindustries.com/en/citizens/alterac
[ 34/109]   200  TAKEN       moardots                   https://robertsspaceindustries.com/en/citizens/moardots
[ 35/109]   404  AVAILABLE   lessdots                   https://robertsspaceindustries.com/en/citizens/lessdots
[ 36/109]   404  AVAILABLE   wipefest                   https://robertsspaceindustries.com/en/citizens/wipefest
[ 37/109]   404  AVAILABLE   patchday                   https://robertsspaceindustries.com/en/citizens/patchday
[ 38/109]   404  AVAILABLE   realmdown                  https://robertsspaceindustries.com/en/citizens/realmdown
[ 39/109]   404  AVAILABLE   maintmode                  https://robertsspaceindustries.com/en/citizens/maintmode
[ 40/109]   404  AVAILABLE   donotagro                  https://robertsspaceindustries.com/en/citizens/donotagro
[ 41/109]   200  TAKEN       paladin                    https://robertsspaceindustries.com/en/citizens/paladin
[ 42/109]   200  TAKEN       warlock                    https://robertsspaceindustries.com/en/citizens/warlock
[ 43/109]   200  TAKEN       druid                      https://robertsspaceindustries.com/en/citizens/druid
[ 44/109]   200  TAKEN       shaman                     https://robertsspaceindustries.com/en/citizens/shaman
[ 45/109]   200  TAKEN       rogue                      https://robertsspaceindustries.com/en/citizens/rogue
[ 46/109]   200  TAKEN       hunter                     https://robertsspaceindustries.com/en/citizens/hunter
[ 47/109]   200  TAKEN       warrior                    https://robertsspaceindustries.com/en/citizens/warrior
[ 48/109]   200  TAKEN       zugzug                     https://robertsspaceindustries.com/en/citizens/zugzug
[ 49/109]   200  TAKEN       dabu                       https://robertsspaceindustries.com/en/citizens/dabu
[ 50/109]   404  AVAILABLE   workwork                   https://robertsspaceindustries.com/en/citizens/workwork
[ 51/109]   404  AVAILABLE   soisay                     https://robertsspaceindustries.com/en/citizens/soisay
[ 52/109]   404  AVAILABLE   unitready                  https://robertsspaceindustries.com/en/citizens/unitready
[ 53/109]   200  TAKEN       aiur                       https://robertsspaceindustries.com/en/citizens/aiur
[ 54/109]   200  TAKEN       whatyouwant                https://robertsspaceindustries.com/en/citizens/whatyouwant
[ 55/109]   200  TAKEN       mephisto                   https://robertsspaceindustries.com/en/citizens/mephisto
[ 56/109]   404  AVAILABLE   pindleskin                 https://robertsspaceindustries.com/en/citizens/pindleskin
[ 57/109]   200  TAKEN       andariel                   https://robertsspaceindustries.com/en/citizens/andariel
[ 58/109]   200  TAKEN       duriel                     https://robertsspaceindustries.com/en/citizens/duriel
[ 59/109]   200  TAKEN       hammerdin                  https://robertsspaceindustries.com/en/citizens/hammerdin
[ 60/109]   404  AVAILABLE   javzon                     https://robertsspaceindustries.com/en/citizens/javzon
[ 61/109]   404  AVAILABLE   meteorb                    https://robertsspaceindustries.com/en/citizens/meteorb
[ 62/109]   404  AVAILABLE   trapsin                    https://robertsspaceindustries.com/en/citizens/trapsin
[ 63/109]   404  AVAILABLE   winddruid                  https://robertsspaceindustries.com/en/citizens/winddruid
[ 64/109]   404  AVAILABLE   mfrun                      https://robertsspaceindustries.com/en/citizens/mfrun
[ 65/109]   404  AVAILABLE   fullclear                  https://robertsspaceindustries.com/en/citizens/fullclear
[ 66/109]   200  TAKEN       hardcore                   https://robertsspaceindustries.com/en/citizens/hardcore
[ 67/109]   200  TAKEN       softcore                   https://robertsspaceindustries.com/en/citizens/softcore
[ 68/109]   200  TAKEN       ladder                     https://robertsspaceindustries.com/en/citizens/ladder
[ 69/109]   404  AVAILABLE   nonladder                  https://robertsspaceindustries.com/en/citizens/nonladder
[ 70/109]   404  AVAILABLE   bnetjoin                   https://robertsspaceindustries.com/en/citizens/bnetjoin
[ 71/109]   404  AVAILABLE   prontera                   https://robertsspaceindustries.com/en/citizens/prontera
[ 72/109]   200  TAKEN       midgard                    https://robertsspaceindustries.com/en/citizens/midgard
[ 73/109]   404  AVAILABLE   geffen                     https://robertsspaceindustries.com/en/citizens/geffen
[ 74/109]   200  TAKEN       payon                      https://robertsspaceindustries.com/en/citizens/payon
[ 75/109]   200  TAKEN       aldebaran                  https://robertsspaceindustries.com/en/citizens/aldebaran
[ 76/109]   404  AVAILABLE   henesys                    https://robertsspaceindustries.com/en/citizens/henesys
[ 77/109]   200  TAKEN       orbis                      https://robertsspaceindustries.com/en/citizens/orbis
[ 78/109]   404  AVAILABLE   leafre                     https://robertsspaceindustries.com/en/citizens/leafre
[ 79/109]   200  TAKEN       zakum                      https://robertsspaceindustries.com/en/citizens/zakum
[ 80/109]   404  AVAILABLE   ellinia                    https://robertsspaceindustries.com/en/citizens/ellinia
[ 81/109]   404  AVAILABLE   newgrounds                 https://robertsspaceindustries.com/en/citizens/newgrounds
[ 82/109]   200  TAKEN       miniclip                   https://robertsspaceindustries.com/en/citizens/miniclip
[ 83/109]   200  TAKEN       addicting                  https://robertsspaceindustries.com/en/citizens/addicting
[ 84/109]   404  AVAILABLE   kongregate                 https://robertsspaceindustries.com/en/citizens/kongregate
[ 85/109]   200  TAKEN       shockwave                  https://robertsspaceindustries.com/en/citizens/shockwave
[ 86/109]   404  AVAILABLE   flashgame                  https://robertsspaceindustries.com/en/citizens/flashgame
[ 87/109]   200  TAKEN       stickdeath                 https://robertsspaceindustries.com/en/citizens/stickdeath
[ 88/109]   200  TAKEN       xiao                       https://robertsspaceindustries.com/en/citizens/xiao
[ 89/109]   404  AVAILABLE   tankgame                   https://robertsspaceindustries.com/en/citizens/tankgame
[ 90/109]   200  TAKEN       habbo                      https://robertsspaceindustries.com/en/citizens/habbo
[ 91/109]   404  AVAILABLE   furni                      https://robertsspaceindustries.com/en/citizens/furni
[ 92/109]   404  AVAILABLE   habbocoin                  https://robertsspaceindustries.com/en/citizens/habbocoin
[ 93/109]   404  AVAILABLE   wipeparty                  https://robertsspaceindustries.com/en/citizens/wipeparty
[ 94/109]   404  AVAILABLE   guildwars                  https://robertsspaceindustries.com/en/citizens/guildwars
[ 95/109]   200  TAKEN       lineage                    https://robertsspaceindustries.com/en/citizens/lineage
[ 96/109]   404  AVAILABLE   everquest                  https://robertsspaceindustries.com/en/citizens/everquest
[ 97/109]   200  TAKEN       norrath                    https://robertsspaceindustries.com/en/citizens/norrath
[ 98/109]   200  TAKEN       britannia                  https://robertsspaceindustries.com/en/citizens/britannia
[ 99/109]   200  TAKEN       daoc                       https://robertsspaceindustries.com/en/citizens/daoc
[100/109]   404  AVAILABLE   spawncamp                  https://robertsspaceindustries.com/en/citizens/spawncamp
[101/109]   200  TAKEN       teamkill                   https://robertsspaceindustries.com/en/citizens/teamkill
[102/109]   200  TAKEN       votekick                   https://robertsspaceindustries.com/en/citizens/votekick
[103/109]   200  TAKEN       griefer                    https://robertsspaceindustries.com/en/citizens/griefer
[104/109]   200  TAKEN       lurker                     https://robertsspaceindustries.com/en/citizens/lurker
[105/109]   200  TAKEN       leech                      https://robertsspaceindustries.com/en/citizens/leech
[106/109]   404  AVAILABLE   lootwhore                  https://robertsspaceindustries.com/en/citizens/lootwhore
[107/109]   404  AVAILABLE   ninjaloot                  https://robertsspaceindustries.com/en/citizens/ninjaloot
[108/109]   404  AVAILABLE   rollgreed                  https://robertsspaceindustries.com/en/citizens/rollgreed
[109/109]   404  AVAILABLE   rollneed                   https://robertsspaceindustries.com/en/citizens/rollneed

==============================================================================================================

✅  AVAILABLE (51):
   barrens                         https://robertsspaceindustries.com/en/citizens/barrens
   stranglethorn                   https://robertsspaceindustries.com/en/citizens/stranglethorn
   silithus                        https://robertsspaceindustries.com/en/citizens/silithus
   felwood                         https://robertsspaceindustries.com/en/citizens/felwood
   lochmodan                       https://robertsspaceindustries.com/en/citizens/lochmodan
   wetlands                        https://robertsspaceindustries.com/en/citizens/wetlands
   deadmines                       https://robertsspaceindustries.com/en/citizens/deadmines
   stratholme                      https://robertsspaceindustries.com/en/citizens/stratholme
   scholomance                     https://robertsspaceindustries.com/en/citizens/scholomance
   gnomeregan                      https://robertsspaceindustries.com/en/citizens/gnomeregan
   uldaman                         https://robertsspaceindustries.com/en/citizens/uldaman
   mauradon                        https://robertsspaceindustries.com/en/citizens/mauradon
   zulgurub                        https://robertsspaceindustries.com/en/citizens/zulgurub
   arathibasin                     https://robertsspaceindustries.com/en/citizens/arathibasin
   lessdots                        https://robertsspaceindustries.com/en/citizens/lessdots
   wipefest                        https://robertsspaceindustries.com/en/citizens/wipefest
   patchday                        https://robertsspaceindustries.com/en/citizens/patchday
   realmdown                       https://robertsspaceindustries.com/en/citizens/realmdown
   maintmode                       https://robertsspaceindustries.com/en/citizens/maintmode
   donotagro                       https://robertsspaceindustries.com/en/citizens/donotagro
   workwork                        https://robertsspaceindustries.com/en/citizens/workwork
   soisay                          https://robertsspaceindustries.com/en/citizens/soisay
   unitready                       https://robertsspaceindustries.com/en/citizens/unitready
   pindleskin                      https://robertsspaceindustries.com/en/citizens/pindleskin
   javzon                          https://robertsspaceindustries.com/en/citizens/javzon
   meteorb                         https://robertsspaceindustries.com/en/citizens/meteorb
   trapsin                         https://robertsspaceindustries.com/en/citizens/trapsin
   winddruid                       https://robertsspaceindustries.com/en/citizens/winddruid
   mfrun                           https://robertsspaceindustries.com/en/citizens/mfrun
   fullclear                       https://robertsspaceindustries.com/en/citizens/fullclear
   nonladder                       https://robertsspaceindustries.com/en/citizens/nonladder
   bnetjoin                        https://robertsspaceindustries.com/en/citizens/bnetjoin
   prontera                        https://robertsspaceindustries.com/en/citizens/prontera
   geffen                          https://robertsspaceindustries.com/en/citizens/geffen
   henesys                         https://robertsspaceindustries.com/en/citizens/henesys
   leafre                          https://robertsspaceindustries.com/en/citizens/leafre
   ellinia                         https://robertsspaceindustries.com/en/citizens/ellinia
   newgrounds                      https://robertsspaceindustries.com/en/citizens/newgrounds
   kongregate                      https://robertsspaceindustries.com/en/citizens/kongregate
   flashgame                       https://robertsspaceindustries.com/en/citizens/flashgame
   tankgame                        https://robertsspaceindustries.com/en/citizens/tankgame
   furni                           https://robertsspaceindustries.com/en/citizens/furni
   habbocoin                       https://robertsspaceindustries.com/en/citizens/habbocoin
   wipeparty                       https://robertsspaceindustries.com/en/citizens/wipeparty
   guildwars                       https://robertsspaceindustries.com/en/citizens/guildwars
   everquest                       https://robertsspaceindustries.com/en/citizens/everquest
   spawncamp                       https://robertsspaceindustries.com/en/citizens/spawncamp
   lootwhore                       https://robertsspaceindustries.com/en/citizens/lootwhore
   ninjaloot                       https://robertsspaceindustries.com/en/citizens/ninjaloot
   rollgreed                       https://robertsspaceindustries.com/en/citizens/rollgreed
   rollneed                        https://robertsspaceindustries.com/en/citizens/rollneed

❌  TAKEN (58):
   elwynn                          https://robertsspaceindustries.com/en/citizens/elwynn
   westfall                        https://robertsspaceindustries.com/en/citizens/westfall
   duskwood                        https://robertsspaceindustries.com/en/citizens/duskwood
   tanaris                         https://robertsspaceindustries.com/en/citizens/tanaris
   ungoro                          https://robertsspaceindustries.com/en/citizens/ungoro
   winterspring                    https://robertsspaceindustries.com/en/citizens/winterspring
   ashenvale                       https://robertsspaceindustries.com/en/citizens/ashenvale
   redridge                        https://robertsspaceindustries.com/en/citizens/redridge
   wailing                         https://robertsspaceindustries.com/en/citizens/wailing
   ragefire                        https://robertsspaceindustries.com/en/citizens/ragefire
   scarlet                         https://robertsspaceindustries.com/en/citizens/scarlet
   razorfen                        https://robertsspaceindustries.com/en/citizens/razorfen
   moltencore                      https://robertsspaceindustries.com/en/citizens/moltencore
   blackwing                       https://robertsspaceindustries.com/en/citizens/blackwing
   onyxia                          https://robertsspaceindustries.com/en/citizens/onyxia
   naxxramas                       https://robertsspaceindustries.com/en/citizens/naxxramas
   ahnqiraj                        https://robertsspaceindustries.com/en/citizens/ahnqiraj
   warsong                         https://robertsspaceindustries.com/en/citizens/warsong
   alterac                         https://robertsspaceindustries.com/en/citizens/alterac
   moardots                        https://robertsspaceindustries.com/en/citizens/moardots
   paladin                         https://robertsspaceindustries.com/en/citizens/paladin
   warlock                         https://robertsspaceindustries.com/en/citizens/warlock
   druid                           https://robertsspaceindustries.com/en/citizens/druid
   shaman                          https://robertsspaceindustries.com/en/citizens/shaman
   rogue                           https://robertsspaceindustries.com/en/citizens/rogue
   hunter                          https://robertsspaceindustries.com/en/citizens/hunter
   warrior                         https://robertsspaceindustries.com/en/citizens/warrior
   zugzug                          https://robertsspaceindustries.com/en/citizens/zugzug
   dabu                            https://robertsspaceindustries.com/en/citizens/dabu
   aiur                            https://robertsspaceindustries.com/en/citizens/aiur
   whatyouwant                     https://robertsspaceindustries.com/en/citizens/whatyouwant
   mephisto                        https://robertsspaceindustries.com/en/citizens/mephisto
   andariel                        https://robertsspaceindustries.com/en/citizens/andariel
   duriel                          https://robertsspaceindustries.com/en/citizens/duriel
   hammerdin                       https://robertsspaceindustries.com/en/citizens/hammerdin
   hardcore                        https://robertsspaceindustries.com/en/citizens/hardcore
   softcore                        https://robertsspaceindustries.com/en/citizens/softcore
   ladder                          https://robertsspaceindustries.com/en/citizens/ladder
   midgard                         https://robertsspaceindustries.com/en/citizens/midgard
   payon                           https://robertsspaceindustries.com/en/citizens/payon
   aldebaran                       https://robertsspaceindustries.com/en/citizens/aldebaran
   orbis                           https://robertsspaceindustries.com/en/citizens/orbis
   zakum                           https://robertsspaceindustries.com/en/citizens/zakum
   miniclip                        https://robertsspaceindustries.com/en/citizens/miniclip
   addicting                       https://robertsspaceindustries.com/en/citizens/addicting
   shockwave                       https://robertsspaceindustries.com/en/citizens/shockwave
   stickdeath                      https://robertsspaceindustries.com/en/citizens/stickdeath
   xiao                            https://robertsspaceindustries.com/en/citizens/xiao
   habbo                           https://robertsspaceindustries.com/en/citizens/habbo
   lineage                         https://robertsspaceindustries.com/en/citizens/lineage
   norrath                         https://robertsspaceindustries.com/en/citizens/norrath
   britannia                       https://robertsspaceindustries.com/en/citizens/britannia
   daoc                            https://robertsspaceindustries.com/en/citizens/daoc
   teamkill                        https://robertsspaceindustries.com/en/citizens/teamkill
   votekick                        https://robertsspaceindustries.com/en/citizens/votekick
   griefer                         https://robertsspaceindustries.com/en/citizens/griefer
   lurker                          https://robertsspaceindustries.com/en/citizens/lurker
   leech                           https://robertsspaceindustries.com/en/citizens/leech
/workspace/check_rsi_handles_v10.py:228: DeprecationWarning: datetime.datetime.utcnow() is deprecated and scheduled for removal in a future version. Use timezone-aware objects to represent datetimes in UTC: datetime.datetime.now(datetime.UTC).
  "checked_at": datetime.utcnow().isoformat() + "Z",

Results saved to rsi_handle_results_v10.json
