Checking 77 handles (dust2 variants + Diablo 2 era)...

   #  CODE  RESULT      HANDLE                     URL
--------------------------------------------------------------------------------------------------------------
[  1/77]   200  TAKEN       Dust2                      https://robertsspaceindustries.com/en/citizens/Dust2
[  2/77]   404  AVAILABLE   DeDust2                    https://robertsspaceindustries.com/en/citizens/DeDust2
[  3/77]   404  AVAILABLE   DeDust                     https://robertsspaceindustries.com/en/citizens/DeDust
[  4/77]   200  TAKEN       LongA                      https://robertsspaceindustries.com/en/citizens/LongA
[  5/77]   200  TAKEN       ShortA                     https://robertsspaceindustries.com/en/citizens/ShortA
[  6/77]   404  AVAILABLE   BombsiteA                  https://robertsspaceindustries.com/en/citizens/BombsiteA
[  7/77]   404  AVAILABLE   BombsiteB                  https://robertsspaceindustries.com/en/citizens/BombsiteB
[  8/77]   404  AVAILABLE   MidDoors                   https://robertsspaceindustries.com/en/citizens/MidDoors
[  9/77]   200  TAKEN       Tunnels                    https://robertsspaceindustries.com/en/citizens/Tunnels
[ 10/77]   200  TAKEN       Catwalk                    https://robertsspaceindustries.com/en/citizens/Catwalk
[ 11/77]   200  TAKEN       Goose                      https://robertsspaceindustries.com/en/citizens/Goose
[ 12/77]   200  TAKEN       Xbox                       https://robertsspaceindustries.com/en/citizens/Xbox
[ 13/77]   404  AVAILABLE   LongDoors                  https://robertsspaceindustries.com/en/citizens/LongDoors
[ 14/77]   404  AVAILABLE   UpperTunnel                https://robertsspaceindustries.com/en/citizens/UpperTunnel
[ 15/77]   404  AVAILABLE   LowerTunnel                https://robertsspaceindustries.com/en/citizens/LowerTunnel
[ 16/77]   404  AVAILABLE   CTSpawn                    https://robertsspaceindustries.com/en/citizens/CTSpawn
[ 17/77]   200  TAKEN       TSpawn                     https://robertsspaceindustries.com/en/citizens/TSpawn
[ 18/77]   404  AVAILABLE   BananaInfoerno             https://robertsspaceindustries.com/en/citizens/BananaInfoerno
[ 19/77]   200  TAKEN       Mephisto                   https://robertsspaceindustries.com/en/citizens/Mephisto
[ 20/77]   200  TAKEN       Baal                       https://robertsspaceindustries.com/en/citizens/Baal
[ 21/77]   200  TAKEN       Andariel                   https://robertsspaceindustries.com/en/citizens/Andariel
[ 22/77]   200  TAKEN       Duriel                     https://robertsspaceindustries.com/en/citizens/Duriel
[ 23/77]   404  AVAILABLE   Pindleskin                 https://robertsspaceindustries.com/en/citizens/Pindleskin
[ 24/77]   200  TAKEN       Tyrael                     https://robertsspaceindustries.com/en/citizens/Tyrael
[ 25/77]   200  TAKEN       Izual                      https://robertsspaceindustries.com/en/citizens/Izual
[ 26/77]   200  TAKEN       Diablo2                    https://robertsspaceindustries.com/en/citizens/Diablo2
[ 27/77]   404  AVAILABLE   Travincal                  https://robertsspaceindustries.com/en/citizens/Travincal
[ 28/77]   404  AVAILABLE   ChaosSanctuary             https://robertsspaceindustries.com/en/citizens/ChaosSanctuary
[ 29/77]   404  AVAILABLE   MaggotLair                 https://robertsspaceindustries.com/en/citizens/MaggotLair
[ 30/77]   404  AVAILABLE   DuranceOfHate              https://robertsspaceindustries.com/en/citizens/DuranceOfHate
[ 31/77]   404  AVAILABLE   CowLevel                   https://robertsspaceindustries.com/en/citizens/CowLevel
[ 32/77]   404  AVAILABLE   SecretCowLevel             https://robertsspaceindustries.com/en/citizens/SecretCowLevel
[ 33/77]   200  TAKEN       MooMooFarm                 https://robertsspaceindustries.com/en/citizens/MooMooFarm
[ 34/77]   200  TAKEN       TalRasha                   https://robertsspaceindustries.com/en/citizens/TalRasha
[ 35/77]   200  TAKEN       Worldstone                 https://robertsspaceindustries.com/en/citizens/Worldstone
[ 36/77]   404  AVAILABLE   Harrogath                  https://robertsspaceindustries.com/en/citizens/Harrogath
[ 37/77]   200  TAKEN       Hammerdin                  https://robertsspaceindustries.com/en/citizens/Hammerdin
[ 38/77]   200  TAKEN       Necromancer                https://robertsspaceindustries.com/en/citizens/Necromancer
[ 39/77]   200  TAKEN       Sorceress                  https://robertsspaceindustries.com/en/citizens/Sorceress
[ 40/77]   404  AVAILABLE   Fishymancer                https://robertsspaceindustries.com/en/citizens/Fishymancer
[ 41/77]   404  AVAILABLE   Bowazon                    https://robertsspaceindustries.com/en/citizens/Bowazon
[ 42/77]   404  AVAILABLE   Javazon                    https://robertsspaceindustries.com/en/citizens/Javazon
[ 43/77]   200  TAKEN       Whirlwind                  https://robertsspaceindustries.com/en/citizens/Whirlwind
[ 44/77]   200  TAKEN       Smiter                     https://robertsspaceindustries.com/en/citizens/Smiter
[ 45/77]   404  AVAILABLE   MFSorc                     https://robertsspaceindustries.com/en/citizens/MFSorc
[ 46/77]   200  TAKEN       Enigma                     https://robertsspaceindustries.com/en/citizens/Enigma
[ 47/77]   200  TAKEN       Shako                      https://robertsspaceindustries.com/en/citizens/Shako
[ 48/77]   200  TAKEN       Annihilus                  https://robertsspaceindustries.com/en/citizens/Annihilus
[ 49/77]   404  AVAILABLE   StoneOfJordan              https://robertsspaceindustries.com/en/citizens/StoneOfJordan
[ 50/77]   200  TAKEN       Windforce                  https://robertsspaceindustries.com/en/citizens/Windforce
[ 51/77]   200  TAKEN       Zod                        https://robertsspaceindustries.com/en/citizens/Zod
[ 52/77]   404  AVAILABLE   BerRune                    https://robertsspaceindustries.com/en/citizens/BerRune
[ 53/77]   404  AVAILABLE   ZodRune                    https://robertsspaceindustries.com/en/citizens/ZodRune
[ 54/77]   200  TAKEN       Hellfire                   https://robertsspaceindustries.com/en/citizens/Hellfire
[ 55/77]   200  TAKEN       Stormshield                https://robertsspaceindustries.com/en/citizens/Stormshield
[ 56/77]   200  TAKEN       Oculus                     https://robertsspaceindustries.com/en/citizens/Oculus
[ 57/77]   200  TAKEN       Thunderstroke              https://robertsspaceindustries.com/en/citizens/Thunderstroke
[ 58/77]   404  AVAILABLE   BaalRun                    https://robertsspaceindustries.com/en/citizens/BaalRun
[ 59/77]   404  AVAILABLE   MephRun                    https://robertsspaceindustries.com/en/citizens/MephRun
[ 60/77]   404  AVAILABLE   CowRun                     https://robertsspaceindustries.com/en/citizens/CowRun
[ 61/77]   404  AVAILABLE   Rushme                     https://robertsspaceindustries.com/en/citizens/Rushme
[ 62/77]   404  AVAILABLE   LadderReset                https://robertsspaceindustries.com/en/citizens/LadderReset
[ 63/77]   200  TAKEN       Hardcore                   https://robertsspaceindustries.com/en/citizens/Hardcore
[ 64/77]   200  TAKEN       Softcore                   https://robertsspaceindustries.com/en/citizens/Softcore
[ 65/77]   404  AVAILABLE   HCDied                     https://robertsspaceindustries.com/en/citizens/HCDied
[ 66/77]   404  AVAILABLE   OpenBnet                   https://robertsspaceindustries.com/en/citizens/OpenBnet
[ 67/77]   200  TAKEN       NineLives                  https://robertsspaceindustries.com/en/citizens/NineLives
[ 68/77]   404  AVAILABLE   SojTrade                   https://robertsspaceindustries.com/en/citizens/SojTrade
[ 69/77]   404  AVAILABLE   PacketTeleport             https://robertsspaceindustries.com/en/citizens/PacketTeleport
[ 70/77]   404  AVAILABLE   TheMuler                   https://robertsspaceindustries.com/en/citizens/TheMuler
[ 71/77]   404  AVAILABLE   HostileMe                  https://robertsspaceindustries.com/en/citizens/HostileMe
[ 72/77]   404  AVAILABLE   PinLe                      https://robertsspaceindustries.com/en/citizens/PinLe
[ 73/77]   404  AVAILABLE   GrandCharm                 https://robertsspaceindustries.com/en/citizens/GrandCharm
[ 74/77]   404  AVAILABLE   PerfectGem                 https://robertsspaceindustries.com/en/citizens/PerfectGem
[ 75/77]   404  AVAILABLE   HoradricCube               https://robertsspaceindustries.com/en/citizens/HoradricCube
[ 76/77]   404  AVAILABLE   Transmute                  https://robertsspaceindustries.com/en/citizens/Transmute
[ 77/77]   404  AVAILABLE   ThreePerfect               https://robertsspaceindustries.com/en/citizens/ThreePerfect

==============================================================================================================
SUMMARY
==============================================================================================================

✅  AVAILABLE (42):
   DeDust2                         https://robertsspaceindustries.com/en/citizens/DeDust2
   DeDust                          https://robertsspaceindustries.com/en/citizens/DeDust
   BombsiteA                       https://robertsspaceindustries.com/en/citizens/BombsiteA
   BombsiteB                       https://robertsspaceindustries.com/en/citizens/BombsiteB
   MidDoors                        https://robertsspaceindustries.com/en/citizens/MidDoors
   LongDoors                       https://robertsspaceindustries.com/en/citizens/LongDoors
   UpperTunnel                     https://robertsspaceindustries.com/en/citizens/UpperTunnel
   LowerTunnel                     https://robertsspaceindustries.com/en/citizens/LowerTunnel
   CTSpawn                         https://robertsspaceindustries.com/en/citizens/CTSpawn
   BananaInfoerno                  https://robertsspaceindustries.com/en/citizens/BananaInfoerno
   Pindleskin                      https://robertsspaceindustries.com/en/citizens/Pindleskin
   Travincal                       https://robertsspaceindustries.com/en/citizens/Travincal
   ChaosSanctuary                  https://robertsspaceindustries.com/en/citizens/ChaosSanctuary
   MaggotLair                      https://robertsspaceindustries.com/en/citizens/MaggotLair
   DuranceOfHate                   https://robertsspaceindustries.com/en/citizens/DuranceOfHate
   CowLevel                        https://robertsspaceindustries.com/en/citizens/CowLevel
   SecretCowLevel                  https://robertsspaceindustries.com/en/citizens/SecretCowLevel
   Harrogath                       https://robertsspaceindustries.com/en/citizens/Harrogath
   Fishymancer                     https://robertsspaceindustries.com/en/citizens/Fishymancer
   Bowazon                         https://robertsspaceindustries.com/en/citizens/Bowazon
   Javazon                         https://robertsspaceindustries.com/en/citizens/Javazon
   MFSorc                          https://robertsspaceindustries.com/en/citizens/MFSorc
   StoneOfJordan                   https://robertsspaceindustries.com/en/citizens/StoneOfJordan
   BerRune                         https://robertsspaceindustries.com/en/citizens/BerRune
   ZodRune                         https://robertsspaceindustries.com/en/citizens/ZodRune
   BaalRun                         https://robertsspaceindustries.com/en/citizens/BaalRun
   MephRun                         https://robertsspaceindustries.com/en/citizens/MephRun
   CowRun                          https://robertsspaceindustries.com/en/citizens/CowRun
   Rushme                          https://robertsspaceindustries.com/en/citizens/Rushme
   LadderReset                     https://robertsspaceindustries.com/en/citizens/LadderReset
   HCDied                          https://robertsspaceindustries.com/en/citizens/HCDied
   OpenBnet                        https://robertsspaceindustries.com/en/citizens/OpenBnet
   SojTrade                        https://robertsspaceindustries.com/en/citizens/SojTrade
   PacketTeleport                  https://robertsspaceindustries.com/en/citizens/PacketTeleport
   TheMuler                        https://robertsspaceindustries.com/en/citizens/TheMuler
   HostileMe                       https://robertsspaceindustries.com/en/citizens/HostileMe
   PinLe                           https://robertsspaceindustries.com/en/citizens/PinLe
   GrandCharm                      https://robertsspaceindustries.com/en/citizens/GrandCharm
   PerfectGem                      https://robertsspaceindustries.com/en/citizens/PerfectGem
   HoradricCube                    https://robertsspaceindustries.com/en/citizens/HoradricCube
   Transmute                       https://robertsspaceindustries.com/en/citizens/Transmute
   ThreePerfect                    https://robertsspaceindustries.com/en/citizens/ThreePerfect

❌  TAKEN (35):
   Dust2                           https://robertsspaceindustries.com/en/citizens/Dust2
   LongA                           https://robertsspaceindustries.com/en/citizens/LongA
   ShortA                          https://robertsspaceindustries.com/en/citizens/ShortA
   Tunnels                         https://robertsspaceindustries.com/en/citizens/Tunnels
   Catwalk                         https://robertsspaceindustries.com/en/citizens/Catwalk
   Goose                           https://robertsspaceindustries.com/en/citizens/Goose
   Xbox                            https://robertsspaceindustries.com/en/citizens/Xbox
   TSpawn                          https://robertsspaceindustries.com/en/citizens/TSpawn
   Mephisto                        https://robertsspaceindustries.com/en/citizens/Mephisto
   Baal                            https://robertsspaceindustries.com/en/citizens/Baal
   Andariel                        https://robertsspaceindustries.com/en/citizens/Andariel
   Duriel                          https://robertsspaceindustries.com/en/citizens/Duriel
   Tyrael                          https://robertsspaceindustries.com/en/citizens/Tyrael
   Izual                           https://robertsspaceindustries.com/en/citizens/Izual
   Diablo2                         https://robertsspaceindustries.com/en/citizens/Diablo2
   MooMooFarm                      https://robertsspaceindustries.com/en/citizens/MooMooFarm
   TalRasha                        https://robertsspaceindustries.com/en/citizens/TalRasha
   Worldstone                      https://robertsspaceindustries.com/en/citizens/Worldstone
   Hammerdin                       https://robertsspaceindustries.com/en/citizens/Hammerdin
   Necromancer                     https://robertsspaceindustries.com/en/citizens/Necromancer
   Sorceress                       https://robertsspaceindustries.com/en/citizens/Sorceress
   Whirlwind                       https://robertsspaceindustries.com/en/citizens/Whirlwind
   Smiter                          https://robertsspaceindustries.com/en/citizens/Smiter
   Enigma                          https://robertsspaceindustries.com/en/citizens/Enigma
   Shako                           https://robertsspaceindustries.com/en/citizens/Shako
   Annihilus                       https://robertsspaceindustries.com/en/citizens/Annihilus
   Windforce                       https://robertsspaceindustries.com/en/citizens/Windforce
   Zod                             https://robertsspaceindustries.com/en/citizens/Zod
   Hellfire                        https://robertsspaceindustries.com/en/citizens/Hellfire
   Stormshield                     https://robertsspaceindustries.com/en/citizens/Stormshield
   Oculus                          https://robertsspaceindustries.com/en/citizens/Oculus
   Thunderstroke                   https://robertsspaceindustries.com/en/citizens/Thunderstroke
   Hardcore                        https://robertsspaceindustries.com/en/citizens/Hardcore
   Softcore                        https://robertsspaceindustries.com/en/citizens/Softcore
   NineLives                       https://robertsspaceindustries.com/en/citizens/NineLives
/workspace/check_rsi_handles_v5.py:185: DeprecationWarning: datetime.datetime.utcnow() is deprecated and scheduled for removal in a future version. Use timezone-aware objects to represent datetimes in UTC: datetime.datetime.now(datetime.UTC).
  "checked_at": datetime.utcnow().isoformat() + "Z",

Full results saved to rsi_handle_results_v5.json
